<?xml version="1.0" encoding="utf-8"?>
<TestRun id="24954a5c-010c-4509-9ae8-5575a599fbac" name="Raihan@DESKTOP-QSMFJFT 2025-07-16 13:29:45" runUser="DESKTOP-QSMFJFT\Raihan" xmlns="http://microsoft.com/schemas/VisualStudio/TeamTest/2010">
  <Times creation="2025-07-16T13:29:45.4242445+06:00" queuing="2025-07-16T13:29:45.4242447+06:00" start="2025-07-16T13:29:45.0281228+06:00" finish="2025-07-16T13:29:45.8166995+06:00" />
  <TestSettings name="default" id="b732670c-ae78-4285-abd5-cccde815ff5c">
    <Deployment runDeploymentRoot="Raihan_DESKTOP-QSMFJFT_2025-07-16_13_29_45" />
  </TestSettings>
  <Results>
    <UnitTestResult executionId="c5245092-e80c-4a90-93be-85fbe9566b0b" testId="c9175aef-1820-23f2-3f54-b83bcd848d99" testName="BlogApp.UnitTests.Validators.CreateBlogPostCommandValidatorTests.Validate_WithValidData_ShouldPass" computerName="DESKTOP-QSMFJFT" duration="00:00:00.0004126" startTime="2025-07-16T13:29:45.4176963+06:00" endTime="2025-07-16T13:29:45.4176964+06:00" testType="13cdc9d9-ddb5-4fa4-a97d-d965ccfc6d4b" outcome="Passed" testListId="8c84fa94-04c1-424b-9868-57a2d4851a1d" relativeResultsDirectory="c5245092-e80c-4a90-93be-85fbe9566b0b" />
    <UnitTestResult executionId="081969c6-2f14-4670-87d0-99f56e2f8fdf" testId="002fa0d5-6820-15a8-1781-fbc45cbba15a" testName="BlogApp.UnitTests.Services.AuthServiceTests.LoginAsync_WithInvalidEmail_ShouldReturnFailureResponse" computerName="DESKTOP-QSMFJFT" duration="00:00:00.0012962" startTime="2025-07-16T13:29:45.4891476+06:00" endTime="2025-07-16T13:29:45.4891477+06:00" testType="13cdc9d9-ddb5-4fa4-a97d-d965ccfc6d4b" outcome="Failed" testListId="8c84fa94-04c1-424b-9868-57a2d4851a1d" relativeResultsDirectory="081969c6-2f14-4670-87d0-99f56e2f8fdf">
      <Output>
        <ErrorInfo>
          <Message>Expected result.Message "Invalid email or password" to contain "Invalid credentials".</Message>
          <StackTrace>   at FluentAssertions.Execution.LateBoundTestFramework.Throw(String message)&#xD;
   at FluentAssertions.Execution.DefaultAssertionStrategy.HandleFailure(String message)&#xD;
   at FluentAssertions.Execution.AssertionScope.AddPreFormattedFailure(String formattedFailureMessage)&#xD;
   at FluentAssertions.Execution.AssertionChain.FailWith(Func`1 getFailureReason)&#xD;
   at FluentAssertions.Execution.AssertionChain.FailWith(Func`1 getFailureReason)&#xD;
   at FluentAssertions.Execution.AssertionChain.FailWith(String message, Object[] args)&#xD;
   at FluentAssertions.Primitives.StringAssertions`1.Contain(String expected, String because, Object[] becauseArgs)&#xD;
   at BlogApp.UnitTests.Services.AuthServiceTests.LoginAsync_WithInvalidEmail_ShouldReturnFailureResponse() in D:\GitHub\Clean-Architecture\Tests\BlogApp.UnitTests\Services\AuthServiceTests.cs:line 77&#xD;
--- End of stack trace from previous location ---</StackTrace>
        </ErrorInfo>
      </Output>
    </UnitTestResult>
    <UnitTestResult executionId="2f21c984-5e82-4e56-8e9c-8ed7cf7f2c66" testId="c22f09d1-f42f-ead5-382f-2642800fb396" testName="BlogApp.UnitTests.Services.AuthServiceTests.RegisterAsync_WithUserCreationFailure_ShouldReturnFailureResponse" computerName="DESKTOP-QSMFJFT" duration="00:00:00.0025045" startTime="2025-07-16T13:29:45.4976596+06:00" endTime="2025-07-16T13:29:45.4976597+06:00" testType="13cdc9d9-ddb5-4fa4-a97d-d965ccfc6d4b" outcome="Failed" testListId="8c84fa94-04c1-424b-9868-57a2d4851a1d" relativeResultsDirectory="2f21c984-5e82-4e56-8e9c-8ed7cf7f2c66">
      <Output>
        <ErrorInfo>
          <Message>Expected result.Message "Registration failed" to contain "User creation failed".</Message>
          <StackTrace>   at FluentAssertions.Execution.LateBoundTestFramework.Throw(String message)&#xD;
   at FluentAssertions.Execution.DefaultAssertionStrategy.HandleFailure(String message)&#xD;
   at FluentAssertions.Execution.AssertionScope.AddPreFormattedFailure(String formattedFailureMessage)&#xD;
   at FluentAssertions.Execution.AssertionChain.FailWith(Func`1 getFailureReason)&#xD;
   at FluentAssertions.Execution.AssertionChain.FailWith(Func`1 getFailureReason)&#xD;
   at FluentAssertions.Execution.AssertionChain.FailWith(String message, Object[] args)&#xD;
   at FluentAssertions.Primitives.StringAssertions`1.Contain(String expected, String because, Object[] becauseArgs)&#xD;
   at BlogApp.UnitTests.Services.AuthServiceTests.RegisterAsync_WithUserCreationFailure_ShouldReturnFailureResponse() in D:\GitHub\Clean-Architecture\Tests\BlogApp.UnitTests\Services\AuthServiceTests.cs:line 269&#xD;
--- End of stack trace from previous location ---</StackTrace>
        </ErrorInfo>
      </Output>
    </UnitTestResult>
    <UnitTestResult executionId="86705e4d-3341-49c0-af14-de5b15653eac" testId="3f077a6a-9009-b815-0e57-e7e61780a0be" testName="BlogApp.UnitTests.Factories.UnitOfWorkFactoryTests.CreateCommandUnitOfWork_ShouldCreateValidContext" computerName="DESKTOP-QSMFJFT" duration="00:00:00.0002883" startTime="2025-07-16T13:29:45.4674390+06:00" endTime="2025-07-16T13:29:45.4674392+06:00" testType="13cdc9d9-ddb5-4fa4-a97d-d965ccfc6d4b" outcome="Failed" testListId="8c84fa94-04c1-424b-9868-57a2d4851a1d" relativeResultsDirectory="86705e4d-3341-49c0-af14-de5b15653eac">
      <Output>
        <ErrorInfo>
          <Message>System.NotSupportedException : Unsupported expression: x =&gt; x.GetConnectionString("CommandConnection")&#xD;
Extension methods (here: ConfigurationExtensions.GetConnectionString) may not be used in setup / verification expressions.</Message>
          <StackTrace>   at Moq.Guard.IsOverridable(MethodInfo method, Expression expression) in /_/src/Moq/Guard.cs:line 87&#xD;
   at Moq.MethodExpectation..ctor(LambdaExpression expression, MethodInfo method, IReadOnlyList`1 arguments, Boolean exactGenericTypeArguments, Boolean skipMatcherInitialization, Boolean allowNonOverridable) in /_/src/Moq/MethodExpectation.cs:line 87&#xD;
   at Moq.ExpressionExtensions.&lt;Split&gt;g__Split|5_0(Expression e, Expression&amp; r, MethodExpectation&amp; p, Boolean assignment, Boolean allowNonOverridableLastProperty) in /_/src/Moq/ExpressionExtensions.cs:line 235&#xD;
   at Moq.ExpressionExtensions.Split(LambdaExpression expression, Boolean allowNonOverridableLastProperty) in /_/src/Moq/ExpressionExtensions.cs:line 149&#xD;
   at Moq.Mock.SetupRecursive[TSetup](Mock mock, LambdaExpression expression, Func`4 setupLast, Boolean allowNonOverridableLastProperty) in /_/src/Moq/Mock.cs:line 645&#xD;
   at Moq.Mock.Setup(Mock mock, LambdaExpression expression, Condition condition) in /_/src/Moq/Mock.cs:line 500&#xD;
   at Moq.Mock`1.Setup[TResult](Expression`1 expression) in /_/src/Moq/Mock`1.cs:line 452&#xD;
   at BlogApp.UnitTests.Factories.UnitOfWorkFactoryTests.SetupConfigurationForCommandDb() in D:\GitHub\Clean-Architecture\Tests\BlogApp.UnitTests\Factories\UnitOfWorkFactoryTests.cs:line 105&#xD;
   at BlogApp.UnitTests.Factories.UnitOfWorkFactoryTests.CreateCommandUnitOfWork_ShouldCreateValidContext() in D:\GitHub\Clean-Architecture\Tests\BlogApp.UnitTests\Factories\UnitOfWorkFactoryTests.cs:line 78&#xD;
   at System.RuntimeMethodHandle.InvokeMethod(Object target, Void** arguments, Signature sig, Boolean isConstructor)&#xD;
   at System.Reflection.MethodBaseInvoker.InvokeWithNoArgs(Object obj, BindingFlags invokeAttr)</StackTrace>
        </ErrorInfo>
      </Output>
    </UnitTestResult>
    <UnitTestResult executionId="827e6534-a2e6-4575-909e-357ed7ffb0d4" testId="23148289-78d3-9a33-f278-c068ea01e7fe" testName="BlogApp.UnitTests.Validators.CreateBlogPostCommandValidatorTests.Validate_WithEmptyContent_ShouldFail" computerName="DESKTOP-QSMFJFT" duration="00:00:00.0005337" startTime="2025-07-16T13:29:45.4155850+06:00" endTime="2025-07-16T13:29:45.4155852+06:00" testType="13cdc9d9-ddb5-4fa4-a97d-d965ccfc6d4b" outcome="Passed" testListId="8c84fa94-04c1-424b-9868-57a2d4851a1d" relativeResultsDirectory="827e6534-a2e6-4575-909e-357ed7ffb0d4" />
    <UnitTestResult executionId="378b5ee4-0dac-48cd-ba7d-8e74269c653e" testId="57fa4a63-fee9-ca07-a20b-d19970780445" testName="BlogApp.UnitTests.Validators.SearchPostsQueryValidatorTests.Validate_WithInvalidPage_ShouldFail" computerName="DESKTOP-QSMFJFT" duration="00:00:00.0020155" startTime="2025-07-16T13:29:45.4214666+06:00" endTime="2025-07-16T13:29:45.4214668+06:00" testType="13cdc9d9-ddb5-4fa4-a97d-d965ccfc6d4b" outcome="Passed" testListId="8c84fa94-04c1-424b-9868-57a2d4851a1d" relativeResultsDirectory="378b5ee4-0dac-48cd-ba7d-8e74269c653e" />
    <UnitTestResult executionId="9cc14c66-0cc3-4bec-aa07-7a190794c551" testId="130de5e3-0354-f3af-d3fe-95de5451f906" testName="BlogApp.UnitTests.Validators.CreateBlogPostCommandValidatorTests.Validate_WithEmptyAuthorId_ShouldFail" computerName="DESKTOP-QSMFJFT" duration="00:00:00.0005047" startTime="2025-07-16T13:29:45.4172520+06:00" endTime="2025-07-16T13:29:45.4172522+06:00" testType="13cdc9d9-ddb5-4fa4-a97d-d965ccfc6d4b" outcome="Passed" testListId="8c84fa94-04c1-424b-9868-57a2d4851a1d" relativeResultsDirectory="9cc14c66-0cc3-4bec-aa07-7a190794c551" />
    <UnitTestResult executionId="7c3f47be-2af7-4890-8a0a-02f642597a4d" testId="d53002b2-73c6-7599-2e14-732579d3fdb4" testName="BlogApp.UnitTests.Services.AuthServiceTests.RegisterAsync_WithValidData_ShouldReturnSuccessResponse" computerName="DESKTOP-QSMFJFT" duration="00:00:00.0016222" startTime="2025-07-16T13:29:45.4991164+06:00" endTime="2025-07-16T13:29:45.4991166+06:00" testType="13cdc9d9-ddb5-4fa4-a97d-d965ccfc6d4b" outcome="Passed" testListId="8c84fa94-04c1-424b-9868-57a2d4851a1d" relativeResultsDirectory="7c3f47be-2af7-4890-8a0a-02f642597a4d" />
    <UnitTestResult executionId="73c76230-4886-464c-bfe2-6ab016f063ac" testId="c1a1245c-085e-fa2c-414b-4b7d93c260fa" testName="BlogApp.UnitTests.Handlers.GetBlogPostsQueryHandlerTests.HandleAsync_WithPagination_ShouldReturnPaginatedResults" computerName="DESKTOP-QSMFJFT" duration="00:00:00.0020638" startTime="2025-07-16T13:29:45.4722510+06:00" endTime="2025-07-16T13:29:45.4722511+06:00" testType="13cdc9d9-ddb5-4fa4-a97d-d965ccfc6d4b" outcome="Failed" testListId="8c84fa94-04c1-424b-9868-57a2d4851a1d" relativeResultsDirectory="73c76230-4886-464c-bfe2-6ab016f063ac">
      <Output>
        <ErrorInfo>
          <Message>Expected result.Data!.Count to be 5, but found 15 (difference of 10).</Message>
          <StackTrace>   at FluentAssertions.Execution.LateBoundTestFramework.Throw(String message)&#xD;
   at FluentAssertions.Execution.DefaultAssertionStrategy.HandleFailure(String message)&#xD;
   at FluentAssertions.Execution.AssertionScope.AddPreFormattedFailure(String formattedFailureMessage)&#xD;
   at FluentAssertions.Execution.AssertionChain.FailWith(Func`1 getFailureReason)&#xD;
   at FluentAssertions.Execution.AssertionChain.FailWith(Func`1 getFailureReason)&#xD;
   at FluentAssertions.Execution.AssertionChain.FailWith(String message, Object[] args)&#xD;
   at FluentAssertions.Numeric.NumericAssertionsBase`3.Be(T expected, String because, Object[] becauseArgs)&#xD;
   at BlogApp.UnitTests.Handlers.GetBlogPostsQueryHandlerTests.HandleAsync_WithPagination_ShouldReturnPaginatedResults() in D:\GitHub\Clean-Architecture\Tests\BlogApp.UnitTests\Handlers\GetBlogPostsQueryHandlerTests.cs:line 103&#xD;
--- End of stack trace from previous location ---</StackTrace>
        </ErrorInfo>
      </Output>
    </UnitTestResult>
    <UnitTestResult executionId="0206c74d-a793-43af-8e02-d26df7d791bd" testId="8ca91db1-1a2d-0c96-b2f2-4347314d8b6d" testName="BlogApp.UnitTests.Services.BlogServiceTests.GetBlogPostBySlugAsync_WithNonExistentSlug_ShouldReturnNotFoundResponse" computerName="DESKTOP-QSMFJFT" duration="00:00:00.0437219" startTime="2025-07-16T13:29:45.4232689+06:00" endTime="2025-07-16T13:29:45.4232690+06:00" testType="13cdc9d9-ddb5-4fa4-a97d-d965ccfc6d4b" outcome="Failed" testListId="8c84fa94-04c1-424b-9868-57a2d4851a1d" relativeResultsDirectory="0206c74d-a793-43af-8e02-d26df7d791bd">
      <Output>
        <ErrorInfo>
          <Message>System.NullReferenceException : Object reference not set to an instance of an object.</Message>
          <StackTrace>   at BlogApp.API.Infrastructure.Services.BlogService.GetBlogPostBySlugAsync(String slug, Boolean includeUnpublished) in D:\GitHub\Clean-Architecture\BlogApp.API\Infrastructure\Services\BlogService.cs:line 23&#xD;
   at BlogApp.UnitTests.Services.BlogServiceTests.GetBlogPostBySlugAsync_WithNonExistentSlug_ShouldReturnNotFoundResponse() in D:\GitHub\Clean-Architecture\Tests\BlogApp.UnitTests\Services\BlogServiceTests.cs:line 89&#xD;
--- End of stack trace from previous location ---</StackTrace>
        </ErrorInfo>
      </Output>
    </UnitTestResult>
    <UnitTestResult executionId="fd19d1dd-4d4a-408d-8075-5f44036a03b3" testId="8e8eaa2a-cf6c-4f51-937c-22fc9f60f0ed" testName="BlogApp.UnitTests.CQRS.MediatorTests.SendAsync_WithNullCommand_ShouldThrowException" computerName="DESKTOP-QSMFJFT" duration="00:00:00.0003386" startTime="2025-07-16T13:29:45.4609281+06:00" endTime="2025-07-16T13:29:45.4609282+06:00" testType="13cdc9d9-ddb5-4fa4-a97d-d965ccfc6d4b" outcome="Failed" testListId="8c84fa94-04c1-424b-9868-57a2d4851a1d" relativeResultsDirectory="fd19d1dd-4d4a-408d-8075-5f44036a03b3">
      <Output>
        <ErrorInfo>
          <Message>Assert.Throws() Failure: Exception type was not an exact match&#xD;
Expected: typeof(System.ArgumentNullException)&#xD;
Actual:   typeof(System.InvalidOperationException)&#xD;
---- System.InvalidOperationException : Request must implement either ICommand&lt;BaseResponse`1&gt; or IQuery&lt;BaseResponse`1&gt;</Message>
          <StackTrace>   at BlogApp.UnitTests.CQRS.MediatorTests.SendAsync_WithNullCommand_ShouldThrowException() in D:\GitHub\Clean-Architecture\Tests\BlogApp.UnitTests\CQRS\MediatorTests.cs:line 102&#xD;
--- End of stack trace from previous location ---&#xD;
----- Inner Stack Trace -----&#xD;
   at BlogApp.API.Application.CQRS.Mediator.SendAsync[TRequest,TResponse](TRequest request, CancellationToken cancellationToken) in D:\GitHub\Clean-Architecture\BlogApp.API\Application\CQRS\Mediator.cs:line 27</StackTrace>
        </ErrorInfo>
      </Output>
    </UnitTestResult>
    <UnitTestResult executionId="4731cfc0-8ff2-4200-8103-c3548617f8de" testId="43e40abd-849c-2444-5fa5-16d7d8833c79" testName="BlogApp.UnitTests.Validators.LoginCommandValidatorTests.Validate_WithEmptyEmail_ShouldFail" computerName="DESKTOP-QSMFJFT" duration="00:00:00.0004379" startTime="2025-07-16T13:29:45.4157803+06:00" endTime="2025-07-16T13:29:45.4157804+06:00" testType="13cdc9d9-ddb5-4fa4-a97d-d965ccfc6d4b" outcome="Passed" testListId="8c84fa94-04c1-424b-9868-57a2d4851a1d" relativeResultsDirectory="4731cfc0-8ff2-4200-8103-c3548617f8de" />
    <UnitTestResult executionId="c876ee9f-cd71-4277-92e8-9f6dcc322db4" testId="7e1608ce-5221-2c53-60d0-9c00aef2adf7" testName="BlogApp.UnitTests.Handlers.GetBlogPostBySlugQueryHandlerTests.HandleAsync_WithNullSlug_ShouldReturnValidationError" computerName="DESKTOP-QSMFJFT" duration="00:00:00.0004351" startTime="2025-07-16T13:29:45.4659714+06:00" endTime="2025-07-16T13:29:45.4659714+06:00" testType="13cdc9d9-ddb5-4fa4-a97d-d965ccfc6d4b" outcome="Failed" testListId="8c84fa94-04c1-424b-9868-57a2d4851a1d" relativeResultsDirectory="c876ee9f-cd71-4277-92e8-9f6dcc322db4">
      <Output>
        <ErrorInfo>
          <Message>System.NullReferenceException : Object reference not set to an instance of an object.</Message>
          <StackTrace>   at BlogApp.API.Application.Features.Blog.Queries.GetBlogPostBySlugQueryHandler.HandleAsync(GetBlogPostBySlugQuery query, CancellationToken cancellationToken) in D:\GitHub\Clean-Architecture\BlogApp.API\Application\Features\Blog\Queries\GetBlogPostBySlugQuery.cs:line 19&#xD;
   at BlogApp.UnitTests.Handlers.GetBlogPostBySlugQueryHandlerTests.HandleAsync_WithNullSlug_ShouldReturnValidationError() in D:\GitHub\Clean-Architecture\Tests\BlogApp.UnitTests\Handlers\GetBlogPostBySlugQueryHandlerTests.cs:line 101&#xD;
--- End of stack trace from previous location ---</StackTrace>
        </ErrorInfo>
      </Output>
    </UnitTestResult>
    <UnitTestResult executionId="f09552f9-b6c6-4fb6-b455-3b19317f11a3" testId="cedb75ac-4a2e-c138-6f07-eb6985103783" testName="BlogApp.UnitTests.Validators.GetBlogPostBySlugQueryValidatorTests.Validate_WithWhitespaceSlug_ShouldFail" computerName="DESKTOP-QSMFJFT" duration="00:00:00.0004601" startTime="2025-07-16T13:29:45.4471396+06:00" endTime="2025-07-16T13:29:45.4471396+06:00" testType="13cdc9d9-ddb5-4fa4-a97d-d965ccfc6d4b" outcome="Passed" testListId="8c84fa94-04c1-424b-9868-57a2d4851a1d" relativeResultsDirectory="f09552f9-b6c6-4fb6-b455-3b19317f11a3" />
    <UnitTestResult executionId="ad8adfe7-ec02-4cf1-8742-0b824be3c757" testId="cd366c42-a0fd-fd60-eeac-2f077ca94dbe" testName="BlogApp.UnitTests.Validators.GetBlogPostBySlugQueryValidatorTests.Validate_WithValidSlugWithHyphens_ShouldPass" computerName="DESKTOP-QSMFJFT" duration="00:00:00.0004983" startTime="2025-07-16T13:29:45.4501831+06:00" endTime="2025-07-16T13:29:45.4501831+06:00" testType="13cdc9d9-ddb5-4fa4-a97d-d965ccfc6d4b" outcome="Passed" testListId="8c84fa94-04c1-424b-9868-57a2d4851a1d" relativeResultsDirectory="ad8adfe7-ec02-4cf1-8742-0b824be3c757" />
    <UnitTestResult executionId="74fd2363-87db-474a-98ea-8d2fa4d58c1c" testId="0640c598-86e1-d39b-346c-8fb772055c00" testName="BlogApp.UnitTests.Validators.RegisterCommandValidatorTests.Validate_WithEmptyFirstName_ShouldFail" computerName="DESKTOP-QSMFJFT" duration="00:00:00.0008284" startTime="2025-07-16T13:29:45.4477831+06:00" endTime="2025-07-16T13:29:45.4477831+06:00" testType="13cdc9d9-ddb5-4fa4-a97d-d965ccfc6d4b" outcome="Passed" testListId="8c84fa94-04c1-424b-9868-57a2d4851a1d" relativeResultsDirectory="74fd2363-87db-474a-98ea-8d2fa4d58c1c" />
    <UnitTestResult executionId="56fa3824-bc69-4721-8fac-a150c86f2f22" testId="77bfb986-3a1e-f3ed-2345-d7595a16dbf9" testName="BlogApp.UnitTests.Handlers.GetBlogPostsQueryHandlerTests.HandleAsync_WithInvalidPageSize_ShouldReturnValidationError" computerName="DESKTOP-QSMFJFT" duration="00:00:00.0004160" startTime="2025-07-16T13:29:45.4751835+06:00" endTime="2025-07-16T13:29:45.4751836+06:00" testType="13cdc9d9-ddb5-4fa4-a97d-d965ccfc6d4b" outcome="Failed" testListId="8c84fa94-04c1-424b-9868-57a2d4851a1d" relativeResultsDirectory="56fa3824-bc69-4721-8fac-a150c86f2f22">
      <Output>
        <ErrorInfo>
          <Message>System.NullReferenceException : Object reference not set to an instance of an object.</Message>
          <StackTrace>   at BlogApp.API.Application.Features.Blog.Queries.GetBlogPostsQueryHandler.HandleAsync(GetBlogPostsQuery query, CancellationToken cancellationToken) in D:\GitHub\Clean-Architecture\BlogApp.API\Application\Features\Blog\Queries\GetBlogPostsQuery.cs:line 26&#xD;
   at BlogApp.UnitTests.Handlers.GetBlogPostsQueryHandlerTests.HandleAsync_WithInvalidPageSize_ShouldReturnValidationError() in D:\GitHub\Clean-Architecture\Tests\BlogApp.UnitTests\Handlers\GetBlogPostsQueryHandlerTests.cs:line 153&#xD;
--- End of stack trace from previous location ---</StackTrace>
        </ErrorInfo>
      </Output>
    </UnitTestResult>
    <UnitTestResult executionId="b9cdfe68-3393-4113-ab16-3badebb124e9" testId="195a8d4e-a216-ff48-64d6-d577287b2bfd" testName="BlogApp.UnitTests.Repositories.QueryRepositoryTests.GetByIdAsync_WithExistingId_ShouldReturnEntity" computerName="DESKTOP-QSMFJFT" duration="00:00:00.0029818" startTime="2025-07-16T13:29:45.7560231+06:00" endTime="2025-07-16T13:29:45.7560231+06:00" testType="13cdc9d9-ddb5-4fa4-a97d-d965ccfc6d4b" outcome="Passed" testListId="8c84fa94-04c1-424b-9868-57a2d4851a1d" relativeResultsDirectory="b9cdfe68-3393-4113-ab16-3badebb124e9" />
    <UnitTestResult executionId="fe7f4e47-fa27-4ad7-b387-6da51dbde715" testId="a7f552bd-abf3-5fe7-9ca8-c4d668d23af3" testName="BlogApp.UnitTests.Services.AuthServiceTests.RegisterAsync_WithExistingUserName_ShouldReturnFailureResponse" computerName="DESKTOP-QSMFJFT" duration="00:00:00.0093251" startTime="2025-07-16T13:29:45.4865328+06:00" endTime="2025-07-16T13:29:45.4865330+06:00" testType="13cdc9d9-ddb5-4fa4-a97d-d965ccfc6d4b" outcome="Failed" testListId="8c84fa94-04c1-424b-9868-57a2d4851a1d" relativeResultsDirectory="fe7f4e47-fa27-4ad7-b387-6da51dbde715">
      <Output>
        <ErrorInfo>
          <Message>Expected result.Message "Username is already taken" to contain "Username already exists".</Message>
          <StackTrace>   at FluentAssertions.Execution.LateBoundTestFramework.Throw(String message)&#xD;
   at FluentAssertions.Execution.DefaultAssertionStrategy.HandleFailure(String message)&#xD;
   at FluentAssertions.Execution.AssertionScope.AddPreFormattedFailure(String formattedFailureMessage)&#xD;
   at FluentAssertions.Execution.AssertionChain.FailWith(Func`1 getFailureReason)&#xD;
   at FluentAssertions.Execution.AssertionChain.FailWith(Func`1 getFailureReason)&#xD;
   at FluentAssertions.Execution.AssertionChain.FailWith(String message, Object[] args)&#xD;
   at FluentAssertions.Primitives.StringAssertions`1.Contain(String expected, String because, Object[] becauseArgs)&#xD;
   at BlogApp.UnitTests.Services.AuthServiceTests.RegisterAsync_WithExistingUserName_ShouldReturnFailureResponse() in D:\GitHub\Clean-Architecture\Tests\BlogApp.UnitTests\Services\AuthServiceTests.cs:line 212&#xD;
--- End of stack trace from previous location ---</StackTrace>
        </ErrorInfo>
      </Output>
    </UnitTestResult>
    <UnitTestResult executionId="c2d77917-2be7-4a49-a38d-faf6460735cc" testId="3b32ec1d-870a-66a3-d03c-b4e2997c8e95" testName="BlogApp.UnitTests.Validators.GetBlogPostsQueryValidatorTests.Validate_WithDefaultValues_ShouldPass" computerName="DESKTOP-QSMFJFT" duration="00:00:00.0001598" startTime="2025-07-16T13:29:45.4471131+06:00" endTime="2025-07-16T13:29:45.4471132+06:00" testType="13cdc9d9-ddb5-4fa4-a97d-d965ccfc6d4b" outcome="Passed" testListId="8c84fa94-04c1-424b-9868-57a2d4851a1d" relativeResultsDirectory="c2d77917-2be7-4a49-a38d-faf6460735cc" />
    <UnitTestResult executionId="9dee1a8c-164d-4361-8b3e-50d0df45d91d" testId="f0baf9c6-e71e-3554-de1d-7f1735e50d8f" testName="BlogApp.UnitTests.UnitOfWork.QueryUnitOfWorkTests.Repository_WithValidType_ShouldReturnRepository" computerName="DESKTOP-QSMFJFT" duration="00:00:00.0004633" startTime="2025-07-16T13:29:45.4661000+06:00" endTime="2025-07-16T13:29:45.4661000+06:00" testType="13cdc9d9-ddb5-4fa4-a97d-d965ccfc6d4b" outcome="Failed" testListId="8c84fa94-04c1-424b-9868-57a2d4851a1d" relativeResultsDirectory="9dee1a8c-164d-4361-8b3e-50d0df45d91d">
      <Output>
        <ErrorInfo>
          <Message>System.InvalidOperationException : Repository for type BlogPost is not registered in the DI container.</Message>
          <StackTrace>   at BlogApp.API.Infrastructure.Persistence.UnitOfWork.Implementations.QueryUnitOfWork.Repository[T]() in D:\GitHub\Clean-Architecture\BlogApp.API\Infrastructure\Persistence\UnitOfWork\Implementations\QueryUnitOfWork.cs:line 28&#xD;
   at BlogApp.UnitTests.UnitOfWork.QueryUnitOfWorkTests.Repository_WithValidType_ShouldReturnRepository() in D:\GitHub\Clean-Architecture\Tests\BlogApp.UnitTests\UnitOfWork\QueryUnitOfWorkTests.cs:line 24&#xD;
   at System.RuntimeMethodHandle.InvokeMethod(Object target, Void** arguments, Signature sig, Boolean isConstructor)&#xD;
   at System.Reflection.MethodBaseInvoker.InvokeWithNoArgs(Object obj, BindingFlags invokeAttr)</StackTrace>
        </ErrorInfo>
      </Output>
    </UnitTestResult>
    <UnitTestResult executionId="83281a80-18cf-4184-8585-456054768c7d" testId="d3414bb3-e51e-260b-d29b-f0718cfe912a" testName="BlogApp.UnitTests.Validators.LoginCommandValidatorTests.Validate_WithInvalidEmailFormat_ShouldFail" computerName="DESKTOP-QSMFJFT" duration="00:00:00.0004528" startTime="2025-07-16T13:29:45.4177233+06:00" endTime="2025-07-16T13:29:45.4177234+06:00" testType="13cdc9d9-ddb5-4fa4-a97d-d965ccfc6d4b" outcome="Passed" testListId="8c84fa94-04c1-424b-9868-57a2d4851a1d" relativeResultsDirectory="83281a80-18cf-4184-8585-456054768c7d" />
    <UnitTestResult executionId="95f0bbf9-ea8c-4168-a566-5ca783a72dc8" testId="34368258-c20a-82b7-6f27-288a7678ecb0" testName="BlogApp.UnitTests.Handlers.SearchPostsQueryHandlerTests.HandleAsync_WithPaging_ShouldReturnPagedResults" computerName="DESKTOP-QSMFJFT" duration="00:00:00.0445144" startTime="2025-07-16T13:29:45.4748966+06:00" endTime="2025-07-16T13:29:45.4748967+06:00" testType="13cdc9d9-ddb5-4fa4-a97d-d965ccfc6d4b" outcome="Failed" testListId="8c84fa94-04c1-424b-9868-57a2d4851a1d" relativeResultsDirectory="95f0bbf9-ea8c-4168-a566-5ca783a72dc8">
      <Output>
        <ErrorInfo>
          <Message>System.NullReferenceException : Object reference not set to an instance of an object.</Message>
          <StackTrace>   at BlogApp.UnitTests.Handlers.SearchPostsQueryHandlerTests.HandleAsync_WithPaging_ShouldReturnPagedResults() in D:\GitHub\Clean-Architecture\Tests\BlogApp.UnitTests\Handlers\SearchPostsQueryHandlerTests.cs:line 99&#xD;
--- End of stack trace from previous location ---</StackTrace>
        </ErrorInfo>
      </Output>
    </UnitTestResult>
    <UnitTestResult executionId="245f181d-7300-4122-b845-ab3d7f21f8c9" testId="1f4a1276-7c8b-d88a-1738-aabbef41ad2b" testName="BlogApp.UnitTests.Validators.SearchPostsQueryValidatorTests.Validate_WithNegativePage_ShouldFail" computerName="DESKTOP-QSMFJFT" duration="00:00:00.0006888" startTime="2025-07-16T13:29:45.4506522+06:00" endTime="2025-07-16T13:29:45.4506523+06:00" testType="13cdc9d9-ddb5-4fa4-a97d-d965ccfc6d4b" outcome="Passed" testListId="8c84fa94-04c1-424b-9868-57a2d4851a1d" relativeResultsDirectory="245f181d-7300-4122-b845-ab3d7f21f8c9" />
    <UnitTestResult executionId="47ad3e4c-cf65-47c7-91ea-d4000c7a0e4c" testId="de2c0536-0857-6637-6efe-f71b65306944" testName="BlogApp.UnitTests.Services.BlogServiceTests.GetTagsAsync_ShouldReturnSuccessResponse" computerName="DESKTOP-QSMFJFT" duration="00:00:00.0008108" startTime="2025-07-16T13:29:45.4270318+06:00" endTime="2025-07-16T13:29:45.4270319+06:00" testType="13cdc9d9-ddb5-4fa4-a97d-d965ccfc6d4b" outcome="Failed" testListId="8c84fa94-04c1-424b-9868-57a2d4851a1d" relativeResultsDirectory="47ad3e4c-cf65-47c7-91ea-d4000c7a0e4c">
      <Output>
        <ErrorInfo>
          <Message>System.NullReferenceException : Object reference not set to an instance of an object.</Message>
          <StackTrace>   at BlogApp.API.Infrastructure.Services.BlogService.GetTagsAsync() in D:\GitHub\Clean-Architecture\BlogApp.API\Infrastructure\Services\BlogService.cs:line 40&#xD;
   at BlogApp.UnitTests.Services.BlogServiceTests.GetTagsAsync_ShouldReturnSuccessResponse() in D:\GitHub\Clean-Architecture\Tests\BlogApp.UnitTests\Services\BlogServiceTests.cs:line 152&#xD;
--- End of stack trace from previous location ---</StackTrace>
        </ErrorInfo>
      </Output>
    </UnitTestResult>
    <UnitTestResult executionId="265408ae-30a2-40f8-989c-76058a412f8b" testId="ec1caabe-791e-119b-c79c-ddf781c57411" testName="BlogApp.UnitTests.Services.BlogServiceTests.GetBlogPostBySlugAsync_WithValidSlug_ShouldReturnSuccessResponse" computerName="DESKTOP-QSMFJFT" duration="00:00:00.0004435" startTime="2025-07-16T13:29:45.4246300+06:00" endTime="2025-07-16T13:29:45.4246301+06:00" testType="13cdc9d9-ddb5-4fa4-a97d-d965ccfc6d4b" outcome="Failed" testListId="8c84fa94-04c1-424b-9868-57a2d4851a1d" relativeResultsDirectory="265408ae-30a2-40f8-989c-76058a412f8b">
      <Output>
        <ErrorInfo>
          <Message>System.NullReferenceException : Object reference not set to an instance of an object.</Message>
          <StackTrace>   at BlogApp.API.Infrastructure.Services.BlogService.GetBlogPostBySlugAsync(String slug, Boolean includeUnpublished) in D:\GitHub\Clean-Architecture\BlogApp.API\Infrastructure\Services\BlogService.cs:line 23&#xD;
   at BlogApp.UnitTests.Services.BlogServiceTests.GetBlogPostBySlugAsync_WithValidSlug_ShouldReturnSuccessResponse() in D:\GitHub\Clean-Architecture\Tests\BlogApp.UnitTests\Services\BlogServiceTests.cs:line 74&#xD;
--- End of stack trace from previous location ---</StackTrace>
        </ErrorInfo>
      </Output>
    </UnitTestResult>
    <UnitTestResult executionId="c83a3043-4a73-413b-87a6-9d4d8f7ac848" testId="025ed52b-4ce1-9ae3-4ea6-fc1929bd4c67" testName="BlogApp.UnitTests.Validators.RegisterCommandValidatorTests.Validate_WithMismatchedPasswords_ShouldFail" computerName="DESKTOP-QSMFJFT" duration="00:00:00.0005292" startTime="2025-07-16T13:29:45.4468885+06:00" endTime="2025-07-16T13:29:45.4468886+06:00" testType="13cdc9d9-ddb5-4fa4-a97d-d965ccfc6d4b" outcome="Passed" testListId="8c84fa94-04c1-424b-9868-57a2d4851a1d" relativeResultsDirectory="c83a3043-4a73-413b-87a6-9d4d8f7ac848" />
    <UnitTestResult executionId="0024d0c0-28b0-40e7-bc73-8a49545cdfc5" testId="e3161b51-7ca9-23d6-8957-26e471b439a8" testName="BlogApp.UnitTests.Handlers.GetBlogPostBySlugQueryHandlerTests.HandleAsync_WithValidSlug_ShouldReturnSuccessResponse" computerName="DESKTOP-QSMFJFT" duration="00:00:00.0863190" startTime="2025-07-16T13:29:45.4649474+06:00" endTime="2025-07-16T13:29:45.4649474+06:00" testType="13cdc9d9-ddb5-4fa4-a97d-d965ccfc6d4b" outcome="Passed" testListId="8c84fa94-04c1-424b-9868-57a2d4851a1d" relativeResultsDirectory="0024d0c0-28b0-40e7-bc73-8a49545cdfc5" />
    <UnitTestResult executionId="9e5e6978-c01f-4c0c-9306-11f698a16cec" testId="16a9e26f-b80b-5709-01a2-2bba51508001" testName="BlogApp.UnitTests.UnitOfWork.CommandUnitOfWorkTests.SaveChangesAsync_WithValidChanges_ShouldReturnPositiveCount" computerName="DESKTOP-QSMFJFT" duration="00:00:00.0008513" startTime="2025-07-16T13:29:45.4647854+06:00" endTime="2025-07-16T13:29:45.4647855+06:00" testType="13cdc9d9-ddb5-4fa4-a97d-d965ccfc6d4b" outcome="Failed" testListId="8c84fa94-04c1-424b-9868-57a2d4851a1d" relativeResultsDirectory="9e5e6978-c01f-4c0c-9306-11f698a16cec">
      <Output>
        <ErrorInfo>
          <Message>System.InvalidOperationException : Repository for type BlogPost is not registered in the DI container.</Message>
          <StackTrace>   at BlogApp.API.Infrastructure.Persistence.UnitOfWork.Implementations.CommandUnitOfWork.Repository[T]() in D:\GitHub\Clean-Architecture\BlogApp.API\Infrastructure\Persistence\UnitOfWork\Implementations\CommandUnitOfWork.cs:line 29&#xD;
   at BlogApp.UnitTests.UnitOfWork.CommandUnitOfWorkTests.SaveChangesAsync_WithValidChanges_ShouldReturnPositiveCount() in D:\GitHub\Clean-Architecture\Tests\BlogApp.UnitTests\UnitOfWork\CommandUnitOfWorkTests.cs:line 54&#xD;
--- End of stack trace from previous location ---</StackTrace>
        </ErrorInfo>
      </Output>
    </UnitTestResult>
    <UnitTestResult executionId="6c9f4714-76c6-4c19-9eec-ac4a82ffc45f" testId="c3209946-1608-55b6-2009-4829659a0b8f" testName="BlogApp.UnitTests.Validators.GetBlogPostsQueryValidatorTests.Validate_WithNegativePage_ShouldFail" computerName="DESKTOP-QSMFJFT" duration="00:00:00.0004619" startTime="2025-07-16T13:29:45.4468677+06:00" endTime="2025-07-16T13:29:45.4468677+06:00" testType="13cdc9d9-ddb5-4fa4-a97d-d965ccfc6d4b" outcome="Passed" testListId="8c84fa94-04c1-424b-9868-57a2d4851a1d" relativeResultsDirectory="6c9f4714-76c6-4c19-9eec-ac4a82ffc45f" />
    <UnitTestResult executionId="2fd48bd4-8a4a-42d6-91fd-60bc2f16493c" testId="12741cce-d370-1aec-3c61-f362695bb3e7" testName="BlogApp.UnitTests.Validators.CreateBlogPostCommandValidatorTests.Validate_WithInvalidSlug_ShouldFail" computerName="DESKTOP-QSMFJFT" duration="00:00:00.0006565" startTime="2025-07-16T13:29:45.4184172+06:00" endTime="2025-07-16T13:29:45.4184176+06:00" testType="13cdc9d9-ddb5-4fa4-a97d-d965ccfc6d4b" outcome="Passed" testListId="8c84fa94-04c1-424b-9868-57a2d4851a1d" relativeResultsDirectory="2fd48bd4-8a4a-42d6-91fd-60bc2f16493c" />
    <UnitTestResult executionId="dbbf9638-1ac2-41a4-915c-2a6f5a782740" testId="37c32b98-a896-e94e-17db-a44e4a75b6ea" testName="BlogApp.UnitTests.Validators.SearchPostsQueryValidatorTests.Validate_WithDefaultValues_ShouldPass" computerName="DESKTOP-QSMFJFT" duration="00:00:00.0006123" startTime="2025-07-16T13:29:45.4470984+06:00" endTime="2025-07-16T13:29:45.4470984+06:00" testType="13cdc9d9-ddb5-4fa4-a97d-d965ccfc6d4b" outcome="Failed" testListId="8c84fa94-04c1-424b-9868-57a2d4851a1d" relativeResultsDirectory="dbbf9638-1ac2-41a4-915c-2a6f5a782740">
      <Output>
        <ErrorInfo>
          <Message>Expected result.IsValid to be True, but found False.</Message>
          <StackTrace>   at FluentAssertions.Execution.LateBoundTestFramework.Throw(String message)&#xD;
   at FluentAssertions.Execution.DefaultAssertionStrategy.HandleFailure(String message)&#xD;
   at FluentAssertions.Execution.AssertionScope.AddPreFormattedFailure(String formattedFailureMessage)&#xD;
   at FluentAssertions.Execution.AssertionChain.FailWith(Func`1 getFailureReason)&#xD;
   at FluentAssertions.Execution.AssertionChain.FailWith(Func`1 getFailureReason)&#xD;
   at FluentAssertions.Execution.AssertionChain.FailWith(String message, Object[] args)&#xD;
   at FluentAssertions.Primitives.BooleanAssertions`1.BeTrue(String because, Object[] becauseArgs)&#xD;
   at BlogApp.UnitTests.Validators.SearchPostsQueryValidatorTests.Validate_WithDefaultValues_ShouldPass() in D:\GitHub\Clean-Architecture\Tests\BlogApp.UnitTests\Validators\SearchPostsQueryValidatorTests.cs:line 148&#xD;
   at System.RuntimeMethodHandle.InvokeMethod(Object target, Void** arguments, Signature sig, Boolean isConstructor)&#xD;
   at System.Reflection.MethodBaseInvoker.InvokeWithNoArgs(Object obj, BindingFlags invokeAttr)</StackTrace>
        </ErrorInfo>
      </Output>
    </UnitTestResult>
    <UnitTestResult executionId="6095734b-9f44-4cce-9671-06410cd09496" testId="3aafd542-e742-b684-10ae-1e333450dd77" testName="BlogApp.UnitTests.Handlers.GetBlogPostsQueryHandlerTests.HandleAsync_WithInvalidPage_ShouldReturnValidationError" computerName="DESKTOP-QSMFJFT" duration="00:00:00.0007211" startTime="2025-07-16T13:29:45.4729388+06:00" endTime="2025-07-16T13:29:45.4729389+06:00" testType="13cdc9d9-ddb5-4fa4-a97d-d965ccfc6d4b" outcome="Failed" testListId="8c84fa94-04c1-424b-9868-57a2d4851a1d" relativeResultsDirectory="6095734b-9f44-4cce-9671-06410cd09496">
      <Output>
        <ErrorInfo>
          <Message>System.NullReferenceException : Object reference not set to an instance of an object.</Message>
          <StackTrace>   at BlogApp.API.Application.Features.Blog.Queries.GetBlogPostsQueryHandler.HandleAsync(GetBlogPostsQuery query, CancellationToken cancellationToken) in D:\GitHub\Clean-Architecture\BlogApp.API\Application\Features\Blog\Queries\GetBlogPostsQuery.cs:line 26&#xD;
   at BlogApp.UnitTests.Handlers.GetBlogPostsQueryHandlerTests.HandleAsync_WithInvalidPage_ShouldReturnValidationError() in D:\GitHub\Clean-Architecture\Tests\BlogApp.UnitTests\Handlers\GetBlogPostsQueryHandlerTests.cs:line 137&#xD;
--- End of stack trace from previous location ---</StackTrace>
        </ErrorInfo>
      </Output>
    </UnitTestResult>
    <UnitTestResult executionId="fe71a495-caad-4887-a6bc-21f5c5bf464a" testId="255732a9-6584-d478-c4c5-786cfb951efa" testName="BlogApp.UnitTests.Validators.SearchPostsQueryValidatorTests.Validate_WithEmptySearchTerm_ShouldPass" computerName="DESKTOP-QSMFJFT" duration="00:00:00.0009242" startTime="2025-07-16T13:29:45.4479574+06:00" endTime="2025-07-16T13:29:45.4479574+06:00" testType="13cdc9d9-ddb5-4fa4-a97d-d965ccfc6d4b" outcome="Failed" testListId="8c84fa94-04c1-424b-9868-57a2d4851a1d" relativeResultsDirectory="fe71a495-caad-4887-a6bc-21f5c5bf464a">
      <Output>
        <ErrorInfo>
          <Message>Expected result.IsValid to be True, but found False.</Message>
          <StackTrace>   at FluentAssertions.Execution.LateBoundTestFramework.Throw(String message)&#xD;
   at FluentAssertions.Execution.DefaultAssertionStrategy.HandleFailure(String message)&#xD;
   at FluentAssertions.Execution.AssertionScope.AddPreFormattedFailure(String formattedFailureMessage)&#xD;
   at FluentAssertions.Execution.AssertionChain.FailWith(Func`1 getFailureReason)&#xD;
   at FluentAssertions.Execution.AssertionChain.FailWith(Func`1 getFailureReason)&#xD;
   at FluentAssertions.Execution.AssertionChain.FailWith(String message, Object[] args)&#xD;
   at FluentAssertions.Primitives.BooleanAssertions`1.BeTrue(String because, Object[] becauseArgs)&#xD;
   at BlogApp.UnitTests.Validators.SearchPostsQueryValidatorTests.Validate_WithEmptySearchTerm_ShouldPass() in D:\GitHub\Clean-Architecture\Tests\BlogApp.UnitTests\Validators\SearchPostsQueryValidatorTests.cs:line 36&#xD;
   at System.RuntimeMethodHandle.InvokeMethod(Object target, Void** arguments, Signature sig, Boolean isConstructor)&#xD;
   at System.Reflection.MethodBaseInvoker.InvokeWithNoArgs(Object obj, BindingFlags invokeAttr)</StackTrace>
        </ErrorInfo>
      </Output>
    </UnitTestResult>
    <UnitTestResult executionId="49b999d0-9ab9-4901-9fe3-4afe0277d735" testId="740d41dd-92b0-c532-f070-f5568a812607" testName="BlogApp.UnitTests.Validators.GetBlogPostBySlugQueryValidatorTests.Validate_WithLongSlug_ShouldFail" computerName="DESKTOP-QSMFJFT" duration="00:00:00.0011574" startTime="2025-07-16T13:29:45.4494579+06:00" endTime="2025-07-16T13:29:45.4494580+06:00" testType="13cdc9d9-ddb5-4fa4-a97d-d965ccfc6d4b" outcome="Failed" testListId="8c84fa94-04c1-424b-9868-57a2d4851a1d" relativeResultsDirectory="49b999d0-9ab9-4901-9fe3-4afe0277d735">
      <Output>
        <ErrorInfo>
          <Message>Expected result.IsValid to be False, but found True.</Message>
          <StackTrace>   at FluentAssertions.Execution.LateBoundTestFramework.Throw(String message)&#xD;
   at FluentAssertions.Execution.DefaultAssertionStrategy.HandleFailure(String message)&#xD;
   at FluentAssertions.Execution.AssertionScope.AddPreFormattedFailure(String formattedFailureMessage)&#xD;
   at FluentAssertions.Execution.AssertionChain.FailWith(Func`1 getFailureReason)&#xD;
   at FluentAssertions.Execution.AssertionChain.FailWith(Func`1 getFailureReason)&#xD;
   at FluentAssertions.Execution.AssertionChain.FailWith(String message, Object[] args)&#xD;
   at FluentAssertions.Primitives.BooleanAssertions`1.BeFalse(String because, Object[] becauseArgs)&#xD;
   at BlogApp.UnitTests.Validators.GetBlogPostBySlugQueryValidatorTests.Validate_WithLongSlug_ShouldFail() in D:\GitHub\Clean-Architecture\Tests\BlogApp.UnitTests\Validators\GetBlogPostBySlugQueryValidatorTests.cs:line 92&#xD;
   at System.RuntimeMethodHandle.InvokeMethod(Object target, Void** arguments, Signature sig, Boolean isConstructor)&#xD;
   at System.Reflection.MethodBaseInvoker.InvokeWithNoArgs(Object obj, BindingFlags invokeAttr)</StackTrace>
        </ErrorInfo>
      </Output>
    </UnitTestResult>
    <UnitTestResult executionId="203b1d7a-751f-4d0b-9adf-57015bd8df09" testId="e28c33d1-3043-f01d-1dfa-87067d08a779" testName="BlogApp.UnitTests.Validators.SearchPostsQueryValidatorTests.Validate_WithLargePageSize_ShouldFail" computerName="DESKTOP-QSMFJFT" duration="00:00:00.0013453" startTime="2025-07-16T13:29:45.4501281+06:00" endTime="2025-07-16T13:29:45.4501283+06:00" testType="13cdc9d9-ddb5-4fa4-a97d-d965ccfc6d4b" outcome="Failed" testListId="8c84fa94-04c1-424b-9868-57a2d4851a1d" relativeResultsDirectory="203b1d7a-751f-4d0b-9adf-57015bd8df09">
      <Output>
        <ErrorInfo>
          <Message>Expected result.Errors to contain a single item matching (e.PropertyName == "PageSize") AndAlso (e.ErrorMessage == "Page size must be greater than 0"), but no such item was found.</Message>
          <StackTrace>   at FluentAssertions.Execution.LateBoundTestFramework.Throw(String message)&#xD;
   at FluentAssertions.Execution.DefaultAssertionStrategy.HandleFailure(String message)&#xD;
   at FluentAssertions.Execution.AssertionScope.AddPreFormattedFailure(String formattedFailureMessage)&#xD;
   at FluentAssertions.Execution.AssertionChain.FailWith(Func`1 getFailureReason)&#xD;
   at FluentAssertions.Execution.AssertionChain.FailWith(Func`1 getFailureReason)&#xD;
   at FluentAssertions.Execution.AssertionChain.FailWith(String message, Object[] args)&#xD;
   at FluentAssertions.Collections.GenericCollectionAssertions`3.ContainSingle(Expression`1 predicate, String because, Object[] becauseArgs)&#xD;
   at BlogApp.UnitTests.Validators.SearchPostsQueryValidatorTests.Validate_WithLargePageSize_ShouldFail() in D:\GitHub\Clean-Architecture\Tests\BlogApp.UnitTests\Validators\SearchPostsQueryValidatorTests.cs:line 121&#xD;
   at System.RuntimeMethodHandle.InvokeMethod(Object target, Void** arguments, Signature sig, Boolean isConstructor)&#xD;
   at System.Reflection.MethodBaseInvoker.InvokeWithNoArgs(Object obj, BindingFlags invokeAttr)</StackTrace>
        </ErrorInfo>
      </Output>
    </UnitTestResult>
    <UnitTestResult executionId="a0aae381-398a-4489-8955-2d283c739b95" testId="9c351e08-b1db-b227-f79c-af4eb66bea5b" testName="BlogApp.UnitTests.Validators.RegisterCommandValidatorTests.Validate_WithValidData_ShouldPass" computerName="DESKTOP-QSMFJFT" duration="00:00:00.0661650" startTime="2025-07-16T13:29:45.4462492+06:00" endTime="2025-07-16T13:29:45.4462493+06:00" testType="13cdc9d9-ddb5-4fa4-a97d-d965ccfc6d4b" outcome="Failed" testListId="8c84fa94-04c1-424b-9868-57a2d4851a1d" relativeResultsDirectory="a0aae381-398a-4489-8955-2d283c739b95">
      <Output>
        <ErrorInfo>
          <Message>Expected result.IsValid to be True, but found False.</Message>
          <StackTrace>   at FluentAssertions.Execution.LateBoundTestFramework.Throw(String message)&#xD;
   at FluentAssertions.Execution.DefaultAssertionStrategy.HandleFailure(String message)&#xD;
   at FluentAssertions.Execution.AssertionScope.AddPreFormattedFailure(String formattedFailureMessage)&#xD;
   at FluentAssertions.Execution.AssertionChain.FailWith(Func`1 getFailureReason)&#xD;
   at FluentAssertions.Execution.AssertionChain.FailWith(Func`1 getFailureReason)&#xD;
   at FluentAssertions.Execution.AssertionChain.FailWith(String message, Object[] args)&#xD;
   at FluentAssertions.Primitives.BooleanAssertions`1.BeTrue(String because, Object[] becauseArgs)&#xD;
   at BlogApp.UnitTests.Validators.RegisterCommandValidatorTests.Validate_WithValidData_ShouldPass() in D:\GitHub\Clean-Architecture\Tests\BlogApp.UnitTests\Validators\RegisterCommandValidatorTests.cs:line 29&#xD;
   at System.RuntimeMethodHandle.InvokeMethod(Object target, Void** arguments, Signature sig, Boolean isConstructor)&#xD;
   at System.Reflection.MethodBaseInvoker.InvokeWithNoArgs(Object obj, BindingFlags invokeAttr)</StackTrace>
        </ErrorInfo>
      </Output>
    </UnitTestResult>
    <UnitTestResult executionId="af5be473-11a9-416f-921c-b29d53f0d256" testId="bac9cf5f-b542-4249-e409-f3c47dcd2750" testName="BlogApp.UnitTests.Factories.UnitOfWorkFactoryTests.CreateQueryUnitOfWork_ShouldReturnQueryUnitOfWork" computerName="DESKTOP-QSMFJFT" duration="00:00:00.0002567" startTime="2025-07-16T13:29:45.4683108+06:00" endTime="2025-07-16T13:29:45.4683110+06:00" testType="13cdc9d9-ddb5-4fa4-a97d-d965ccfc6d4b" outcome="Failed" testListId="8c84fa94-04c1-424b-9868-57a2d4851a1d" relativeResultsDirectory="af5be473-11a9-416f-921c-b29d53f0d256">
      <Output>
        <ErrorInfo>
          <Message>System.NotSupportedException : Unsupported expression: x =&gt; x.GetConnectionString("QueryConnection")&#xD;
Extension methods (here: ConfigurationExtensions.GetConnectionString) may not be used in setup / verification expressions.</Message>
          <StackTrace>   at Moq.Guard.IsOverridable(MethodInfo method, Expression expression) in /_/src/Moq/Guard.cs:line 87&#xD;
   at Moq.MethodExpectation..ctor(LambdaExpression expression, MethodInfo method, IReadOnlyList`1 arguments, Boolean exactGenericTypeArguments, Boolean skipMatcherInitialization, Boolean allowNonOverridable) in /_/src/Moq/MethodExpectation.cs:line 87&#xD;
   at Moq.ExpressionExtensions.&lt;Split&gt;g__Split|5_0(Expression e, Expression&amp; r, MethodExpectation&amp; p, Boolean assignment, Boolean allowNonOverridableLastProperty) in /_/src/Moq/ExpressionExtensions.cs:line 235&#xD;
   at Moq.ExpressionExtensions.Split(LambdaExpression expression, Boolean allowNonOverridableLastProperty) in /_/src/Moq/ExpressionExtensions.cs:line 149&#xD;
   at Moq.Mock.SetupRecursive[TSetup](Mock mock, LambdaExpression expression, Func`4 setupLast, Boolean allowNonOverridableLastProperty) in /_/src/Moq/Mock.cs:line 645&#xD;
   at Moq.Mock.Setup(Mock mock, LambdaExpression expression, Condition condition) in /_/src/Moq/Mock.cs:line 500&#xD;
   at Moq.Mock`1.Setup[TResult](Expression`1 expression) in /_/src/Moq/Mock`1.cs:line 452&#xD;
   at BlogApp.UnitTests.Factories.UnitOfWorkFactoryTests.SetupConfigurationForQueryDb() in D:\GitHub\Clean-Architecture\Tests\BlogApp.UnitTests\Factories\UnitOfWorkFactoryTests.cs:line 112&#xD;
   at BlogApp.UnitTests.Factories.UnitOfWorkFactoryTests.CreateQueryUnitOfWork_ShouldReturnQueryUnitOfWork() in D:\GitHub\Clean-Architecture\Tests\BlogApp.UnitTests\Factories\UnitOfWorkFactoryTests.cs:line 36&#xD;
   at System.RuntimeMethodHandle.InvokeMethod(Object target, Void** arguments, Signature sig, Boolean isConstructor)&#xD;
   at System.Reflection.MethodBaseInvoker.InvokeWithNoArgs(Object obj, BindingFlags invokeAttr)</StackTrace>
        </ErrorInfo>
      </Output>
    </UnitTestResult>
    <UnitTestResult executionId="1b20c4f8-b09e-475c-a556-12699651d98a" testId="48e203ac-36bd-bda9-6ee4-c19d15678268" testName="BlogApp.UnitTests.UnitOfWork.QueryUnitOfWorkTests.Repository_WithComplexQuery_ShouldWorkCorrectly" computerName="DESKTOP-QSMFJFT" duration="00:00:00.0008011" startTime="2025-07-16T13:29:45.4676491+06:00" endTime="2025-07-16T13:29:45.4676492+06:00" testType="13cdc9d9-ddb5-4fa4-a97d-d965ccfc6d4b" outcome="Failed" testListId="8c84fa94-04c1-424b-9868-57a2d4851a1d" relativeResultsDirectory="1b20c4f8-b09e-475c-a556-12699651d98a">
      <Output>
        <ErrorInfo>
          <Message>System.InvalidOperationException : Repository for type BlogPost is not registered in the DI container.</Message>
          <StackTrace>   at BlogApp.API.Infrastructure.Persistence.UnitOfWork.Implementations.QueryUnitOfWork.Repository[T]() in D:\GitHub\Clean-Architecture\BlogApp.API\Infrastructure\Persistence\UnitOfWork\Implementations\QueryUnitOfWork.cs:line 28&#xD;
   at BlogApp.UnitTests.UnitOfWork.QueryUnitOfWorkTests.Repository_WithComplexQuery_ShouldWorkCorrectly() in D:\GitHub\Clean-Architecture\Tests\BlogApp.UnitTests\UnitOfWork\QueryUnitOfWorkTests.cs:line 111&#xD;
--- End of stack trace from previous location ---</StackTrace>
        </ErrorInfo>
      </Output>
    </UnitTestResult>
    <UnitTestResult executionId="0060d9e7-8f1f-4606-9db0-835db7fef450" testId="b4742659-306b-7623-e020-f586f4e91a8f" testName="BlogApp.UnitTests.CQRS.MediatorTests.SendAsync_WithQueryHandlerThrowingException_ShouldPropagateException" computerName="DESKTOP-QSMFJFT" duration="00:00:00.0021252" startTime="2025-07-16T13:29:45.4675205+06:00" endTime="2025-07-16T13:29:45.4675205+06:00" testType="13cdc9d9-ddb5-4fa4-a97d-d965ccfc6d4b" outcome="Passed" testListId="8c84fa94-04c1-424b-9868-57a2d4851a1d" relativeResultsDirectory="0060d9e7-8f1f-4606-9db0-835db7fef450" />
    <UnitTestResult executionId="c749d2c9-6e05-45d5-bf84-652747e500eb" testId="92a28bfe-96cf-f4d4-9eb8-6a8956c44f10" testName="BlogApp.UnitTests.Handlers.GetCommentsQueryHandlerTests.HandleAsync_WithNoComments_ShouldReturnEmptyList" computerName="DESKTOP-QSMFJFT" duration="00:00:00.0103783" startTime="2025-07-16T13:29:45.4746415+06:00" endTime="2025-07-16T13:29:45.4746416+06:00" testType="13cdc9d9-ddb5-4fa4-a97d-d965ccfc6d4b" outcome="Failed" testListId="8c84fa94-04c1-424b-9868-57a2d4851a1d" relativeResultsDirectory="c749d2c9-6e05-45d5-bf84-652747e500eb">
      <Output>
        <ErrorInfo>
          <Message>System.NullReferenceException : Object reference not set to an instance of an object.</Message>
          <StackTrace>   at BlogApp.API.Application.Features.Comment.Queries.GetCommentsQueryHandler.HandleAsync(GetCommentsQuery query, CancellationToken cancellationToken) in D:\GitHub\Clean-Architecture\BlogApp.API\Application\Features\Comment\Queries\GetCommentsQuery.cs:line 24&#xD;
   at BlogApp.UnitTests.Handlers.GetCommentsQueryHandlerTests.HandleAsync_WithNoComments_ShouldReturnEmptyList() in D:\GitHub\Clean-Architecture\Tests\BlogApp.UnitTests\Handlers\GetCommentsQueryHandlerTests.cs:line 94&#xD;
--- End of stack trace from previous location ---</StackTrace>
        </ErrorInfo>
      </Output>
    </UnitTestResult>
    <UnitTestResult executionId="7976c58e-2aad-45c7-9829-20a7ca21af91" testId="91b4e555-bce8-51bf-6ddb-28166dcb6ebd" testName="BlogApp.UnitTests.Factories.UnitOfWorkFactoryTests.CreateCommandUnitOfWork_ShouldReturnCommandUnitOfWork" computerName="DESKTOP-QSMFJFT" duration="00:00:00.0453372" startTime="2025-07-16T13:29:45.4658323+06:00" endTime="2025-07-16T13:29:45.4658323+06:00" testType="13cdc9d9-ddb5-4fa4-a97d-d965ccfc6d4b" outcome="Failed" testListId="8c84fa94-04c1-424b-9868-57a2d4851a1d" relativeResultsDirectory="7976c58e-2aad-45c7-9829-20a7ca21af91">
      <Output>
        <ErrorInfo>
          <Message>System.NotSupportedException : Unsupported expression: x =&gt; x.GetConnectionString("CommandConnection")&#xD;
Extension methods (here: ConfigurationExtensions.GetConnectionString) may not be used in setup / verification expressions.</Message>
          <StackTrace>   at Moq.Guard.IsOverridable(MethodInfo method, Expression expression) in /_/src/Moq/Guard.cs:line 87&#xD;
   at Moq.MethodExpectation..ctor(LambdaExpression expression, MethodInfo method, IReadOnlyList`1 arguments, Boolean exactGenericTypeArguments, Boolean skipMatcherInitialization, Boolean allowNonOverridable) in /_/src/Moq/MethodExpectation.cs:line 87&#xD;
   at Moq.ExpressionExtensions.&lt;Split&gt;g__Split|5_0(Expression e, Expression&amp; r, MethodExpectation&amp; p, Boolean assignment, Boolean allowNonOverridableLastProperty) in /_/src/Moq/ExpressionExtensions.cs:line 235&#xD;
   at Moq.ExpressionExtensions.Split(LambdaExpression expression, Boolean allowNonOverridableLastProperty) in /_/src/Moq/ExpressionExtensions.cs:line 149&#xD;
   at Moq.Mock.SetupRecursive[TSetup](Mock mock, LambdaExpression expression, Func`4 setupLast, Boolean allowNonOverridableLastProperty) in /_/src/Moq/Mock.cs:line 645&#xD;
   at Moq.Mock.Setup(Mock mock, LambdaExpression expression, Condition condition) in /_/src/Moq/Mock.cs:line 500&#xD;
   at Moq.Mock`1.Setup[TResult](Expression`1 expression) in /_/src/Moq/Mock`1.cs:line 452&#xD;
   at BlogApp.UnitTests.Factories.UnitOfWorkFactoryTests.SetupConfigurationForCommandDb() in D:\GitHub\Clean-Architecture\Tests\BlogApp.UnitTests\Factories\UnitOfWorkFactoryTests.cs:line 105&#xD;
   at BlogApp.UnitTests.Factories.UnitOfWorkFactoryTests.CreateCommandUnitOfWork_ShouldReturnCommandUnitOfWork() in D:\GitHub\Clean-Architecture\Tests\BlogApp.UnitTests\Factories\UnitOfWorkFactoryTests.cs:line 22&#xD;
   at System.RuntimeMethodHandle.InvokeMethod(Object target, Void** arguments, Signature sig, Boolean isConstructor)&#xD;
   at System.Reflection.MethodBaseInvoker.InvokeWithNoArgs(Object obj, BindingFlags invokeAttr)</StackTrace>
        </ErrorInfo>
      </Output>
    </UnitTestResult>
    <UnitTestResult executionId="52e96a0c-136d-4077-aaac-096eb34af5c6" testId="b2053673-8226-819c-c20c-9d3bbd3e95a6" testName="BlogApp.UnitTests.Handlers.GetTagsQueryHandlerTests.HandleAsync_WithValidQuery_ShouldReturnSuccessResponse" computerName="DESKTOP-QSMFJFT" duration="00:00:00.0016858" startTime="2025-07-16T13:29:45.4711805+06:00" endTime="2025-07-16T13:29:45.4711805+06:00" testType="13cdc9d9-ddb5-4fa4-a97d-d965ccfc6d4b" outcome="Passed" testListId="8c84fa94-04c1-424b-9868-57a2d4851a1d" relativeResultsDirectory="52e96a0c-136d-4077-aaac-096eb34af5c6" />
    <UnitTestResult executionId="b048f65d-ccd8-4439-a470-b9e2b440084e" testId="0cd46b47-7a73-3a51-9cb1-17d37d15e0bb" testName="BlogApp.UnitTests.Validators.GetCommentsQueryValidatorTests.Validate_WithNegativeBlogPostId_ShouldFail" computerName="DESKTOP-QSMFJFT" duration="00:00:00.0005016" startTime="2025-07-16T13:29:45.4295814+06:00" endTime="2025-07-16T13:29:45.4295816+06:00" testType="13cdc9d9-ddb5-4fa4-a97d-d965ccfc6d4b" outcome="Passed" testListId="8c84fa94-04c1-424b-9868-57a2d4851a1d" relativeResultsDirectory="b048f65d-ccd8-4439-a470-b9e2b440084e" />
    <UnitTestResult executionId="8dd58e1d-2406-4f78-876e-3ec7d42bd1fd" testId="fcd5a351-7741-c9c2-a24a-8407b66e506d" testName="BlogApp.UnitTests.Validators.SearchPostsQueryValidatorTests.Validate_WithNegativePageSize_ShouldFail" computerName="DESKTOP-QSMFJFT" duration="00:00:00.0004911" startTime="2025-07-16T13:29:45.4502313+06:00" endTime="2025-07-16T13:29:45.4502314+06:00" testType="13cdc9d9-ddb5-4fa4-a97d-d965ccfc6d4b" outcome="Passed" testListId="8c84fa94-04c1-424b-9868-57a2d4851a1d" relativeResultsDirectory="8dd58e1d-2406-4f78-876e-3ec7d42bd1fd" />
    <UnitTestResult executionId="6603921d-58fe-4671-8f5e-bde2484b7984" testId="f17f4d22-918f-864e-dfd3-843308cfed78" testName="BlogApp.UnitTests.Services.AuthServiceTests.LoginAsync_WithInvalidPassword_ShouldReturnFailureResponse" computerName="DESKTOP-QSMFJFT" duration="00:00:00.0980767" startTime="2025-07-16T13:29:45.4771439+06:00" endTime="2025-07-16T13:29:45.4771440+06:00" testType="13cdc9d9-ddb5-4fa4-a97d-d965ccfc6d4b" outcome="Failed" testListId="8c84fa94-04c1-424b-9868-57a2d4851a1d" relativeResultsDirectory="6603921d-58fe-4671-8f5e-bde2484b7984">
      <Output>
        <ErrorInfo>
          <Message>Expected result.Message "Invalid email or password" to contain "Invalid credentials".</Message>
          <StackTrace>   at FluentAssertions.Execution.LateBoundTestFramework.Throw(String message)&#xD;
   at FluentAssertions.Execution.DefaultAssertionStrategy.HandleFailure(String message)&#xD;
   at FluentAssertions.Execution.AssertionScope.AddPreFormattedFailure(String formattedFailureMessage)&#xD;
   at FluentAssertions.Execution.AssertionChain.FailWith(Func`1 getFailureReason)&#xD;
   at FluentAssertions.Execution.AssertionChain.FailWith(Func`1 getFailureReason)&#xD;
   at FluentAssertions.Execution.AssertionChain.FailWith(String message, Object[] args)&#xD;
   at FluentAssertions.Primitives.StringAssertions`1.Contain(String expected, String because, Object[] becauseArgs)&#xD;
   at BlogApp.UnitTests.Services.AuthServiceTests.LoginAsync_WithInvalidPassword_ShouldReturnFailureResponse() in D:\GitHub\Clean-Architecture\Tests\BlogApp.UnitTests\Services\AuthServiceTests.cs:line 106&#xD;
--- End of stack trace from previous location ---</StackTrace>
        </ErrorInfo>
      </Output>
    </UnitTestResult>
    <UnitTestResult executionId="25f46ff2-b6bf-4459-a66a-4575c2381c26" testId="442cbb7c-dff6-64dc-3837-94ddf065a120" testName="BlogApp.UnitTests.Handlers.GetBlogPostsQueryHandlerTests.HandleAsync_WithValidQuery_ShouldReturnSuccessResponse" computerName="DESKTOP-QSMFJFT" duration="00:00:00.0907283" startTime="2025-07-16T13:29:45.4711634+06:00" endTime="2025-07-16T13:29:45.4711635+06:00" testType="13cdc9d9-ddb5-4fa4-a97d-d965ccfc6d4b" outcome="Passed" testListId="8c84fa94-04c1-424b-9868-57a2d4851a1d" relativeResultsDirectory="25f46ff2-b6bf-4459-a66a-4575c2381c26" />
    <UnitTestResult executionId="51686672-8b4e-42c5-a62c-4158e7a5e73f" testId="f8f92c7a-794a-c275-b0ee-0653e5fa63f7" testName="BlogApp.UnitTests.Validators.CreateBlogPostCommandValidatorTests.Validate_WithLongTitle_ShouldFail" computerName="DESKTOP-QSMFJFT" duration="00:00:00.0005871" startTime="2025-07-16T13:29:45.4165058+06:00" endTime="2025-07-16T13:29:45.4165059+06:00" testType="13cdc9d9-ddb5-4fa4-a97d-d965ccfc6d4b" outcome="Passed" testListId="8c84fa94-04c1-424b-9868-57a2d4851a1d" relativeResultsDirectory="51686672-8b4e-42c5-a62c-4158e7a5e73f" />
    <UnitTestResult executionId="8b3a6609-dc22-421a-beaf-3efe30ceb281" testId="1bf4df54-d5ad-a2ed-4570-201402aefc76" testName="BlogApp.UnitTests.Validators.GetBlogPostBySlugQueryValidatorTests.Validate_WithValidSlug_ShouldPass" computerName="DESKTOP-QSMFJFT" duration="00:00:00.0002521" startTime="2025-07-16T13:29:45.4473723+06:00" endTime="2025-07-16T13:29:45.4473723+06:00" testType="13cdc9d9-ddb5-4fa4-a97d-d965ccfc6d4b" outcome="Passed" testListId="8c84fa94-04c1-424b-9868-57a2d4851a1d" relativeResultsDirectory="8b3a6609-dc22-421a-beaf-3efe30ceb281" />
    <UnitTestResult executionId="a413d02e-9546-4111-9b57-82997525160d" testId="90e39746-de28-8828-f54c-d2d319762883" testName="BlogApp.UnitTests.Validators.GetBlogPostsQueryValidatorTests.Validate_WithValidData_ShouldPass" computerName="DESKTOP-QSMFJFT" duration="00:00:00.0003074" startTime="2025-07-16T13:29:45.4474203+06:00" endTime="2025-07-16T13:29:45.4474203+06:00" testType="13cdc9d9-ddb5-4fa4-a97d-d965ccfc6d4b" outcome="Passed" testListId="8c84fa94-04c1-424b-9868-57a2d4851a1d" relativeResultsDirectory="a413d02e-9546-4111-9b57-82997525160d" />
    <UnitTestResult executionId="8c39413e-d7ac-41f7-8dac-25f5e4a0905b" testId="80b26f0c-303b-12c6-c375-b61486050ed1" testName="BlogApp.UnitTests.UnitOfWork.QueryUnitOfWorkTests.Dispose_ShouldDisposeContext" computerName="DESKTOP-QSMFJFT" duration="00:00:00.0016320" startTime="2025-07-16T13:29:45.4653368+06:00" endTime="2025-07-16T13:29:45.4653370+06:00" testType="13cdc9d9-ddb5-4fa4-a97d-d965ccfc6d4b" outcome="Failed" testListId="8c84fa94-04c1-424b-9868-57a2d4851a1d" relativeResultsDirectory="8c39413e-d7ac-41f7-8dac-25f5e4a0905b">
      <Output>
        <ErrorInfo>
          <Message>System.ObjectDisposedException : Cannot access a disposed context instance. A common cause of this error is disposing a context instance that was resolved from dependency injection and then later trying to use the same context instance elsewhere in your application. This may occur if you are calling 'Dispose' on the context instance, or wrapping it in a using statement. If you are using dependency injection, you should let the dependency injection container take care of disposing context instances.&#xD;
Object name: 'QueryDbContext'.</Message>
          <StackTrace>   at Microsoft.EntityFrameworkCore.DbContext.CheckDisposed()&#xD;
   at Microsoft.EntityFrameworkCore.DbContext.get_Database()&#xD;
   at BlogApp.UnitTests.UnitOfWork.QueryUnitOfWorkTests.Dispose_ShouldDisposeContext() in D:\GitHub\Clean-Architecture\Tests\BlogApp.UnitTests\UnitOfWork\QueryUnitOfWorkTests.cs:line 102&#xD;
   at System.RuntimeMethodHandle.InvokeMethod(Object target, Void** arguments, Signature sig, Boolean isConstructor)&#xD;
   at System.Reflection.MethodBaseInvoker.InvokeWithNoArgs(Object obj, BindingFlags invokeAttr)</StackTrace>
        </ErrorInfo>
      </Output>
    </UnitTestResult>
    <UnitTestResult executionId="f0e7c2d6-555e-4eb0-96d7-68f26304b221" testId="4960721d-7e6d-67d9-12c6-93e820fa05e4" testName="BlogApp.UnitTests.Validators.RegisterCommandValidatorTests.Validate_WithWeakPassword_ShouldFail" computerName="DESKTOP-QSMFJFT" duration="00:00:00.0008577" startTime="2025-07-16T13:29:45.4502899+06:00" endTime="2025-07-16T13:29:45.4502899+06:00" testType="13cdc9d9-ddb5-4fa4-a97d-d965ccfc6d4b" outcome="Passed" testListId="8c84fa94-04c1-424b-9868-57a2d4851a1d" relativeResultsDirectory="f0e7c2d6-555e-4eb0-96d7-68f26304b221" />
    <UnitTestResult executionId="07585482-5432-4b82-902d-076ddaeb0660" testId="59dce7e9-ec8b-2b1f-efee-24ec41c4896d" testName="BlogApp.UnitTests.Factories.UnitOfWorkFactoryTests.CreateQueryUnitOfWork_WithMultipleCalls_ShouldReturnDifferentInstances" computerName="DESKTOP-QSMFJFT" duration="00:00:00.0002089" startTime="2025-07-16T13:29:45.4701184+06:00" endTime="2025-07-16T13:29:45.4701185+06:00" testType="13cdc9d9-ddb5-4fa4-a97d-d965ccfc6d4b" outcome="Failed" testListId="8c84fa94-04c1-424b-9868-57a2d4851a1d" relativeResultsDirectory="07585482-5432-4b82-902d-076ddaeb0660">
      <Output>
        <ErrorInfo>
          <Message>System.NotSupportedException : Unsupported expression: x =&gt; x.GetConnectionString("QueryConnection")&#xD;
Extension methods (here: ConfigurationExtensions.GetConnectionString) may not be used in setup / verification expressions.</Message>
          <StackTrace>   at Moq.Guard.IsOverridable(MethodInfo method, Expression expression) in /_/src/Moq/Guard.cs:line 87&#xD;
   at Moq.MethodExpectation..ctor(LambdaExpression expression, MethodInfo method, IReadOnlyList`1 arguments, Boolean exactGenericTypeArguments, Boolean skipMatcherInitialization, Boolean allowNonOverridable) in /_/src/Moq/MethodExpectation.cs:line 87&#xD;
   at Moq.ExpressionExtensions.&lt;Split&gt;g__Split|5_0(Expression e, Expression&amp; r, MethodExpectation&amp; p, Boolean assignment, Boolean allowNonOverridableLastProperty) in /_/src/Moq/ExpressionExtensions.cs:line 235&#xD;
   at Moq.ExpressionExtensions.Split(LambdaExpression expression, Boolean allowNonOverridableLastProperty) in /_/src/Moq/ExpressionExtensions.cs:line 149&#xD;
   at Moq.Mock.SetupRecursive[TSetup](Mock mock, LambdaExpression expression, Func`4 setupLast, Boolean allowNonOverridableLastProperty) in /_/src/Moq/Mock.cs:line 645&#xD;
   at Moq.Mock.Setup(Mock mock, LambdaExpression expression, Condition condition) in /_/src/Moq/Mock.cs:line 500&#xD;
   at Moq.Mock`1.Setup[TResult](Expression`1 expression) in /_/src/Moq/Mock`1.cs:line 452&#xD;
   at BlogApp.UnitTests.Factories.UnitOfWorkFactoryTests.SetupConfigurationForQueryDb() in D:\GitHub\Clean-Architecture\Tests\BlogApp.UnitTests\Factories\UnitOfWorkFactoryTests.cs:line 112&#xD;
   at BlogApp.UnitTests.Factories.UnitOfWorkFactoryTests.CreateQueryUnitOfWork_WithMultipleCalls_ShouldReturnDifferentInstances() in D:\GitHub\Clean-Architecture\Tests\BlogApp.UnitTests\Factories\UnitOfWorkFactoryTests.cs:line 64&#xD;
   at System.RuntimeMethodHandle.InvokeMethod(Object target, Void** arguments, Signature sig, Boolean isConstructor)&#xD;
   at System.Reflection.MethodBaseInvoker.InvokeWithNoArgs(Object obj, BindingFlags invokeAttr)</StackTrace>
        </ErrorInfo>
      </Output>
    </UnitTestResult>
    <UnitTestResult executionId="f98b2c1b-bc8a-4702-a09e-65c28004be6a" testId="e4a21c8e-7fbc-a9cf-1adf-d7f73212aa8d" testName="BlogApp.UnitTests.Factories.UnitOfWorkFactoryTests.CreateQueryUnitOfWork_ShouldCreateValidContext" computerName="DESKTOP-QSMFJFT" duration="00:00:00.0005139" startTime="2025-07-16T13:29:45.4664149+06:00" endTime="2025-07-16T13:29:45.4664150+06:00" testType="13cdc9d9-ddb5-4fa4-a97d-d965ccfc6d4b" outcome="Failed" testListId="8c84fa94-04c1-424b-9868-57a2d4851a1d" relativeResultsDirectory="f98b2c1b-bc8a-4702-a09e-65c28004be6a">
      <Output>
        <ErrorInfo>
          <Message>System.NotSupportedException : Unsupported expression: x =&gt; x.GetConnectionString("QueryConnection")&#xD;
Extension methods (here: ConfigurationExtensions.GetConnectionString) may not be used in setup / verification expressions.</Message>
          <StackTrace>   at Moq.Guard.IsOverridable(MethodInfo method, Expression expression) in /_/src/Moq/Guard.cs:line 87&#xD;
   at Moq.MethodExpectation..ctor(LambdaExpression expression, MethodInfo method, IReadOnlyList`1 arguments, Boolean exactGenericTypeArguments, Boolean skipMatcherInitialization, Boolean allowNonOverridable) in /_/src/Moq/MethodExpectation.cs:line 87&#xD;
   at Moq.ExpressionExtensions.&lt;Split&gt;g__Split|5_0(Expression e, Expression&amp; r, MethodExpectation&amp; p, Boolean assignment, Boolean allowNonOverridableLastProperty) in /_/src/Moq/ExpressionExtensions.cs:line 235&#xD;
   at Moq.ExpressionExtensions.Split(LambdaExpression expression, Boolean allowNonOverridableLastProperty) in /_/src/Moq/ExpressionExtensions.cs:line 149&#xD;
   at Moq.Mock.SetupRecursive[TSetup](Mock mock, LambdaExpression expression, Func`4 setupLast, Boolean allowNonOverridableLastProperty) in /_/src/Moq/Mock.cs:line 645&#xD;
   at Moq.Mock.Setup(Mock mock, LambdaExpression expression, Condition condition) in /_/src/Moq/Mock.cs:line 500&#xD;
   at Moq.Mock`1.Setup[TResult](Expression`1 expression) in /_/src/Moq/Mock`1.cs:line 452&#xD;
   at BlogApp.UnitTests.Factories.UnitOfWorkFactoryTests.SetupConfigurationForQueryDb() in D:\GitHub\Clean-Architecture\Tests\BlogApp.UnitTests\Factories\UnitOfWorkFactoryTests.cs:line 112&#xD;
   at BlogApp.UnitTests.Factories.UnitOfWorkFactoryTests.CreateQueryUnitOfWork_ShouldCreateValidContext() in D:\GitHub\Clean-Architecture\Tests\BlogApp.UnitTests\Factories\UnitOfWorkFactoryTests.cs:line 92&#xD;
   at System.RuntimeMethodHandle.InvokeMethod(Object target, Void** arguments, Signature sig, Boolean isConstructor)&#xD;
   at System.Reflection.MethodBaseInvoker.InvokeWithNoArgs(Object obj, BindingFlags invokeAttr)</StackTrace>
        </ErrorInfo>
      </Output>
    </UnitTestResult>
    <UnitTestResult executionId="17e74d01-4905-4171-9515-a6d6388dc85f" testId="aab7b010-ff00-644a-f4f4-5c853c64fb2e" testName="BlogApp.UnitTests.UnitOfWork.CommandUnitOfWorkTests.Repository_WithDifferentTypes_ShouldReturnDifferentRepositories" computerName="DESKTOP-QSMFJFT" duration="00:00:00.0840608" startTime="2025-07-16T13:29:45.4639974+06:00" endTime="2025-07-16T13:29:45.4639975+06:00" testType="13cdc9d9-ddb5-4fa4-a97d-d965ccfc6d4b" outcome="Failed" testListId="8c84fa94-04c1-424b-9868-57a2d4851a1d" relativeResultsDirectory="17e74d01-4905-4171-9515-a6d6388dc85f">
      <Output>
        <ErrorInfo>
          <Message>System.InvalidOperationException : Repository for type BlogPost is not registered in the DI container.</Message>
          <StackTrace>   at BlogApp.API.Infrastructure.Persistence.UnitOfWork.Implementations.CommandUnitOfWork.Repository[T]() in D:\GitHub\Clean-Architecture\BlogApp.API\Infrastructure\Persistence\UnitOfWork\Implementations\CommandUnitOfWork.cs:line 29&#xD;
   at BlogApp.UnitTests.UnitOfWork.CommandUnitOfWorkTests.Repository_WithDifferentTypes_ShouldReturnDifferentRepositories() in D:\GitHub\Clean-Architecture\Tests\BlogApp.UnitTests\UnitOfWork\CommandUnitOfWorkTests.cs:line 39&#xD;
   at System.RuntimeMethodHandle.InvokeMethod(Object target, Void** arguments, Signature sig, Boolean isConstructor)&#xD;
   at System.Reflection.MethodBaseInvoker.InvokeWithNoArgs(Object obj, BindingFlags invokeAttr)</StackTrace>
        </ErrorInfo>
      </Output>
    </UnitTestResult>
    <UnitTestResult executionId="d17db78b-cb45-4fa3-ae9a-b178c3b9fc6e" testId="a4b2491e-c54d-7e8b-ec0d-c2987ac04571" testName="BlogApp.UnitTests.Handlers.GetTagsQueryHandlerTests.HandleAsync_WithSingleTag_ShouldReturnSingleItem" computerName="DESKTOP-QSMFJFT" duration="00:00:00.0899395" startTime="2025-07-16T13:29:45.4706862+06:00" endTime="2025-07-16T13:29:45.4706863+06:00" testType="13cdc9d9-ddb5-4fa4-a97d-d965ccfc6d4b" outcome="Passed" testListId="8c84fa94-04c1-424b-9868-57a2d4851a1d" relativeResultsDirectory="d17db78b-cb45-4fa3-ae9a-b178c3b9fc6e" />
    <UnitTestResult executionId="afe04694-57d0-485c-89df-007f69a51006" testId="848d7884-979a-627e-fa45-a16820e056c8" testName="BlogApp.UnitTests.Handlers.GetCategoriesQueryHandlerTests.HandleAsync_WithValidQuery_ShouldReturnSuccessResponse" computerName="DESKTOP-QSMFJFT" duration="00:00:00.0023946" startTime="2025-07-16T13:29:45.4707162+06:00" endTime="2025-07-16T13:29:45.4707163+06:00" testType="13cdc9d9-ddb5-4fa4-a97d-d965ccfc6d4b" outcome="Passed" testListId="8c84fa94-04c1-424b-9868-57a2d4851a1d" relativeResultsDirectory="afe04694-57d0-485c-89df-007f69a51006" />
    <UnitTestResult executionId="f237ee6a-8fb8-4728-82e9-f36cea2629b7" testId="fca994dc-a22d-0585-a1a8-286bb6371018" testName="BlogApp.UnitTests.Validators.GetBlogPostBySlugQueryValidatorTests.Validate_WithShortSlug_ShouldFail" computerName="DESKTOP-QSMFJFT" duration="00:00:00.0008555" startTime="2025-07-16T13:29:45.4477600+06:00" endTime="2025-07-16T13:29:45.4477601+06:00" testType="13cdc9d9-ddb5-4fa4-a97d-d965ccfc6d4b" outcome="Failed" testListId="8c84fa94-04c1-424b-9868-57a2d4851a1d" relativeResultsDirectory="f237ee6a-8fb8-4728-82e9-f36cea2629b7">
      <Output>
        <ErrorInfo>
          <Message>Expected result.IsValid to be False, but found True.</Message>
          <StackTrace>   at FluentAssertions.Execution.LateBoundTestFramework.Throw(String message)&#xD;
   at FluentAssertions.Execution.DefaultAssertionStrategy.HandleFailure(String message)&#xD;
   at FluentAssertions.Execution.AssertionScope.AddPreFormattedFailure(String formattedFailureMessage)&#xD;
   at FluentAssertions.Execution.AssertionChain.FailWith(Func`1 getFailureReason)&#xD;
   at FluentAssertions.Execution.AssertionChain.FailWith(Func`1 getFailureReason)&#xD;
   at FluentAssertions.Execution.AssertionChain.FailWith(String message, Object[] args)&#xD;
   at FluentAssertions.Primitives.BooleanAssertions`1.BeFalse(String because, Object[] becauseArgs)&#xD;
   at BlogApp.UnitTests.Validators.GetBlogPostBySlugQueryValidatorTests.Validate_WithShortSlug_ShouldFail() in D:\GitHub\Clean-Architecture\Tests\BlogApp.UnitTests\Validators\GetBlogPostBySlugQueryValidatorTests.cs:line 78&#xD;
   at System.RuntimeMethodHandle.InvokeMethod(Object target, Void** arguments, Signature sig, Boolean isConstructor)&#xD;
   at System.Reflection.MethodBaseInvoker.InvokeWithNoArgs(Object obj, BindingFlags invokeAttr)</StackTrace>
        </ErrorInfo>
      </Output>
    </UnitTestResult>
    <UnitTestResult executionId="193cf32d-892e-4446-b2a2-e1bce32d0cc6" testId="860c9470-1386-ded4-b8ba-12f0da25ee7e" testName="BlogApp.UnitTests.UnitOfWork.CommandUnitOfWorkTests.SaveChangesAsync_WithNoChanges_ShouldReturnZero" computerName="DESKTOP-QSMFJFT" duration="00:00:00.2087645" startTime="2025-07-16T13:29:45.6757251+06:00" endTime="2025-07-16T13:29:45.6757252+06:00" testType="13cdc9d9-ddb5-4fa4-a97d-d965ccfc6d4b" outcome="Passed" testListId="8c84fa94-04c1-424b-9868-57a2d4851a1d" relativeResultsDirectory="193cf32d-892e-4446-b2a2-e1bce32d0cc6" />
    <UnitTestResult executionId="251d52ec-72e0-4e5c-8caf-a4312cfe79e4" testId="eaf3014e-237c-0fce-b98a-3afa20d1e3be" testName="BlogApp.UnitTests.UnitOfWork.QueryUnitOfWorkTests.Repository_WithDifferentTypes_ShouldReturnDifferentRepositories" computerName="DESKTOP-QSMFJFT" duration="00:00:00.0839474" startTime="2025-07-16T13:29:45.4634818+06:00" endTime="2025-07-16T13:29:45.4634821+06:00" testType="13cdc9d9-ddb5-4fa4-a97d-d965ccfc6d4b" outcome="Failed" testListId="8c84fa94-04c1-424b-9868-57a2d4851a1d" relativeResultsDirectory="251d52ec-72e0-4e5c-8caf-a4312cfe79e4">
      <Output>
        <ErrorInfo>
          <Message>System.InvalidOperationException : Repository for type BlogPost is not registered in the DI container.</Message>
          <StackTrace>   at BlogApp.API.Infrastructure.Persistence.UnitOfWork.Implementations.QueryUnitOfWork.Repository[T]() in D:\GitHub\Clean-Architecture\BlogApp.API\Infrastructure\Persistence\UnitOfWork\Implementations\QueryUnitOfWork.cs:line 28&#xD;
   at BlogApp.UnitTests.UnitOfWork.QueryUnitOfWorkTests.Repository_WithDifferentTypes_ShouldReturnDifferentRepositories() in D:\GitHub\Clean-Architecture\Tests\BlogApp.UnitTests\UnitOfWork\QueryUnitOfWorkTests.cs:line 39&#xD;
   at System.RuntimeMethodHandle.InvokeMethod(Object target, Void** arguments, Signature sig, Boolean isConstructor)&#xD;
   at System.Reflection.MethodBaseInvoker.InvokeWithNoArgs(Object obj, BindingFlags invokeAttr)</StackTrace>
        </ErrorInfo>
      </Output>
    </UnitTestResult>
    <UnitTestResult executionId="86cbcc85-115b-43ee-ad18-1c2a9b2e2971" testId="a62cfbd2-f915-6ab1-3232-2d201348e772" testName="BlogApp.UnitTests.Validators.LoginCommandValidatorTests.Validate_WithValidData_ShouldPass" computerName="DESKTOP-QSMFJFT" duration="00:00:00.0014612" startTime="2025-07-16T13:29:45.4172810+06:00" endTime="2025-07-16T13:29:45.4172811+06:00" testType="13cdc9d9-ddb5-4fa4-a97d-d965ccfc6d4b" outcome="Passed" testListId="8c84fa94-04c1-424b-9868-57a2d4851a1d" relativeResultsDirectory="86cbcc85-115b-43ee-ad18-1c2a9b2e2971" />
    <UnitTestResult executionId="4c939fdd-2e71-4a33-830a-8cb3138dea5a" testId="8ab6cec5-9190-dc0b-2145-d2adbabe8d04" testName="BlogApp.UnitTests.Validators.RegisterCommandValidatorTests.Validate_WithInvalidEmail_ShouldFail" computerName="DESKTOP-QSMFJFT" duration="00:00:00.0005392" startTime="2025-07-16T13:29:45.4485031+06:00" endTime="2025-07-16T13:29:45.4485033+06:00" testType="13cdc9d9-ddb5-4fa4-a97d-d965ccfc6d4b" outcome="Passed" testListId="8c84fa94-04c1-424b-9868-57a2d4851a1d" relativeResultsDirectory="4c939fdd-2e71-4a33-830a-8cb3138dea5a" />
    <UnitTestResult executionId="d9cf7a50-757d-4c0a-8179-e7118d671754" testId="f0307449-7fc1-699f-0c15-686f80ed11f9" testName="BlogApp.UnitTests.Handlers.GetCategoriesQueryHandlerTests.HandleAsync_WithSingleCategory_ShouldReturnSingleItem" computerName="DESKTOP-QSMFJFT" duration="00:00:00.0017708" startTime="2025-07-16T13:29:45.4712330+06:00" endTime="2025-07-16T13:29:45.4712332+06:00" testType="13cdc9d9-ddb5-4fa4-a97d-d965ccfc6d4b" outcome="Passed" testListId="8c84fa94-04c1-424b-9868-57a2d4851a1d" relativeResultsDirectory="d9cf7a50-757d-4c0a-8179-e7118d671754" />
    <UnitTestResult executionId="a809f9fb-48bf-4b1f-af2b-495db45f6953" testId="2bfb61ac-93d6-5705-e70f-230767a35922" testName="BlogApp.UnitTests.Validators.SearchPostsQueryValidatorTests.Validate_WithLongSearchTerm_ShouldFail" computerName="DESKTOP-QSMFJFT" duration="00:00:00.0007589" startTime="2025-07-16T13:29:45.4516410+06:00" endTime="2025-07-16T13:29:45.4516411+06:00" testType="13cdc9d9-ddb5-4fa4-a97d-d965ccfc6d4b" outcome="Failed" testListId="8c84fa94-04c1-424b-9868-57a2d4851a1d" relativeResultsDirectory="a809f9fb-48bf-4b1f-af2b-495db45f6953">
      <Output>
        <ErrorInfo>
          <Message>Expected result.IsValid to be False, but found True.</Message>
          <StackTrace>   at FluentAssertions.Execution.LateBoundTestFramework.Throw(String message)&#xD;
   at FluentAssertions.Execution.DefaultAssertionStrategy.HandleFailure(String message)&#xD;
   at FluentAssertions.Execution.AssertionScope.AddPreFormattedFailure(String formattedFailureMessage)&#xD;
   at FluentAssertions.Execution.AssertionChain.FailWith(Func`1 getFailureReason)&#xD;
   at FluentAssertions.Execution.AssertionChain.FailWith(Func`1 getFailureReason)&#xD;
   at FluentAssertions.Execution.AssertionChain.FailWith(String message, Object[] args)&#xD;
   at FluentAssertions.Primitives.BooleanAssertions`1.BeFalse(String because, Object[] becauseArgs)&#xD;
   at BlogApp.UnitTests.Validators.SearchPostsQueryValidatorTests.Validate_WithLongSearchTerm_ShouldFail() in D:\GitHub\Clean-Architecture\Tests\BlogApp.UnitTests\Validators\SearchPostsQueryValidatorTests.cs:line 134&#xD;
   at System.RuntimeMethodHandle.InvokeMethod(Object target, Void** arguments, Signature sig, Boolean isConstructor)&#xD;
   at System.Reflection.MethodBaseInvoker.InvokeWithNoArgs(Object obj, BindingFlags invokeAttr)</StackTrace>
        </ErrorInfo>
      </Output>
    </UnitTestResult>
    <UnitTestResult executionId="b0aa866d-8be6-4a9e-b04e-3ab5ee16681d" testId="4e14efe9-5733-09b7-d56c-cd8b3fd72124" testName="BlogApp.UnitTests.Services.AuthServiceTests.RegisterAsync_WithExistingEmail_ShouldReturnFailureResponse" computerName="DESKTOP-QSMFJFT" duration="00:00:00.0012110" startTime="2025-07-16T13:29:45.4905400+06:00" endTime="2025-07-16T13:29:45.4905401+06:00" testType="13cdc9d9-ddb5-4fa4-a97d-d965ccfc6d4b" outcome="Failed" testListId="8c84fa94-04c1-424b-9868-57a2d4851a1d" relativeResultsDirectory="b0aa866d-8be6-4a9e-b04e-3ab5ee16681d">
      <Output>
        <ErrorInfo>
          <Message>Expected result.Message "User with this email already exists" to contain "Email already exists".</Message>
          <StackTrace>   at FluentAssertions.Execution.LateBoundTestFramework.Throw(String message)&#xD;
   at FluentAssertions.Execution.DefaultAssertionStrategy.HandleFailure(String message)&#xD;
   at FluentAssertions.Execution.AssertionScope.AddPreFormattedFailure(String formattedFailureMessage)&#xD;
   at FluentAssertions.Execution.AssertionChain.FailWith(Func`1 getFailureReason)&#xD;
   at FluentAssertions.Execution.AssertionChain.FailWith(Func`1 getFailureReason)&#xD;
   at FluentAssertions.Execution.AssertionChain.FailWith(String message, Object[] args)&#xD;
   at FluentAssertions.Primitives.StringAssertions`1.Contain(String expected, String because, Object[] becauseArgs)&#xD;
   at BlogApp.UnitTests.Services.AuthServiceTests.RegisterAsync_WithExistingEmail_ShouldReturnFailureResponse() in D:\GitHub\Clean-Architecture\Tests\BlogApp.UnitTests\Services\AuthServiceTests.cs:line 179&#xD;
--- End of stack trace from previous location ---</StackTrace>
        </ErrorInfo>
      </Output>
    </UnitTestResult>
    <UnitTestResult executionId="539bdc00-b356-4a0d-b276-fe329e0587ff" testId="27d1a931-a041-0899-cc91-84afa5c52c74" testName="BlogApp.UnitTests.Validators.CreateBlogPostCommandValidatorTests.Validate_WithEmptyTitle_ShouldFail" computerName="DESKTOP-QSMFJFT" duration="00:00:00.0352210" startTime="2025-07-16T13:29:45.4147776+06:00" endTime="2025-07-16T13:29:45.4147777+06:00" testType="13cdc9d9-ddb5-4fa4-a97d-d965ccfc6d4b" outcome="Passed" testListId="8c84fa94-04c1-424b-9868-57a2d4851a1d" relativeResultsDirectory="539bdc00-b356-4a0d-b276-fe329e0587ff" />
    <UnitTestResult executionId="0f8c7fbc-48ba-4486-8f17-b0ccc38d9ef4" testId="e24858c3-b6c6-f0b5-8b1d-e12b277c1bfd" testName="BlogApp.UnitTests.CQRS.MediatorTests.SendAsync_WithCommandHandlerThrowingException_ShouldPropagateException" computerName="DESKTOP-QSMFJFT" duration="00:00:00.0040771" startTime="2025-07-16T13:29:45.4648127+06:00" endTime="2025-07-16T13:29:45.4648127+06:00" testType="13cdc9d9-ddb5-4fa4-a97d-d965ccfc6d4b" outcome="Passed" testListId="8c84fa94-04c1-424b-9868-57a2d4851a1d" relativeResultsDirectory="0f8c7fbc-48ba-4486-8f17-b0ccc38d9ef4" />
    <UnitTestResult executionId="cbf232cd-8d02-4284-b152-a1e9cf7eca6d" testId="4ff11d50-4968-100c-8ffb-2ff11bcf657e" testName="BlogApp.UnitTests.Validators.SearchPostsQueryValidatorTests.Validate_WithNullSearchTerm_ShouldPass" computerName="DESKTOP-QSMFJFT" duration="00:00:00.0232323" startTime="2025-07-16T13:29:45.4460455+06:00" endTime="2025-07-16T13:29:45.4460456+06:00" testType="13cdc9d9-ddb5-4fa4-a97d-d965ccfc6d4b" outcome="Failed" testListId="8c84fa94-04c1-424b-9868-57a2d4851a1d" relativeResultsDirectory="cbf232cd-8d02-4284-b152-a1e9cf7eca6d">
      <Output>
        <ErrorInfo>
          <Message>Expected result.IsValid to be True, but found False.</Message>
          <StackTrace>   at FluentAssertions.Execution.LateBoundTestFramework.Throw(String message)&#xD;
   at FluentAssertions.Execution.DefaultAssertionStrategy.HandleFailure(String message)&#xD;
   at FluentAssertions.Execution.AssertionScope.AddPreFormattedFailure(String formattedFailureMessage)&#xD;
   at FluentAssertions.Execution.AssertionChain.FailWith(Func`1 getFailureReason)&#xD;
   at FluentAssertions.Execution.AssertionChain.FailWith(Func`1 getFailureReason)&#xD;
   at FluentAssertions.Execution.AssertionChain.FailWith(String message, Object[] args)&#xD;
   at FluentAssertions.Primitives.BooleanAssertions`1.BeTrue(String because, Object[] becauseArgs)&#xD;
   at BlogApp.UnitTests.Validators.SearchPostsQueryValidatorTests.Validate_WithNullSearchTerm_ShouldPass() in D:\GitHub\Clean-Architecture\Tests\BlogApp.UnitTests\Validators\SearchPostsQueryValidatorTests.cs:line 50&#xD;
   at System.RuntimeMethodHandle.InvokeMethod(Object target, Void** arguments, Signature sig, Boolean isConstructor)&#xD;
   at System.Reflection.MethodBaseInvoker.InvokeWithNoArgs(Object obj, BindingFlags invokeAttr)</StackTrace>
        </ErrorInfo>
      </Output>
    </UnitTestResult>
[...]
[xUnit.net 00:00:00.20]         --- End of stack trace from previous location ---&#xD;
[xUnit.net 00:00:00.20]       Expected result.Message "Invalid email or password" to contain "Invalid credentials".&#xD;
[xUnit.net 00:00:00.20]       Stack Trace:&#xD;
[xUnit.net 00:00:00.20]            at FluentAssertions.Execution.LateBoundTestFramework.Throw(String message)&#xD;
[xUnit.net 00:00:00.20]            at FluentAssertions.Execution.DefaultAssertionStrategy.HandleFailure(String message)&#xD;
[xUnit.net 00:00:00.20]            at FluentAssertions.Execution.AssertionScope.AddPreFormattedFailure(String formattedFailureMessage)&#xD;
[xUnit.net 00:00:00.20]            at FluentAssertions.Execution.AssertionChain.FailWith(Func`1 getFailureReason)&#xD;
[xUnit.net 00:00:00.20]            at FluentAssertions.Execution.AssertionChain.FailWith(Func`1 getFailureReason)&#xD;
[xUnit.net 00:00:00.20]            at FluentAssertions.Execution.AssertionChain.FailWith(String message, Object[] args)&#xD;
[xUnit.net 00:00:00.20]            at FluentAssertions.Primitives.StringAssertions`1.Contain(String expected, String because, Object[] becauseArgs)&#xD;
[xUnit.net 00:00:00.20]         D:\GitHub\Clean-Architecture\Tests\BlogApp.UnitTests\Services\AuthServiceTests.cs(77,0): at BlogApp.UnitTests.Services.AuthServiceTests.LoginAsync_WithInvalidEmail_ShouldReturnFailureResponse()&#xD;
[xUnit.net 00:00:00.20]         --- End of stack trace from previous location ---&#xD;
[xUnit.net 00:00:00.20]       Expected result.Message "User with this email already exists" to contain "Email already exists".&#xD;
[xUnit.net 00:00:00.20]       Stack Trace:&#xD;
[xUnit.net 00:00:00.20]            at FluentAssertions.Execution.LateBoundTestFramework.Throw(String message)&#xD;
[xUnit.net 00:00:00.20]            at FluentAssertions.Execution.DefaultAssertionStrategy.HandleFailure(String message)&#xD;
[xUnit.net 00:00:00.20]            at FluentAssertions.Execution.AssertionScope.AddPreFormattedFailure(String formattedFailureMessage)&#xD;
[xUnit.net 00:00:00.20]            at FluentAssertions.Execution.AssertionChain.FailWith(Func`1 getFailureReason)&#xD;
[xUnit.net 00:00:00.20]            at FluentAssertions.Execution.AssertionChain.FailWith(Func`1 getFailureReason)&#xD;
[xUnit.net 00:00:00.20]            at FluentAssertions.Execution.AssertionChain.FailWith(String message, Object[] args)&#xD;
[xUnit.net 00:00:00.20]            at FluentAssertions.Primitives.StringAssertions`1.Contain(String expected, String because, Object[] becauseArgs)&#xD;
[xUnit.net 00:00:00.20]         D:\GitHub\Clean-Architecture\Tests\BlogApp.UnitTests\Services\AuthServiceTests.cs(179,0): at BlogApp.UnitTests.Services.AuthServiceTests.RegisterAsync_WithExistingEmail_ShouldReturnFailureResponse()&#xD;
[xUnit.net 00:00:00.20]         --- End of stack trace from previous location ---&#xD;
[xUnit.net 00:00:00.21]       System.ArgumentNullException : Value cannot be null. (Parameter 's')&#xD;
[xUnit.net 00:00:00.21]       Stack Trace:&#xD;
[xUnit.net 00:00:00.21]            at System.ArgumentNullException.Throw(String paramName)&#xD;
[xUnit.net 00:00:00.21]            at System.Text.Encoding.GetBytes(String s)&#xD;
[xUnit.net 00:00:00.21]         D:\GitHub\Clean-Architecture\BlogApp.API\Infrastructure\Services\AuthService.cs(104,0): at BlogApp.API.Infrastructure.Services.AuthService.GenerateJwtTokenAsync(ApplicationUser user)&#xD;
[xUnit.net 00:00:00.21]         D:\GitHub\Clean-Architecture\BlogApp.API\Infrastructure\Services\AuthService.cs(31,0): at BlogApp.API.Infrastructure.Services.AuthService.LoginAsync(String email, String password)&#xD;
[xUnit.net 00:00:00.21]         D:\GitHub\Clean-Architecture\Tests\BlogApp.UnitTests\Services\AuthServiceTests.cs(50,0): at BlogApp.UnitTests.Services.AuthServiceTests.LoginAsync_WithValidCredentials_ShouldReturnSuccessResponse()&#xD;
[xUnit.net 00:00:00.21]         --- End of stack trace from previous location ---&#xD;
[xUnit.net 00:00:00.21]       Expected result.Message "Registration failed" to contain "User creation failed".&#xD;
[xUnit.net 00:00:00.21]       Stack Trace:&#xD;
[xUnit.net 00:00:00.21]            at FluentAssertions.Execution.LateBoundTestFramework.Throw(String message)&#xD;
[xUnit.net 00:00:00.21]            at FluentAssertions.Execution.DefaultAssertionStrategy.HandleFailure(String message)&#xD;
[xUnit.net 00:00:00.21]            at FluentAssertions.Execution.AssertionScope.AddPreFormattedFailure(String formattedFailureMessage)&#xD;
[xUnit.net 00:00:00.21]            at FluentAssertions.Execution.AssertionChain.FailWith(Func`1 getFailureReason)&#xD;
[xUnit.net 00:00:00.21]            at FluentAssertions.Execution.AssertionChain.FailWith(Func`1 getFailureReason)&#xD;
[xUnit.net 00:00:00.21]            at FluentAssertions.Execution.AssertionChain.FailWith(String message, Object[] args)&#xD;
[xUnit.net 00:00:00.21]            at FluentAssertions.Primitives.StringAssertions`1.Contain(String expected, String because, Object[] becauseArgs)&#xD;
[xUnit.net 00:00:00.21]         D:\GitHub\Clean-Architecture\Tests\BlogApp.UnitTests\Services\AuthServiceTests.cs(269,0): at BlogApp.UnitTests.Services.AuthServiceTests.RegisterAsync_WithUserCreationFailure_ShouldReturnFailureResponse()&#xD;
[xUnit.net 00:00:00.21]         --- End of stack trace from previous location ---&#xD;
[xUnit.net 00:00:00.49]   Finished:    BlogApp.UnitTests&#xD;
</StdOut>
    </Output>
    <RunInfos>
      <RunInfo computerName="DESKTOP-QSMFJFT" outcome="Error" timestamp="2025-07-16T13:29:45.4062059+06:00">
        <Text>[xUnit.net 00:00:00.12]     BlogApp.UnitTests.CQRS.MediatorTests.SendAsync_WithNullQuery_ShouldThrowException [FAIL]</Text>
      </RunInfo>
      <RunInfo computerName="DESKTOP-QSMFJFT" outcome="Error" timestamp="2025-07-16T13:29:45.4371278+06:00">
        <Text>[xUnit.net 00:00:00.14]     BlogApp.UnitTests.Services.BlogServiceTests.GetBlogPostBySlugAsync_WithNonExistentSlug_ShouldReturnNotFoundResponse [FAIL]</Text>
      </RunInfo>
      <RunInfo computerName="DESKTOP-QSMFJFT" outcome="Error" timestamp="2025-07-16T13:29:45.4372167+06:00">
        <Text>[xUnit.net 00:00:00.14]     BlogApp.UnitTests.Services.BlogServiceTests.GetBlogPostsAsync_WithValidParameters_ShouldReturnSuccessResponse [FAIL]</Text>
      </RunInfo>
      <RunInfo computerName="DESKTOP-QSMFJFT" outcome="Error" timestamp="2025-07-16T13:29:45.4372954+06:00">
        <Text>[xUnit.net 00:00:00.14]     BlogApp.UnitTests.Services.BlogServiceTests.GetBlogPostBySlugAsync_WithValidSlug_ShouldReturnSuccessResponse [FAIL]</Text>
      </RunInfo>
      <RunInfo computerName="DESKTOP-QSMFJFT" outcome="Error" timestamp="2025-07-16T13:29:45.4373561+06:00">
        <Text>[xUnit.net 00:00:00.14]     BlogApp.UnitTests.Services.BlogServiceTests.GetCategoriesAsync_ShouldReturnSuccessResponse [FAIL]</Text>
      </RunInfo>
      <RunInfo computerName="DESKTOP-QSMFJFT" outcome="Error" timestamp="2025-07-16T13:29:45.4374246+06:00">
        <Text>[xUnit.net 00:00:00.14]     BlogApp.UnitTests.Services.BlogServiceTests.GetTagsAsync_ShouldReturnSuccessResponse [FAIL]</Text>
      </RunInfo>
      <RunInfo computerName="DESKTOP-QSMFJFT" outcome="Error" timestamp="2025-07-16T13:29:45.4452911+06:00">
        <Text>[xUnit.net 00:00:00.16]     BlogApp.UnitTests.Validators.GetBlogPostBySlugQueryValidatorTests.Validate_WithInvalidSlugFormat_ShouldFail [FAIL]</Text>
      </RunInfo>
      <RunInfo computerName="DESKTOP-QSMFJFT" outcome="Error" timestamp="2025-07-16T13:29:45.4457846+06:00">
        <Text>[xUnit.net 00:00:00.16]     BlogApp.UnitTests.Validators.SearchPostsQueryValidatorTests.Validate_WithNullSearchTerm_ShouldPass [FAIL]</Text>
      </RunInfo>
      <RunInfo computerName="DESKTOP-QSMFJFT" outcome="Error" timestamp="2025-07-16T13:29:45.4463122+06:00">
        <Text>[xUnit.net 00:00:00.16]     BlogApp.UnitTests.Validators.RegisterCommandValidatorTests.Validate_WithValidData_ShouldPass [FAIL]</Text>
      </RunInfo>
      <RunInfo computerName="DESKTOP-QSMFJFT" outcome="Error" timestamp="2025-07-16T13:29:45.4467205+06:00">
        <Text>[xUnit.net 00:00:00.16]     BlogApp.UnitTests.Validators.GetBlogPostsQueryValidatorTests.Validate_WithLargePageSize_ShouldFail [FAIL]</Text>
      </RunInfo>
      <RunInfo computerName="DESKTOP-QSMFJFT" outcome="Error" timestamp="2025-07-16T13:29:45.4480771+06:00">
        <Text>[xUnit.net 00:00:00.16]     BlogApp.UnitTests.Validators.SearchPostsQueryValidatorTests.Validate_WithDefaultValues_ShouldPass [FAIL]</Text>
      </RunInfo>
      <RunInfo computerName="DESKTOP-QSMFJFT" outcome="Error" timestamp="2025-07-16T13:29:45.4488511+06:00">
        <Text>[xUnit.net 00:00:00.16]     BlogApp.UnitTests.Validators.GetBlogPostBySlugQueryValidatorTests.Validate_WithShortSlug_ShouldFail [FAIL]</Text>
      </RunInfo>
      <RunInfo computerName="DESKTOP-QSMFJFT" outcome="Error" timestamp="2025-07-16T13:29:45.4490088+06:00">
        <Text>[xUnit.net 00:00:00.16]     BlogApp.UnitTests.Validators.SearchPostsQueryValidatorTests.Validate_WithEmptySearchTerm_ShouldPass [FAIL]</Text>
      </RunInfo>
      <RunInfo computerName="DESKTOP-QSMFJFT" outcome="Error" timestamp="2025-07-16T13:29:45.4492969+06:00">
        <Text>[xUnit.net 00:00:00.16]     BlogApp.UnitTests.Validators.GetBlogPostBySlugQueryValidatorTests.Validate_WithLongSlug_ShouldFail [FAIL]</Text>
      </RunInfo>
      <RunInfo computerName="DESKTOP-QSMFJFT" outcome="Error" timestamp="2025-07-16T13:29:45.4499046+06:00">
        <Text>[xUnit.net 00:00:00.16]     BlogApp.UnitTests.Validators.SearchPostsQueryValidatorTests.Validate_WithLargePageSize_ShouldFail [FAIL]</Text>
      </RunInfo>
      <RunInfo computerName="DESKTOP-QSMFJFT" outcome="Error" timestamp="2025-07-16T13:29:45.4515463+06:00">
        <Text>[xUnit.net 00:00:00.17]     BlogApp.UnitTests.Validators.SearchPostsQueryValidatorTests.Validate_WithLongSearchTerm_ShouldFail [FAIL]</Text>
      </RunInfo>
      <RunInfo computerName="DESKTOP-QSMFJFT" outcome="Error" timestamp="2025-07-16T13:29:45.4607431+06:00">
        <Text>[xUnit.net 00:00:00.17]     BlogApp.UnitTests.CQRS.MediatorTests.SendAsync_WithNullCommand_ShouldThrowException [FAIL]</Text>
      </RunInfo>
      <RunInfo computerName="DESKTOP-QSMFJFT" outcome="Error" timestamp="2025-07-16T13:29:45.4632485+06:00">
        <Text>[xUnit.net 00:00:00.18]     BlogApp.UnitTests.UnitOfWork.QueryUnitOfWorkTests.Repository_WithDifferentTypes_ShouldReturnDifferentRepositories [FAIL]</Text>
      </RunInfo>
      <RunInfo computerName="DESKTOP-QSMFJFT" outcome="Error" timestamp="2025-07-16T13:29:45.4636761+06:00">
        <Text>[xUnit.net 00:00:00.18]     BlogApp.UnitTests.UnitOfWork.CommandUnitOfWorkTests.Repository_WithDifferentTypes_ShouldReturnDifferentRepositories [FAIL]</Text>
      </RunInfo>
      <RunInfo computerName="DESKTOP-QSMFJFT" outcome="Error" timestamp="2025-07-16T13:29:45.4654692+06:00">
        <Text>[xUnit.net 00:00:00.18]     BlogApp.UnitTests.Handlers.GetCommentsQueryHandlerTests.HandleAsync_WithInvalidBlogPostId_ShouldReturnValidationError [FAIL]</Text>
      </RunInfo>
      <RunInfo computerName="DESKTOP-QSMFJFT" outcome="Error" timestamp="2025-07-16T13:29:45.4655333+06:00">
        <Text>[xUnit.net 00:00:00.18]     BlogApp.UnitTests.UnitOfWork.CommandUnitOfWorkTests.SaveChangesAsync_WithValidChanges_ShouldReturnPositiveCount [FAIL]</Text>
      </RunInfo>
      <RunInfo computerName="DESKTOP-QSMFJFT" outcome="Error" timestamp="2025-07-16T13:29:45.4657189+06:00">
        <Text>[xUnit.net 00:00:00.18]     BlogApp.UnitTests.UnitOfWork.CommandUnitOfWorkTests.Repository_WithValidType_ShouldReturnRepository [FAIL]</Text>
      </RunInfo>
      <RunInfo computerName="DESKTOP-QSMFJFT" outcome="Error" timestamp="2025-07-16T13:29:45.4658202+06:00">
        <Text>[xUnit.net 00:00:00.18]     BlogApp.UnitTests.UnitOfWork.QueryUnitOfWorkTests.Dispose_ShouldDisposeContext [FAIL]</Text>
      </RunInfo>
      <RunInfo computerName="DESKTOP-QSMFJFT" outcome="Error" timestamp="2025-07-16T13:29:45.4667448+06:00">
        <Text>[xUnit.net 00:00:00.18]     BlogApp.UnitTests.Factories.UnitOfWorkFactoryTests.CreateCommandUnitOfWork_ShouldReturnCommandUnitOfWork [FAIL]</Text>
      </RunInfo>
      <RunInfo computerName="DESKTOP-QSMFJFT" outcome="Error" timestamp="2025-07-16T13:29:45.4669433+06:00">
        <Text>[xUnit.net 00:00:00.18]     BlogApp.UnitTests.Handlers.GetBlogPostBySlugQueryHandlerTests.HandleAsync_WithNullSlug_ShouldReturnValidationError [FAIL]</Text>
      </RunInfo>
      <RunInfo computerName="DESKTOP-QSMFJFT" outcome="Error" timestamp="2025-07-16T13:29:45.4671763+06:00">
        <Text>[xUnit.net 00:00:00.18]     BlogApp.UnitTests.UnitOfWork.QueryUnitOfWorkTests.Repository_WithValidType_ShouldReturnRepository [FAIL]</Text>
      </RunInfo>
      <RunInfo computerName="DESKTOP-QSMFJFT" outcome="Error" timestamp="2025-07-16T13:29:45.4672575+06:00">
        <Text>[xUnit.net 00:00:00.18]     BlogApp.UnitTests.Factories.UnitOfWorkFactoryTests.CreateQueryUnitOfWork_ShouldCreateValidContext [FAIL]</Text>
      </RunInfo>
      <RunInfo computerName="DESKTOP-QSMFJFT" outcome="Error" timestamp="2025-07-16T13:29:45.4674896+06:00">
        <Text>[xUnit.net 00:00:00.18]     BlogApp.UnitTests.UnitOfWork.CommandUnitOfWorkTests.SaveChangesAsync_WithMultipleEntities_ShouldSaveAllChanges [FAIL]</Text>
      </RunInfo>
      <RunInfo computerName="DESKTOP-QSMFJFT" outcome="Error" timestamp="2025-07-16T13:29:45.4680683+06:00">
        <Text>[xUnit.net 00:00:00.18]     BlogApp.UnitTests.Factories.UnitOfWorkFactoryTests.CreateCommandUnitOfWork_ShouldCreateValidContext [FAIL]</Text>
      </RunInfo>
      <RunInfo computerName="DESKTOP-QSMFJFT" outcome="Error" timestamp="2025-07-16T13:29:45.4682850+06:00">
        <Text>[xUnit.net 00:00:00.18]     BlogApp.UnitTests.UnitOfWork.QueryUnitOfWorkTests.Repository_WithComplexQuery_ShouldWorkCorrectly [FAIL]</Text>
      </RunInfo>
      <RunInfo computerName="DESKTOP-QSMFJFT" outcome="Error" timestamp="2025-07-16T13:29:45.4683725+06:00">
        <Text>[xUnit.net 00:00:00.18]     BlogApp.UnitTests.UnitOfWork.CommandUnitOfWorkTests.Dispose_ShouldDisposeContext [FAIL]</Text>
      </RunInfo>
      <RunInfo computerName="DESKTOP-QSMFJFT" outcome="Error" timestamp="2025-07-16T13:29:45.4688073+06:00">
        <Text>[xUnit.net 00:00:00.18]     BlogApp.UnitTests.Factories.UnitOfWorkFactoryTests.CreateQueryUnitOfWork_ShouldReturnQueryUnitOfWork [FAIL]</Text>
      </RunInfo>
      <RunInfo computerName="DESKTOP-QSMFJFT" outcome="Error" timestamp="2025-07-16T13:29:45.4690423+06:00">
        <Text>[xUnit.net 00:00:00.18]     BlogApp.UnitTests.Factories.UnitOfWorkFactoryTests.CreateCommandUnitOfWork_WithMultipleCalls_ShouldReturnDifferentInstances [FAIL]</Text>
      </RunInfo>
      <RunInfo computerName="DESKTOP-QSMFJFT" outcome="Error" timestamp="2025-07-16T13:29:45.4693149+06:00">
        <Text>[xUnit.net 00:00:00.18]     BlogApp.UnitTests.Handlers.GetBlogPostBySlugQueryHandlerTests.HandleAsync_WithEmptySlug_ShouldReturnValidationError [FAIL]</Text>
      </RunInfo>
      <RunInfo computerName="DESKTOP-QSMFJFT" outcome="Error" timestamp="2025-07-16T13:29:45.4697825+06:00">
        <Text>[xUnit.net 00:00:00.18]     BlogApp.UnitTests.Factories.UnitOfWorkFactoryTests.CreateQueryUnitOfWork_WithMultipleCalls_ShouldReturnDifferentInstances [FAIL]</Text>
      </RunInfo>
      <RunInfo computerName="DESKTOP-QSMFJFT" outcome="Error" timestamp="2025-07-16T13:29:45.4703336+06:00">
        <Text>[xUnit.net 00:00:00.18]     BlogApp.UnitTests.UnitOfWork.QueryUnitOfWorkTests.Repository_WithExistingData_ShouldReturnData [FAIL]</Text>
      </RunInfo>
      <RunInfo computerName="DESKTOP-QSMFJFT" outcome="Error" timestamp="2025-07-16T13:29:45.4705333+06:00">
        <Text>[xUnit.net 00:00:00.18]     BlogApp.UnitTests.UnitOfWork.QueryUnitOfWorkTests.Repository_WithMultipleCalls_ShouldReturnSameInstance [FAIL]</Text>
      </RunInfo>
      <RunInfo computerName="DESKTOP-QSMFJFT" outcome="Error" timestamp="2025-07-16T13:29:45.4726225+06:00">
        <Text>[xUnit.net 00:00:00.19]     BlogApp.UnitTests.Handlers.GetBlogPostsQueryHandlerTests.HandleAsync_WithPagination_ShouldReturnPaginatedResults [FAIL]</Text>
      </RunInfo>
      <RunInfo computerName="DESKTOP-QSMFJFT" outcome="Error" timestamp="2025-07-16T13:29:45.4731148+06:00">
        <Text>[xUnit.net 00:00:00.19]     BlogApp.UnitTests.Handlers.GetBlogPostsQueryHandlerTests.HandleAsync_WithInvalidPage_ShouldReturnValidationError [FAIL]</Text>
      </RunInfo>
      <RunInfo computerName="DESKTOP-QSMFJFT" outcome="Error" timestamp="2025-07-16T13:29:45.4744774+06:00">
        <Text>[xUnit.net 00:00:00.19]     BlogApp.UnitTests.Handlers.GetCommentsQueryHandlerTests.HandleAsync_WithNoComments_ShouldReturnEmptyList [FAIL]</Text>
      </RunInfo>
      <RunInfo computerName="DESKTOP-QSMFJFT" outcome="Error" timestamp="2025-07-16T13:29:45.4748512+06:00">
        <Text>[xUnit.net 00:00:00.19]     BlogApp.UnitTests.Handlers.SearchPostsQueryHandlerTests.HandleAsync_WithPaging_ShouldReturnPagedResults [FAIL]</Text>
      </RunInfo>
      <RunInfo computerName="DESKTOP-QSMFJFT" outcome="Error" timestamp="2025-07-16T13:29:45.4750595+06:00">
        <Text>[xUnit.net 00:00:00.19]     BlogApp.UnitTests.Handlers.GetBlogPostsQueryHandlerTests.HandleAsync_WithInvalidPageSize_ShouldReturnValidationError [FAIL]</Text>
      </RunInfo>
      <RunInfo computerName="DESKTOP-QSMFJFT" outcome="Error" timestamp="2025-07-16T13:29:45.4762342+06:00">
        <Text>[xUnit.net 00:00:00.19]     BlogApp.UnitTests.Handlers.GetCommentsQueryHandlerTests.HandleAsync_WithValidBlogPostId_ShouldReturnSuccessResponse [FAIL]</Text>
      </RunInfo>
      <RunInfo computerName="DESKTOP-QSMFJFT" outcome="Error" timestamp="2025-07-16T13:29:45.4769902+06:00">
        <Text>[xUnit.net 00:00:00.19]     BlogApp.UnitTests.Services.AuthServiceTests.LoginAsync_WithInvalidPassword_ShouldReturnFailureResponse [FAIL]</Text>
      </RunInfo>
      <RunInfo computerName="DESKTOP-QSMFJFT" outcome="Error" timestamp="2025-07-16T13:29:45.4845630+06:00">
        <Text>[xUnit.net 00:00:00.20]     BlogApp.UnitTests.Handlers.SearchPostsQueryHandlerTests.HandleAsync_WithMatchingPosts_ShouldReturnFilteredResults [FAIL]</Text>
      </RunInfo>
      <RunInfo computerName="DESKTOP-QSMFJFT" outcome="Error" timestamp="2025-07-16T13:29:45.4864967+06:00">
        <Text>[xUnit.net 00:00:00.20]     BlogApp.UnitTests.Services.AuthServiceTests.RegisterAsync_WithExistingUserName_ShouldReturnFailureResponse [FAIL]</Text>
      </RunInfo>
      <RunInfo computerName="DESKTOP-QSMFJFT" outcome="Error" timestamp="2025-07-16T13:29:45.4891355+06:00">
        <Text>[xUnit.net 00:00:00.20]     BlogApp.UnitTests.Services.AuthServiceTests.LoginAsync_WithInvalidEmail_ShouldReturnFailureResponse [FAIL]</Text>
      </RunInfo>
      <RunInfo computerName="DESKTOP-QSMFJFT" outcome="Error" timestamp="2025-07-16T13:29:45.4904617+06:00">
        <Text>[xUnit.net 00:00:00.20]     BlogApp.UnitTests.Services.AuthServiceTests.RegisterAsync_WithExistingEmail_ShouldReturnFailureResponse [FAIL]</Text>
      </RunInfo>
      <RunInfo computerName="DESKTOP-QSMFJFT" outcome="Error" timestamp="2025-07-16T13:29:45.4950280+06:00">
        <Text>[xUnit.net 00:00:00.21]     BlogApp.UnitTests.Services.AuthServiceTests.LoginAsync_WithValidCredentials_ShouldReturnSuccessResponse [FAIL]</Text>
      </RunInfo>
      <RunInfo computerName="DESKTOP-QSMFJFT" outcome="Error" timestamp="2025-07-16T13:29:45.4976361+06:00">
        <Text>[xUnit.net 00:00:00.21]     BlogApp.UnitTests.Services.AuthServiceTests.RegisterAsync_WithUserCreationFailure_ShouldReturnFailureResponse [FAIL]</Text>
      </RunInfo>
    </RunInfos>
  </ResultSummary>
</TestRun>