<?xml version="1.0" encoding="utf-8"?>
<TestRun id="47cec81c-9b16-443e-a6fd-da5e1213ab61" name="Raihan@DESKTOP-QSMFJFT 2025-07-16 14:17:46" runUser="DESKTOP-QSMFJFT\Raihan" xmlns="http://microsoft.com/schemas/VisualStudio/TeamTest/2010">
  <Times creation="2025-07-16T14:17:46.0478780+06:00" queuing="2025-07-16T14:17:46.0478783+06:00" start="2025-07-16T14:17:45.6435126+06:00" finish="2025-07-16T14:17:46.5359119+06:00" />
  <TestSettings name="default" id="e039706d-11fc-4568-b189-69bc01a609e6">
    <Deployment runDeploymentRoot="Raihan_DESKTOP-QSMFJFT_2025-07-16_14_17_46" />
  </TestSettings>
  <Results>
    <UnitTestResult executionId="26e8310a-006e-47f0-b741-45a3b85812d0" testId="eaf3014e-237c-0fce-b98a-3afa20d1e3be" testName="BlogApp.UnitTests.UnitOfWork.QueryUnitOfWorkTests.Repository_WithDifferentTypes_ShouldReturnDifferentRepositories" computerName="DESKTOP-QSMFJFT" duration="00:00:00.3105553" startTime="2025-07-16T14:17:46.3127395+06:00" endTime="2025-07-16T14:17:46.3127398+06:00" testType="13cdc9d9-ddb5-4fa4-a97d-d965ccfc6d4b" outcome="Passed" testListId="8c84fa94-04c1-424b-9868-57a2d4851a1d" relativeResultsDirectory="26e8310a-006e-47f0-b741-45a3b85812d0" />
    <UnitTestResult executionId="66f921e6-a027-493b-8247-5621a5cef857" testId="65f6dd5a-125d-891b-8895-4d4e423d0ce5" testName="BlogApp.UnitTests.Validators.GetBlogPostsQueryValidatorTests.Validate_WithNegativePageSize_ShouldFail" computerName="DESKTOP-QSMFJFT" duration="00:00:00.0007097" startTime="2025-07-16T14:17:46.0429751+06:00" endTime="2025-07-16T14:17:46.0429752+06:00" testType="13cdc9d9-ddb5-4fa4-a97d-d965ccfc6d4b" outcome="Passed" testListId="8c84fa94-04c1-424b-9868-57a2d4851a1d" relativeResultsDirectory="66f921e6-a027-493b-8247-5621a5cef857" />
    <UnitTestResult executionId="041e0850-97d6-4738-8808-0d951a2c2eae" testId="e28c33d1-3043-f01d-1dfa-87067d08a779" testName="BlogApp.UnitTests.Validators.SearchPostsQueryValidatorTests.Validate_WithLargePageSize_ShouldFail" computerName="DESKTOP-QSMFJFT" duration="00:00:00.0004541" startTime="2025-07-16T14:17:46.0408783+06:00" endTime="2025-07-16T14:17:46.0408783+06:00" testType="13cdc9d9-ddb5-4fa4-a97d-d965ccfc6d4b" outcome="Passed" testListId="8c84fa94-04c1-424b-9868-57a2d4851a1d" relativeResultsDirectory="041e0850-97d6-4738-8808-0d951a2c2eae" />
    <UnitTestResult executionId="31766ffd-94b4-48b0-9340-143adf70ee57" testId="92a28bfe-96cf-f4d4-9eb8-6a8956c44f10" testName="BlogApp.UnitTests.Handlers.GetCommentsQueryHandlerTests.HandleAsync_WithNoComments_ShouldReturnEmptyList" computerName="DESKTOP-QSMFJFT" duration="00:00:00.0081708" startTime="2025-07-16T14:17:46.0967121+06:00" endTime="2025-07-16T14:17:46.0967122+06:00" testType="13cdc9d9-ddb5-4fa4-a97d-d965ccfc6d4b" outcome="Failed" testListId="8c84fa94-04c1-424b-9868-57a2d4851a1d" relativeResultsDirectory="31766ffd-94b4-48b0-9340-143adf70ee57">
      <Output>
        <ErrorInfo>
          <Message>System.NullReferenceException : Object reference not set to an instance of an object.</Message>
          <StackTrace>   at BlogApp.API.Application.Features.Comment.Queries.GetCommentsQueryHandler.HandleAsync(GetCommentsQuery query, CancellationToken cancellationToken) in D:\GitHub\Clean-Architecture\BlogApp.API\Application\Features\Comment\Queries\GetCommentsQuery.cs:line 24&#xD;
   at BlogApp.UnitTests.Handlers.GetCommentsQueryHandlerTests.HandleAsync_WithNoComments_ShouldReturnEmptyList() in D:\GitHub\Clean-Architecture\Tests\BlogApp.UnitTests\Handlers\GetCommentsQueryHandlerTests.cs:line 94&#xD;
--- End of stack trace from previous location ---</StackTrace>
        </ErrorInfo>
      </Output>
    </UnitTestResult>
    <UnitTestResult executionId="82b83763-7186-43a7-b480-ac3aee2635c4" testId="947148bc-0e26-3d63-1617-0bc62e814f44" testName="BlogApp.UnitTests.Validators.GetBlogPostBySlugQueryValidatorTests.Validate_WithInvalidSlugFormat_ShouldFail" computerName="DESKTOP-QSMFJFT" duration="00:00:00.0007469" startTime="2025-07-16T14:17:46.0399378+06:00" endTime="2025-07-16T14:17:46.0399378+06:00" testType="13cdc9d9-ddb5-4fa4-a97d-d965ccfc6d4b" outcome="Passed" testListId="8c84fa94-04c1-424b-9868-57a2d4851a1d" relativeResultsDirectory="82b83763-7186-43a7-b480-ac3aee2635c4" />
    <UnitTestResult executionId="89aa97e3-2a41-4513-820c-dd6ebcc765a4" testId="195a8d4e-a216-ff48-64d6-d577287b2bfd" testName="BlogApp.UnitTests.Repositories.QueryRepositoryTests.GetByIdAsync_WithExistingId_ShouldReturnEntity" computerName="DESKTOP-QSMFJFT" duration="00:00:00.0019454" startTime="2025-07-16T14:17:46.4373373+06:00" endTime="2025-07-16T14:17:46.4373378+06:00" testType="13cdc9d9-ddb5-4fa4-a97d-d965ccfc6d4b" outcome="Passed" testListId="8c84fa94-04c1-424b-9868-57a2d4851a1d" relativeResultsDirectory="89aa97e3-2a41-4513-820c-dd6ebcc765a4" />
    <UnitTestResult executionId="072d800e-f5f3-4ac7-aca7-2f4ffbb69fbf" testId="130de5e3-0354-f3af-d3fe-95de5451f906" testName="BlogApp.UnitTests.Validators.CreateBlogPostCommandValidatorTests.Validate_WithEmptyAuthorId_ShouldFail" computerName="DESKTOP-QSMFJFT" duration="00:00:00.0006132" startTime="2025-07-16T14:17:46.0411896+06:00" endTime="2025-07-16T14:17:46.0411897+06:00" testType="13cdc9d9-ddb5-4fa4-a97d-d965ccfc6d4b" outcome="Passed" testListId="8c84fa94-04c1-424b-9868-57a2d4851a1d" relativeResultsDirectory="072d800e-f5f3-4ac7-aca7-2f4ffbb69fbf" />
    <UnitTestResult executionId="d5760d47-ccff-43e0-b583-9c1969a3d54c" testId="61499e55-fbf4-d02b-f384-2fe041366527" testName="BlogApp.UnitTests.CQRS.MediatorTests.SendAsync_WithValidQuery_ShouldReturnSuccessResponse" computerName="DESKTOP-QSMFJFT" duration="00:00:00.0535707" startTime="2025-07-16T14:17:46.0825494+06:00" endTime="2025-07-16T14:17:46.0825495+06:00" testType="13cdc9d9-ddb5-4fa4-a97d-d965ccfc6d4b" outcome="Passed" testListId="8c84fa94-04c1-424b-9868-57a2d4851a1d" relativeResultsDirectory="d5760d47-ccff-43e0-b583-9c1969a3d54c" />
    <UnitTestResult executionId="d949acdb-1453-4e58-9154-2c2aae1f6e5f" testId="90e39746-de28-8828-f54c-d2d319762883" testName="BlogApp.UnitTests.Validators.GetBlogPostsQueryValidatorTests.Validate_WithValidData_ShouldPass" computerName="DESKTOP-QSMFJFT" duration="00:00:00.0001536" startTime="2025-07-16T14:17:46.0429422+06:00" endTime="2025-07-16T14:17:46.0429422+06:00" testType="13cdc9d9-ddb5-4fa4-a97d-d965ccfc6d4b" outcome="Passed" testListId="8c84fa94-04c1-424b-9868-57a2d4851a1d" relativeResultsDirectory="d949acdb-1453-4e58-9154-2c2aae1f6e5f" />
    <UnitTestResult executionId="fba145f8-3481-4c61-a806-1eab10a4b744" testId="a62cfbd2-f915-6ab1-3232-2d201348e772" testName="BlogApp.UnitTests.Validators.LoginCommandValidatorTests.Validate_WithValidData_ShouldPass" computerName="DESKTOP-QSMFJFT" duration="00:00:00.0001718" startTime="2025-07-16T14:17:46.0405799+06:00" endTime="2025-07-16T14:17:46.0405800+06:00" testType="13cdc9d9-ddb5-4fa4-a97d-d965ccfc6d4b" outcome="Passed" testListId="8c84fa94-04c1-424b-9868-57a2d4851a1d" relativeResultsDirectory="fba145f8-3481-4c61-a806-1eab10a4b744" />
    <UnitTestResult executionId="54be8dd7-d81c-42d0-928a-e327df8e4beb" testId="c22f09d1-f42f-ead5-382f-2642800fb396" testName="BlogApp.UnitTests.Services.AuthServiceTests.RegisterAsync_WithUserCreationFailure_ShouldReturnFailureResponse" computerName="DESKTOP-QSMFJFT" duration="00:00:00.0026539" startTime="2025-07-16T14:17:46.1093902+06:00" endTime="2025-07-16T14:17:46.1093905+06:00" testType="13cdc9d9-ddb5-4fa4-a97d-d965ccfc6d4b" outcome="Passed" testListId="8c84fa94-04c1-424b-9868-57a2d4851a1d" relativeResultsDirectory="54be8dd7-d81c-42d0-928a-e327df8e4beb" />
    <UnitTestResult executionId="901d7cd7-d0d1-486f-b462-1f9643fbbda7" testId="e0fa89af-817c-acc4-c354-a392d42a324b" testName="BlogApp.UnitTests.Repositories.CommandRepositoryTests.UpdateAsync_WithValidEntity_ShouldUpdateInDatabase" computerName="DESKTOP-QSMFJFT" duration="00:00:00.0030864" startTime="2025-07-16T14:17:46.4785749+06:00" endTime="2025-07-16T14:17:46.4785750+06:00" testType="13cdc9d9-ddb5-4fa4-a97d-d965ccfc6d4b" outcome="Passed" testListId="8c84fa94-04c1-424b-9868-57a2d4851a1d" relativeResultsDirectory="901d7cd7-d0d1-486f-b462-1f9643fbbda7" />
    <UnitTestResult executionId="0438a8c0-dd58-4be0-b679-01263a4c8576" testId="43e40abd-849c-2444-5fa5-16d7d8833c79" testName="BlogApp.UnitTests.Validators.LoginCommandValidatorTests.Validate_WithEmptyEmail_ShouldFail" computerName="DESKTOP-QSMFJFT" duration="00:00:00.0004649" startTime="2025-07-16T14:17:46.0405453+06:00" endTime="2025-07-16T14:17:46.0405453+06:00" testType="13cdc9d9-ddb5-4fa4-a97d-d965ccfc6d4b" outcome="Passed" testListId="8c84fa94-04c1-424b-9868-57a2d4851a1d" relativeResultsDirectory="0438a8c0-dd58-4be0-b679-01263a4c8576" />
    <UnitTestResult executionId="f36263bc-7b66-468e-be2d-a30ed2d20c04" testId="860c9470-1386-ded4-b8ba-12f0da25ee7e" testName="BlogApp.UnitTests.UnitOfWork.CommandUnitOfWorkTests.SaveChangesAsync_WithNoChanges_ShouldReturnZero" computerName="DESKTOP-QSMFJFT" duration="00:00:00.0005708" startTime="2025-07-16T14:17:46.4786164+06:00" endTime="2025-07-16T14:17:46.4786164+06:00" testType="13cdc9d9-ddb5-4fa4-a97d-d965ccfc6d4b" outcome="Passed" testListId="8c84fa94-04c1-424b-9868-57a2d4851a1d" relativeResultsDirectory="f36263bc-7b66-468e-be2d-a30ed2d20c04" />
    <UnitTestResult executionId="0343c3f8-a82c-4c81-804d-0b7b7aa95c51" testId="69eb57f1-424a-1f0c-15f7-e5db90d51933" testName="BlogApp.UnitTests.Repositories.CommandRepositoryTests.GetAllAsync_WithEntities_ShouldReturnAllEntities" computerName="DESKTOP-QSMFJFT" duration="00:00:00.0062427" startTime="2025-07-16T14:17:46.4888301+06:00" endTime="2025-07-16T14:17:46.4888304+06:00" testType="13cdc9d9-ddb5-4fa4-a97d-d965ccfc6d4b" outcome="Passed" testListId="8c84fa94-04c1-424b-9868-57a2d4851a1d" relativeResultsDirectory="0343c3f8-a82c-4c81-804d-0b7b7aa95c51" />
    <UnitTestResult executionId="c4616102-8033-4957-b326-e7b86051e541" testId="37f5431b-a51b-6a98-8f00-0c898f4cb435" testName="BlogApp.UnitTests.Validators.GetBlogPostBySlugQueryValidatorTests.Validate_WithNullSlug_ShouldFail" computerName="DESKTOP-QSMFJFT" duration="00:00:00.0286362" startTime="2025-07-16T14:17:46.0393428+06:00" endTime="2025-07-16T14:17:46.0393429+06:00" testType="13cdc9d9-ddb5-4fa4-a97d-d965ccfc6d4b" outcome="Passed" testListId="8c84fa94-04c1-424b-9868-57a2d4851a1d" relativeResultsDirectory="c4616102-8033-4957-b326-e7b86051e541" />
    <UnitTestResult executionId="829ddf2a-b249-4605-9bfd-61cbf35d74e2" testId="48e203ac-36bd-bda9-6ee4-c19d15678268" testName="BlogApp.UnitTests.UnitOfWork.QueryUnitOfWorkTests.Repository_WithComplexQuery_ShouldWorkCorrectly" computerName="DESKTOP-QSMFJFT" duration="00:00:00.0005573" startTime="2025-07-16T14:17:46.3318194+06:00" endTime="2025-07-16T14:17:46.3318195+06:00" testType="13cdc9d9-ddb5-4fa4-a97d-d965ccfc6d4b" outcome="Failed" testListId="8c84fa94-04c1-424b-9868-57a2d4851a1d" relativeResultsDirectory="829ddf2a-b249-4605-9bfd-61cbf35d74e2">
      <Output>
        <ErrorInfo>
          <Message>System.InvalidOperationException : Repository for type BlogPost is not registered in the DI container.</Message>
          <StackTrace>   at BlogApp.API.Infrastructure.Persistence.UnitOfWork.Implementations.QueryUnitOfWork.Repository[T]() in D:\GitHub\Clean-Architecture\BlogApp.API\Infrastructure\Persistence\UnitOfWork\Implementations\QueryUnitOfWork.cs:line 28&#xD;
   at BlogApp.UnitTests.UnitOfWork.QueryUnitOfWorkTests.Repository_WithComplexQuery_ShouldWorkCorrectly() in D:\GitHub\Clean-Architecture\Tests\BlogApp.UnitTests\UnitOfWork\QueryUnitOfWorkTests.cs:line 121&#xD;
--- End of stack trace from previous location ---</StackTrace>
        </ErrorInfo>
      </Output>
    </UnitTestResult>
    <UnitTestResult executionId="98934510-1190-41e2-8b9d-8250ff874d97" testId="7e1608ce-5221-2c53-60d0-9c00aef2adf7" testName="BlogApp.UnitTests.Handlers.GetBlogPostBySlugQueryHandlerTests.HandleAsync_WithNullSlug_ShouldReturnValidationError" computerName="DESKTOP-QSMFJFT" duration="00:00:00.0005597" startTime="2025-07-16T14:17:46.0898305+06:00" endTime="2025-07-16T14:17:46.0898307+06:00" testType="13cdc9d9-ddb5-4fa4-a97d-d965ccfc6d4b" outcome="Failed" testListId="8c84fa94-04c1-424b-9868-57a2d4851a1d" relativeResultsDirectory="98934510-1190-41e2-8b9d-8250ff874d97">
      <Output>
        <ErrorInfo>
          <Message>System.NullReferenceException : Object reference not set to an instance of an object.</Message>
          <StackTrace>   at BlogApp.API.Application.Features.Blog.Queries.GetBlogPostBySlugQueryHandler.HandleAsync(GetBlogPostBySlugQuery query, CancellationToken cancellationToken) in D:\GitHub\Clean-Architecture\BlogApp.API\Application\Features\Blog\Queries\GetBlogPostBySlugQuery.cs:line 19&#xD;
   at BlogApp.UnitTests.Handlers.GetBlogPostBySlugQueryHandlerTests.HandleAsync_WithNullSlug_ShouldReturnValidationError() in D:\GitHub\Clean-Architecture\Tests\BlogApp.UnitTests\Handlers\GetBlogPostBySlugQueryHandlerTests.cs:line 101&#xD;
--- End of stack trace from previous location ---</StackTrace>
        </ErrorInfo>
      </Output>
    </UnitTestResult>
    <UnitTestResult executionId="bf02a3f3-b4e0-4e8e-9cbc-555ac4562b12" testId="b0b0256d-45db-ce31-7c7b-09b3c12320c4" testName="BlogApp.UnitTests.Repositories.CommandRepositoryTests.GetByIdAsync_WithNonExistentId_ShouldReturnNull" computerName="DESKTOP-QSMFJFT" duration="00:00:00.0047179" startTime="2025-07-16T14:17:46.4936463+06:00" endTime="2025-07-16T14:17:46.4936466+06:00" testType="13cdc9d9-ddb5-4fa4-a97d-d965ccfc6d4b" outcome="Passed" testListId="8c84fa94-04c1-424b-9868-57a2d4851a1d" relativeResultsDirectory="bf02a3f3-b4e0-4e8e-9cbc-555ac4562b12" />
    <UnitTestResult executionId="0f39eafa-6a98-45e2-ad5a-aeae8750ff29" testId="e4a21c8e-7fbc-a9cf-1adf-d7f73212aa8d" testName="BlogApp.UnitTests.Factories.UnitOfWorkFactoryTests.CreateQueryUnitOfWork_ShouldCreateValidContext" computerName="DESKTOP-QSMFJFT" duration="00:00:00.0005116" startTime="2025-07-16T14:17:46.0813517+06:00" endTime="2025-07-16T14:17:46.0813518+06:00" testType="13cdc9d9-ddb5-4fa4-a97d-d965ccfc6d4b" outcome="Failed" testListId="8c84fa94-04c1-424b-9868-57a2d4851a1d" relativeResultsDirectory="0f39eafa-6a98-45e2-ad5a-aeae8750ff29">
      <Output>
        <ErrorInfo>
          <Message>System.NotSupportedException : Unsupported expression: x =&gt; x.GetConnectionString("QueryConnection")&#xD;
Extension methods (here: ConfigurationExtensions.GetConnectionString) may not be used in setup / verification expressions.</Message>
          <StackTrace>   at Moq.Guard.IsOverridable(MethodInfo method, Expression expression) in /_/src/Moq/Guard.cs:line 87&#xD;
   at Moq.MethodExpectation..ctor(LambdaExpression expression, MethodInfo method, IReadOnlyList`1 arguments, Boolean exactGenericTypeArguments, Boolean skipMatcherInitialization, Boolean allowNonOverridable) in /_/src/Moq/MethodExpectation.cs:line 87&#xD;
   at Moq.ExpressionExtensions.&lt;Split&gt;g__Split|5_0(Expression e, Expression&amp; r, MethodExpectation&amp; p, Boolean assignment, Boolean allowNonOverridableLastProperty) in /_/src/Moq/ExpressionExtensions.cs:line 235&#xD;
   at Moq.ExpressionExtensions.Split(LambdaExpression expression, Boolean allowNonOverridableLastProperty) in /_/src/Moq/ExpressionExtensions.cs:line 149&#xD;
   at Moq.Mock.SetupRecursive[TSetup](Mock mock, LambdaExpression expression, Func`4 setupLast, Boolean allowNonOverridableLastProperty) in /_/src/Moq/Mock.cs:line 645&#xD;
   at Moq.Mock.Setup(Mock mock, LambdaExpression expression, Condition condition) in /_/src/Moq/Mock.cs:line 500&#xD;
   at Moq.Mock`1.Setup[TResult](Expression`1 expression) in /_/src/Moq/Mock`1.cs:line 452&#xD;
   at BlogApp.UnitTests.Factories.UnitOfWorkFactoryTests.SetupConfigurationForQueryDb() in D:\GitHub\Clean-Architecture\Tests\BlogApp.UnitTests\Factories\UnitOfWorkFactoryTests.cs:line 112&#xD;
   at BlogApp.UnitTests.Factories.UnitOfWorkFactoryTests.CreateQueryUnitOfWork_ShouldCreateValidContext() in D:\GitHub\Clean-Architecture\Tests\BlogApp.UnitTests\Factories\UnitOfWorkFactoryTests.cs:line 92&#xD;
   at System.RuntimeMethodHandle.InvokeMethod(Object target, Void** arguments, Signature sig, Boolean isConstructor)&#xD;
   at System.Reflection.MethodBaseInvoker.InvokeWithNoArgs(Object obj, BindingFlags invokeAttr)</StackTrace>
        </ErrorInfo>
      </Output>
    </UnitTestResult>
    <UnitTestResult executionId="8210306b-c172-462a-82b0-51e252e2ac10" testId="d7577d94-8b91-bfbe-177f-b2fbf719b1dc" testName="BlogApp.UnitTests.CQRS.MediatorTests.SendAsync_WithValidCommand_ShouldReturnSuccessResponse" computerName="DESKTOP-QSMFJFT" duration="00:00:00.0019165" startTime="2025-07-16T14:17:46.0913109+06:00" endTime="2025-07-16T14:17:46.0913111+06:00" testType="13cdc9d9-ddb5-4fa4-a97d-d965ccfc6d4b" outcome="Passed" testListId="8c84fa94-04c1-424b-9868-57a2d4851a1d" relativeResultsDirectory="8210306b-c172-462a-82b0-51e252e2ac10" />
    <UnitTestResult executionId="b64827bc-aba2-47a1-8bc1-b3dbaaec0e0c" testId="d25f3d2f-d7e6-950c-e034-e40173fb220d" testName="BlogApp.UnitTests.Validators.GetBlogPostBySlugQueryValidatorTests.Validate_WithValidSlugWithNumbers_ShouldPass" computerName="DESKTOP-QSMFJFT" duration="00:00:00.0001525" startTime="2025-07-16T14:17:46.0408197+06:00" endTime="2025-07-16T14:17:46.0408198+06:00" testType="13cdc9d9-ddb5-4fa4-a97d-d965ccfc6d4b" outcome="Passed" testListId="8c84fa94-04c1-424b-9868-57a2d4851a1d" relativeResultsDirectory="b64827bc-aba2-47a1-8bc1-b3dbaaec0e0c" />
    <UnitTestResult executionId="641b8977-c7ee-47a9-96b5-9af4500d9784" testId="c9175aef-1820-23f2-3f54-b83bcd848d99" testName="BlogApp.UnitTests.Validators.CreateBlogPostCommandValidatorTests.Validate_WithValidData_ShouldPass" computerName="DESKTOP-QSMFJFT" duration="00:00:00.0003672" startTime="2025-07-16T14:17:46.0412328+06:00" endTime="2025-07-16T14:17:46.0412328+06:00" testType="13cdc9d9-ddb5-4fa4-a97d-d965ccfc6d4b" outcome="Passed" testListId="8c84fa94-04c1-424b-9868-57a2d4851a1d" relativeResultsDirectory="641b8977-c7ee-47a9-96b5-9af4500d9784" />
    <UnitTestResult executionId="b8c7f8b6-d19d-4d3a-8301-bdbd81a15ebb" testId="80b26f0c-303b-12c6-c375-b61486050ed1" testName="BlogApp.UnitTests.UnitOfWork.QueryUnitOfWorkTests.Dispose_ShouldDisposeContext" computerName="DESKTOP-QSMFJFT" duration="00:00:00.0006022" startTime="2025-07-16T14:17:46.3139181+06:00" endTime="2025-07-16T14:17:46.3139182+06:00" testType="13cdc9d9-ddb5-4fa4-a97d-d965ccfc6d4b" outcome="Failed" testListId="8c84fa94-04c1-424b-9868-57a2d4851a1d" relativeResultsDirectory="b8c7f8b6-d19d-4d3a-8301-bdbd81a15ebb">
      <Output>
        <ErrorInfo>
          <Message>System.ObjectDisposedException : Cannot access a disposed context instance. A common cause of this error is disposing a context instance that was resolved from dependency injection and then later trying to use the same context instance elsewhere in your application. This may occur if you are calling 'Dispose' on the context instance, or wrapping it in a using statement. If you are using dependency injection, you should let the dependency injection container take care of disposing context instances.&#xD;
Object name: 'QueryDbContext'.</Message>
          <StackTrace>   at Microsoft.EntityFrameworkCore.DbContext.CheckDisposed()&#xD;
   at Microsoft.EntityFrameworkCore.DbContext.get_Database()&#xD;
   at BlogApp.UnitTests.UnitOfWork.QueryUnitOfWorkTests.Dispose_ShouldDisposeContext() in D:\GitHub\Clean-Architecture\Tests\BlogApp.UnitTests\UnitOfWork\QueryUnitOfWorkTests.cs:line 112&#xD;
   at System.RuntimeMethodHandle.InvokeMethod(Object target, Void** arguments, Signature sig, Boolean isConstructor)&#xD;
   at System.Reflection.MethodBaseInvoker.InvokeWithNoArgs(Object obj, BindingFlags invokeAttr)</StackTrace>
        </ErrorInfo>
      </Output>
    </UnitTestResult>
    <UnitTestResult executionId="eb72881c-86b1-4317-aae2-1b9181da4ff1" testId="002fa0d5-6820-15a8-1781-fbc45cbba15a" testName="BlogApp.UnitTests.Services.AuthServiceTests.LoginAsync_WithInvalidEmail_ShouldReturnFailureResponse" computerName="DESKTOP-QSMFJFT" duration="00:00:00.0008111" startTime="2025-07-16T14:17:46.1008865+06:00" endTime="2025-07-16T14:17:46.1008865+06:00" testType="13cdc9d9-ddb5-4fa4-a97d-d965ccfc6d4b" outcome="Passed" testListId="8c84fa94-04c1-424b-9868-57a2d4851a1d" relativeResultsDirectory="eb72881c-86b1-4317-aae2-1b9181da4ff1" />
    <UnitTestResult executionId="118f5977-cb7e-465f-9a10-fb2228b5e505" testId="fca6895f-dc72-01f3-a2fa-036cb5c903f9" testName="BlogApp.UnitTests.Handlers.GetCommentsQueryHandlerTests.HandleAsync_WithInvalidBlogPostId_ShouldReturnValidationError" computerName="DESKTOP-QSMFJFT" duration="00:00:00.0476955" startTime="2025-07-16T14:17:46.0878679+06:00" endTime="2025-07-16T14:17:46.0878680+06:00" testType="13cdc9d9-ddb5-4fa4-a97d-d965ccfc6d4b" outcome="Failed" testListId="8c84fa94-04c1-424b-9868-57a2d4851a1d" relativeResultsDirectory="118f5977-cb7e-465f-9a10-fb2228b5e505">
      <Output>
        <ErrorInfo>
          <Message>System.NullReferenceException : Object reference not set to an instance of an object.</Message>
          <StackTrace>   at BlogApp.API.Application.Features.Comment.Queries.GetCommentsQueryHandler.HandleAsync(GetCommentsQuery query, CancellationToken cancellationToken) in D:\GitHub\Clean-Architecture\BlogApp.API\Application\Features\Comment\Queries\GetCommentsQuery.cs:line 24&#xD;
   at BlogApp.UnitTests.Handlers.GetCommentsQueryHandlerTests.HandleAsync_WithInvalidBlogPostId_ShouldReturnValidationError() in D:\GitHub\Clean-Architecture\Tests\BlogApp.UnitTests\Handlers\GetCommentsQueryHandlerTests.cs:line 110&#xD;
--- End of stack trace from previous location ---</StackTrace>
        </ErrorInfo>
      </Output>
    </UnitTestResult>
    <UnitTestResult executionId="fbf336e1-507c-4c3e-a0bc-dc62a45a926b" testId="aab7b010-ff00-644a-f4f4-5c853c64fb2e" testName="BlogApp.UnitTests.UnitOfWork.CommandUnitOfWorkTests.Repository_WithDifferentTypes_ShouldReturnDifferentRepositories" computerName="DESKTOP-QSMFJFT" duration="00:00:00.3226750" startTime="2025-07-16T14:17:46.3249572+06:00" endTime="2025-07-16T14:17:46.3249576+06:00" testType="13cdc9d9-ddb5-4fa4-a97d-d965ccfc6d4b" outcome="Passed" testListId="8c84fa94-04c1-424b-9868-57a2d4851a1d" relativeResultsDirectory="fbf336e1-507c-4c3e-a0bc-dc62a45a926b" />
    <UnitTestResult executionId="1e7fa1ab-f323-4111-80b4-9c01a7775bb2" testId="025ed52b-4ce1-9ae3-4ea6-fc1929bd4c67" testName="BlogApp.UnitTests.Validators.RegisterCommandValidatorTests.Validate_WithMismatchedPasswords_ShouldFail" computerName="DESKTOP-QSMFJFT" duration="00:00:00.0008642" startTime="2025-07-16T14:17:46.0399680+06:00" endTime="2025-07-16T14:17:46.0399680+06:00" testType="13cdc9d9-ddb5-4fa4-a97d-d965ccfc6d4b" outcome="Passed" testListId="8c84fa94-04c1-424b-9868-57a2d4851a1d" relativeResultsDirectory="1e7fa1ab-f323-4111-80b4-9c01a7775bb2" />
    <UnitTestResult executionId="962a2c01-4bdf-45f3-9fe7-37c76bdcb906" testId="005a11e5-5560-344e-4ea8-d3847c8f055e" testName="BlogApp.UnitTests.Validators.GetCommentsQueryValidatorTests.Validate_WithInvalidBlogPostId_ShouldFail" computerName="DESKTOP-QSMFJFT" duration="00:00:00.0008700" startTime="2025-07-16T14:17:46.0422969+06:00" endTime="2025-07-16T14:17:46.0422970+06:00" testType="13cdc9d9-ddb5-4fa4-a97d-d965ccfc6d4b" outcome="Passed" testListId="8c84fa94-04c1-424b-9868-57a2d4851a1d" relativeResultsDirectory="962a2c01-4bdf-45f3-9fe7-37c76bdcb906" />
    <UnitTestResult executionId="f66557a4-e5c0-4b28-ba5c-c0cd57507336" testId="3b32ec1d-870a-66a3-d03c-b4e2997c8e95" testName="BlogApp.UnitTests.Validators.GetBlogPostsQueryValidatorTests.Validate_WithDefaultValues_ShouldPass" computerName="DESKTOP-QSMFJFT" duration="00:00:00.0001764" startTime="2025-07-16T14:17:46.0426817+06:00" endTime="2025-07-16T14:17:46.0426818+06:00" testType="13cdc9d9-ddb5-4fa4-a97d-d965ccfc6d4b" outcome="Passed" testListId="8c84fa94-04c1-424b-9868-57a2d4851a1d" relativeResultsDirectory="f66557a4-e5c0-4b28-ba5c-c0cd57507336" />
    <UnitTestResult executionId="607c074d-7d91-4534-9fb8-5ea255fb11c9" testId="12741cce-d370-1aec-3c61-f362695bb3e7" testName="BlogApp.UnitTests.Validators.CreateBlogPostCommandValidatorTests.Validate_WithInvalidSlug_ShouldFail" computerName="DESKTOP-QSMFJFT" duration="00:00:00.0006550" startTime="2025-07-16T14:17:46.0415840+06:00" endTime="2025-07-16T14:17:46.0415840+06:00" testType="13cdc9d9-ddb5-4fa4-a97d-d965ccfc6d4b" outcome="Passed" testListId="8c84fa94-04c1-424b-9868-57a2d4851a1d" relativeResultsDirectory="607c074d-7d91-4534-9fb8-5ea255fb11c9" />
    <UnitTestResult executionId="053895c7-8bef-49a6-b6ef-af7c26e01636" testId="f25a70f9-b506-0fcd-eabe-8ffcfb9102a1" testName="BlogApp.UnitTests.Repositories.QueryRepositoryTests.GetByIdAsync_WithNonExistentId_ShouldReturnNull" computerName="DESKTOP-QSMFJFT" duration="00:00:00.0378309" startTime="2025-07-16T14:17:46.4752881+06:00" endTime="2025-07-16T14:17:46.4752881+06:00" testType="13cdc9d9-ddb5-4fa4-a97d-d965ccfc6d4b" outcome="Passed" testListId="8c84fa94-04c1-424b-9868-57a2d4851a1d" relativeResultsDirectory="053895c7-8bef-49a6-b6ef-af7c26e01636" />
    <UnitTestResult executionId="1e48f99b-2178-4141-a450-5644f4268911" testId="7717b0ca-9efc-2db3-31e1-e1571f6c15fc" testName="BlogApp.UnitTests.Validators.GetCommentsQueryValidatorTests.Validate_WithValidData_ShouldPass" computerName="DESKTOP-QSMFJFT" duration="00:00:00.0012179" startTime="2025-07-16T14:17:46.0416984+06:00" endTime="2025-07-16T14:17:46.0416985+06:00" testType="13cdc9d9-ddb5-4fa4-a97d-d965ccfc6d4b" outcome="Passed" testListId="8c84fa94-04c1-424b-9868-57a2d4851a1d" relativeResultsDirectory="1e48f99b-2178-4141-a450-5644f4268911" />
    <UnitTestResult executionId="f85bb43d-01ad-4094-8b79-4a22aa5b86c0" testId="a59b5e53-02dd-70fe-4fb9-56803ebe5153" testName="BlogApp.UnitTests.Services.AuthServiceTests.RegisterAsync_WithMismatchedPasswords_ShouldReturnFailureResponse" computerName="DESKTOP-QSMFJFT" duration="00:00:00.0011815" startTime="2025-07-16T14:17:46.1000423+06:00" endTime="2025-07-16T14:17:46.1000425+06:00" testType="13cdc9d9-ddb5-4fa4-a97d-d965ccfc6d4b" outcome="Passed" testListId="8c84fa94-04c1-424b-9868-57a2d4851a1d" relativeResultsDirectory="f85bb43d-01ad-4094-8b79-4a22aa5b86c0" />
    <UnitTestResult executionId="ef7a61c2-b6d5-40f7-8fc6-1917b8dfce20" testId="c3209946-1608-55b6-2009-4829659a0b8f" testName="BlogApp.UnitTests.Validators.GetBlogPostsQueryValidatorTests.Validate_WithNegativePage_ShouldFail" computerName="DESKTOP-QSMFJFT" duration="00:00:00.0004769" startTime="2025-07-16T14:17:46.0425668+06:00" endTime="2025-07-16T14:17:46.0425669+06:00" testType="13cdc9d9-ddb5-4fa4-a97d-d965ccfc6d4b" outcome="Passed" testListId="8c84fa94-04c1-424b-9868-57a2d4851a1d" relativeResultsDirectory="ef7a61c2-b6d5-40f7-8fc6-1917b8dfce20" />
    <UnitTestResult executionId="7139e78d-cc8b-4a1f-ac21-8f1ff2456545" testId="b2053673-8226-819c-c20c-9d3bbd3e95a6" testName="BlogApp.UnitTests.Handlers.GetTagsQueryHandlerTests.HandleAsync_WithValidQuery_ShouldReturnSuccessResponse" computerName="DESKTOP-QSMFJFT" duration="00:00:00.0019188" startTime="2025-07-16T14:17:46.0940220+06:00" endTime="2025-07-16T14:17:46.0940221+06:00" testType="13cdc9d9-ddb5-4fa4-a97d-d965ccfc6d4b" outcome="Passed" testListId="8c84fa94-04c1-424b-9868-57a2d4851a1d" relativeResultsDirectory="7139e78d-cc8b-4a1f-ac21-8f1ff2456545" />
    <UnitTestResult executionId="cc39d01b-5007-4988-9d4d-ff1a8fd883f0" testId="3aafd542-e742-b684-10ae-1e333450dd77" testName="BlogApp.UnitTests.Handlers.GetBlogPostsQueryHandlerTests.HandleAsync_WithInvalidPage_ShouldReturnValidationError" computerName="DESKTOP-QSMFJFT" duration="00:00:00.0006447" startTime="2025-07-16T14:17:46.0931253+06:00" endTime="2025-07-16T14:17:46.0931254+06:00" testType="13cdc9d9-ddb5-4fa4-a97d-d965ccfc6d4b" outcome="Failed" testListId="8c84fa94-04c1-424b-9868-57a2d4851a1d" relativeResultsDirectory="cc39d01b-5007-4988-9d4d-ff1a8fd883f0">
      <Output>
        <ErrorInfo>
          <Message>System.NullReferenceException : Object reference not set to an instance of an object.</Message>
          <StackTrace>   at BlogApp.API.Application.Features.Blog.Queries.GetBlogPostsQueryHandler.HandleAsync(GetBlogPostsQuery query, CancellationToken cancellationToken) in D:\GitHub\Clean-Architecture\BlogApp.API\Application\Features\Blog\Queries\GetBlogPostsQuery.cs:line 26&#xD;
   at BlogApp.UnitTests.Handlers.GetBlogPostsQueryHandlerTests.HandleAsync_WithInvalidPage_ShouldReturnValidationError() in D:\GitHub\Clean-Architecture\Tests\BlogApp.UnitTests\Handlers\GetBlogPostsQueryHandlerTests.cs:line 137&#xD;
--- End of stack trace from previous location ---</StackTrace>
        </ErrorInfo>
      </Output>
    </UnitTestResult>
    <UnitTestResult executionId="bad5294b-25db-4916-8d65-448b20ad6658" testId="c42e05d0-463f-e5e0-34be-a604dec28e37" testName="BlogApp.UnitTests.Handlers.SearchPostsQueryHandlerTests.HandleAsync_WithIncludeUnpublished_ShouldReturnAllMatching" computerName="DESKTOP-QSMFJFT" duration="00:00:00.0011355" startTime="2025-07-16T14:17:46.0948902+06:00" endTime="2025-07-16T14:17:46.0948903+06:00" testType="13cdc9d9-ddb5-4fa4-a97d-d965ccfc6d4b" outcome="Passed" testListId="8c84fa94-04c1-424b-9868-57a2d4851a1d" relativeResultsDirectory="bad5294b-25db-4916-8d65-448b20ad6658" />
    <UnitTestResult executionId="1b7e74c3-80d3-4e6c-a0b9-0c30d7a8a419" testId="e1b39664-22c0-3d31-5865-0425f46e52f8" testName="BlogApp.UnitTests.Factories.UnitOfWorkFactoryTests.CreateCommandUnitOfWork_WithMultipleCalls_ShouldReturnDifferentInstances" computerName="DESKTOP-QSMFJFT" duration="00:00:00.0001481" startTime="2025-07-16T14:17:46.0823251+06:00" endTime="2025-07-16T14:17:46.0823251+06:00" testType="13cdc9d9-ddb5-4fa4-a97d-d965ccfc6d4b" outcome="Failed" testListId="8c84fa94-04c1-424b-9868-57a2d4851a1d" relativeResultsDirectory="1b7e74c3-80d3-4e6c-a0b9-0c30d7a8a419">
      <Output>
        <ErrorInfo>
          <Message>System.NotSupportedException : Unsupported expression: x =&gt; x.GetConnectionString("CommandConnection")&#xD;
Extension methods (here: ConfigurationExtensions.GetConnectionString) may not be used in setup / verification expressions.</Message>
          <StackTrace>   at Moq.Guard.IsOverridable(MethodInfo method, Expression expression) in /_/src/Moq/Guard.cs:line 87&#xD;
   at Moq.MethodExpectation..ctor(LambdaExpression expression, MethodInfo method, IReadOnlyList`1 arguments, Boolean exactGenericTypeArguments, Boolean skipMatcherInitialization, Boolean allowNonOverridable) in /_/src/Moq/MethodExpectation.cs:line 87&#xD;
   at Moq.ExpressionExtensions.&lt;Split&gt;g__Split|5_0(Expression e, Expression&amp; r, MethodExpectation&amp; p, Boolean assignment, Boolean allowNonOverridableLastProperty) in /_/src/Moq/ExpressionExtensions.cs:line 235&#xD;
   at Moq.ExpressionExtensions.Split(LambdaExpression expression, Boolean allowNonOverridableLastProperty) in /_/src/Moq/ExpressionExtensions.cs:line 149&#xD;
   at Moq.Mock.SetupRecursive[TSetup](Mock mock, LambdaExpression expression, Func`4 setupLast, Boolean allowNonOverridableLastProperty) in /_/src/Moq/Mock.cs:line 645&#xD;
   at Moq.Mock.Setup(Mock mock, LambdaExpression expression, Condition condition) in /_/src/Moq/Mock.cs:line 500&#xD;
   at Moq.Mock`1.Setup[TResult](Expression`1 expression) in /_/src/Moq/Mock`1.cs:line 452&#xD;
   at BlogApp.UnitTests.Factories.UnitOfWorkFactoryTests.SetupConfigurationForCommandDb() in D:\GitHub\Clean-Architecture\Tests\BlogApp.UnitTests\Factories\UnitOfWorkFactoryTests.cs:line 105&#xD;
   at BlogApp.UnitTests.Factories.UnitOfWorkFactoryTests.CreateCommandUnitOfWork_WithMultipleCalls_ShouldReturnDifferentInstances() in D:\GitHub\Clean-Architecture\Tests\BlogApp.UnitTests\Factories\UnitOfWorkFactoryTests.cs:line 50&#xD;
   at System.RuntimeMethodHandle.InvokeMethod(Object target, Void** arguments, Signature sig, Boolean isConstructor)&#xD;
   at System.Reflection.MethodBaseInvoker.InvokeWithNoArgs(Object obj, BindingFlags invokeAttr)</StackTrace>
        </ErrorInfo>
      </Output>
    </UnitTestResult>
    <UnitTestResult executionId="8ed7e606-2254-4d61-909b-8cf3ffd99328" testId="2277dcff-b9dc-1f05-8897-44beaa785ac7" testName="BlogApp.UnitTests.Validators.CreateBlogPostCommandValidatorTests.Validate_WithInvalidCategoryId_ShouldFail" computerName="DESKTOP-QSMFJFT" duration="00:00:00.0006867" startTime="2025-07-16T14:17:46.0399172+06:00" endTime="2025-07-16T14:17:46.0399172+06:00" testType="13cdc9d9-ddb5-4fa4-a97d-d965ccfc6d4b" outcome="Passed" testListId="8c84fa94-04c1-424b-9868-57a2d4851a1d" relativeResultsDirectory="8ed7e606-2254-4d61-909b-8cf3ffd99328" />
    <UnitTestResult executionId="4608e3b3-9819-4161-9839-4fdb9bb0c376" testId="1f4a1276-7c8b-d88a-1738-aabbef41ad2b" testName="BlogApp.UnitTests.Validators.SearchPostsQueryValidatorTests.Validate_WithNegativePage_ShouldFail" computerName="DESKTOP-QSMFJFT" duration="00:00:00.0006644" startTime="2025-07-16T14:17:46.0411586+06:00" endTime="2025-07-16T14:17:46.0411587+06:00" testType="13cdc9d9-ddb5-4fa4-a97d-d965ccfc6d4b" outcome="Passed" testListId="8c84fa94-04c1-424b-9868-57a2d4851a1d" relativeResultsDirectory="4608e3b3-9819-4161-9839-4fdb9bb0c376" />
    <UnitTestResult executionId="f07e6768-c630-4a77-a1a8-a3f4154bd5c9" testId="e3161b51-7ca9-23d6-8957-26e471b439a8" testName="BlogApp.UnitTests.Handlers.GetBlogPostBySlugQueryHandlerTests.HandleAsync_WithValidSlug_ShouldReturnSuccessResponse" computerName="DESKTOP-QSMFJFT" duration="00:00:00.0865825" startTime="2025-07-16T14:17:46.0889053+06:00" endTime="2025-07-16T14:17:46.0889055+06:00" testType="13cdc9d9-ddb5-4fa4-a97d-d965ccfc6d4b" outcome="Passed" testListId="8c84fa94-04c1-424b-9868-57a2d4851a1d" relativeResultsDirectory="f07e6768-c630-4a77-a1a8-a3f4154bd5c9" />
    <UnitTestResult executionId="11208b0d-4dfc-4712-a237-c358e714d862" testId="194f2e38-08c1-d599-2973-0aa61a24ff99" testName="BlogApp.UnitTests.Repositories.QueryRepositoryTests.GetAllAsync_WithNoEntities_ShouldReturnEmptyList" computerName="DESKTOP-QSMFJFT" duration="00:00:00.3807082" startTime="2025-07-16T14:17:46.3828924+06:00" endTime="2025-07-16T14:17:46.3828927+06:00" testType="13cdc9d9-ddb5-4fa4-a97d-d965ccfc6d4b" outcome="Passed" testListId="8c84fa94-04c1-424b-9868-57a2d4851a1d" relativeResultsDirectory="11208b0d-4dfc-4712-a237-c358e714d862" />
    <UnitTestResult executionId="546cf911-f0dc-4b61-9317-7a120094071a" testId="57fa4a63-fee9-ca07-a20b-d19970780445" testName="BlogApp.UnitTests.Validators.SearchPostsQueryValidatorTests.Validate_WithInvalidPage_ShouldFail" computerName="DESKTOP-QSMFJFT" duration="00:00:00.0306268" startTime="2025-07-16T14:17:46.0391188+06:00" endTime="2025-07-16T14:17:46.0391188+06:00" testType="13cdc9d9-ddb5-4fa4-a97d-d965ccfc6d4b" outcome="Passed" testListId="8c84fa94-04c1-424b-9868-57a2d4851a1d" relativeResultsDirectory="546cf911-f0dc-4b61-9317-7a120094071a" />
    <UnitTestResult executionId="63400aa9-37f5-49c9-8973-da2ef69aecda" testId="c1a1245c-085e-fa2c-414b-4b7d93c260fa" testName="BlogApp.UnitTests.Handlers.GetBlogPostsQueryHandlerTests.HandleAsync_WithPagination_ShouldReturnPaginatedResults" computerName="DESKTOP-QSMFJFT" duration="00:00:00.0023854" startTime="2025-07-16T14:17:46.0922913+06:00" endTime="2025-07-16T14:17:46.0922914+06:00" testType="13cdc9d9-ddb5-4fa4-a97d-d965ccfc6d4b" outcome="Failed" testListId="8c84fa94-04c1-424b-9868-57a2d4851a1d" relativeResultsDirectory="63400aa9-37f5-49c9-8973-da2ef69aecda">
      <Output>
        <ErrorInfo>
          <Message>Expected result.Data!.Count to be 5, but found 15 (difference of 10).</Message>
          <StackTrace>   at FluentAssertions.Execution.LateBoundTestFramework.Throw(String message)&#xD;
   at FluentAssertions.Execution.DefaultAssertionStrategy.HandleFailure(String message)&#xD;
   at FluentAssertions.Execution.AssertionScope.AddPreFormattedFailure(String formattedFailureMessage)&#xD;
   at FluentAssertions.Execution.AssertionChain.FailWith(Func`1 getFailureReason)&#xD;
   at FluentAssertions.Execution.AssertionChain.FailWith(Func`1 getFailureReason)&#xD;
   at FluentAssertions.Execution.AssertionChain.FailWith(String message, Object[] args)&#xD;
   at FluentAssertions.Numeric.NumericAssertionsBase`3.Be(T expected, String because, Object[] becauseArgs)&#xD;
   at BlogApp.UnitTests.Handlers.GetBlogPostsQueryHandlerTests.HandleAsync_WithPagination_ShouldReturnPaginatedResults() in D:\GitHub\Clean-Architecture\Tests\BlogApp.UnitTests\Handlers\GetBlogPostsQueryHandlerTests.cs:line 103&#xD;
--- End of stack trace from previous location ---</StackTrace>
        </ErrorInfo>
      </Output>
    </UnitTestResult>
    <UnitTestResult executionId="daa69b0a-28e5-467c-94fd-f082c8205382" testId="9c351e08-b1db-b227-f79c-af4eb66bea5b" testName="BlogApp.UnitTests.Validators.RegisterCommandValidatorTests.Validate_WithValidData_ShouldPass" computerName="DESKTOP-QSMFJFT" duration="00:00:00.0304079" startTime="2025-07-16T14:17:46.0393316+06:00" endTime="2025-07-16T14:17:46.0393317+06:00" testType="13cdc9d9-ddb5-4fa4-a97d-d965ccfc6d4b" outcome="Passed" testListId="8c84fa94-04c1-424b-9868-57a2d4851a1d" relativeResultsDirectory="daa69b0a-28e5-467c-94fd-f082c8205382" />
    <UnitTestResult executionId="1258ea61-b359-4e3c-9c9c-8af8fdd16913" testId="8d391143-6203-fb9a-4e81-295cb6aa57b2" testName="BlogApp.UnitTests.Validators.RegisterCommandValidatorTests.Validate_WithEmptyConfirmPassword_ShouldFail" computerName="DESKTOP-QSMFJFT" duration="00:00:00.0007892" startTime="2025-07-16T14:17:46.0417604+06:00" endTime="2025-07-16T14:17:46.0417604+06:00" testType="13cdc9d9-ddb5-4fa4-a97d-d965ccfc6d4b" outcome="Passed" testListId="8c84fa94-04c1-424b-9868-57a2d4851a1d" relativeResultsDirectory="1258ea61-b359-4e3c-9c9c-8af8fdd16913" />
    <UnitTestResult executionId="6da5f09e-c921-4e68-87bb-986ca4078e7d" testId="89cec442-9df3-4412-2046-ca725f28d8c1" testName="BlogApp.UnitTests.CQRS.MediatorTests.SendAsync_WithHandlerNotFound_ShouldThrowException" computerName="DESKTOP-QSMFJFT" duration="00:00:00.0004835" startTime="2025-07-16T14:17:46.0826641+06:00" endTime="2025-07-16T14:17:46.0826643+06:00" testType="13cdc9d9-ddb5-4fa4-a97d-d965ccfc6d4b" outcome="Passed" testListId="8c84fa94-04c1-424b-9868-57a2d4851a1d" relativeResultsDirectory="6da5f09e-c921-4e68-87bb-986ca4078e7d" />
    <UnitTestResult executionId="d28c7faf-6df9-4f7f-86f0-7e2503c1ddc8" testId="b4742659-306b-7623-e020-f586f4e91a8f" testName="BlogApp.UnitTests.CQRS.MediatorTests.SendAsync_WithQueryHandlerThrowingException_ShouldPropagateException" computerName="DESKTOP-QSMFJFT" duration="00:00:00.0022930" startTime="2025-07-16T14:17:46.0895095+06:00" endTime="2025-07-16T14:17:46.0895096+06:00" testType="13cdc9d9-ddb5-4fa4-a97d-d965ccfc6d4b" outcome="Passed" testListId="8c84fa94-04c1-424b-9868-57a2d4851a1d" relativeResultsDirectory="d28c7faf-6df9-4f7f-86f0-7e2503c1ddc8" />
    <UnitTestResult executionId="2e661e9a-6dc4-4d7b-bdc2-e336acde7cdc" testId="23148289-78d3-9a33-f278-c068ea01e7fe" testName="BlogApp.UnitTests.Validators.CreateBlogPostCommandValidatorTests.Validate_WithEmptyContent_ShouldFail" computerName="DESKTOP-QSMFJFT" duration="00:00:00.0007316" startTime="2025-07-16T14:17:46.0405632+06:00" endTime="2025-07-16T14:17:46.0405632+06:00" testType="13cdc9d9-ddb5-4fa4-a97d-d965ccfc6d4b" outcome="Passed" testListId="8c84fa94-04c1-424b-9868-57a2d4851a1d" relativeResultsDirectory="2e661e9a-6dc4-4d7b-bdc2-e336acde7cdc" />
    <UnitTestResult executionId="2e746ade-0367-4826-86d6-2018fe28e974" testId="740d41dd-92b0-c532-f070-f5568a812607" testName="BlogApp.UnitTests.Validators.GetBlogPostBySlugQueryValidatorTests.Validate_WithLongSlug_ShouldFail" computerName="DESKTOP-QSMFJFT" duration="00:00:00.0010936" startTime="2025-07-16T14:17:46.0634632+06:00" endTime="2025-07-16T14:17:46.0634634+06:00" testType="13cdc9d9-ddb5-4fa4-a97d-d965ccfc6d4b" outcome="Failed" testListId="8c84fa94-04c1-424b-9868-57a2d4851a1d" relativeResultsDirectory="2e746ade-0367-4826-86d6-2018fe28e974">
      <Output>
        <ErrorInfo>
          <Message>Expected result.IsValid to be False, but found True.</Message>
          <StackTrace>   at FluentAssertions.Execution.LateBoundTestFramework.Throw(String message)&#xD;
   at FluentAssertions.Execution.DefaultAssertionStrategy.HandleFailure(String message)&#xD;
   at FluentAssertions.Execution.AssertionScope.AddPreFormattedFailure(String formattedFailureMessage)&#xD;
   at FluentAssertions.Execution.AssertionChain.FailWith(Func`1 getFailureReason)&#xD;
   at FluentAssertions.Execution.AssertionChain.FailWith(Func`1 getFailureReason)&#xD;
   at FluentAssertions.Execution.AssertionChain.FailWith(String message, Object[] args)&#xD;
   at FluentAssertions.Primitives.BooleanAssertions`1.BeFalse(String because, Object[] becauseArgs)&#xD;
   at BlogApp.UnitTests.Validators.GetBlogPostBySlugQueryValidatorTests.Validate_WithLongSlug_ShouldFail() in D:\GitHub\Clean-Architecture\Tests\BlogApp.UnitTests\Validators\GetBlogPostBySlugQueryValidatorTests.cs:line 92&#xD;
   at System.RuntimeMethodHandle.InvokeMethod(Object target, Void** arguments, Signature sig, Boolean isConstructor)&#xD;
   at System.Reflection.MethodBaseInvoker.InvokeWithNoArgs(Object obj, BindingFlags invokeAttr)</StackTrace>
        </ErrorInfo>
      </Output>
    </UnitTestResult>
    <UnitTestResult executionId="6b03f772-bd97-4487-bc78-ea1246bc6047" testId="59dce7e9-ec8b-2b1f-efee-24ec41c4896d" testName="BlogApp.UnitTests.Factories.UnitOfWorkFactoryTests.CreateQueryUnitOfWork_WithMultipleCalls_ShouldReturnDifferentInstances" computerName="DESKTOP-QSMFJFT" duration="00:00:00.0001421" startTime="2025-07-16T14:17:46.0825267+06:00" endTime="2025-07-16T14:17:46.0825267+06:00" testType="13cdc9d9-ddb5-4fa4-a97d-d965ccfc6d4b" outcome="Failed" testListId="8c84fa94-04c1-424b-9868-57a2d4851a1d" relativeResultsDirectory="6b03f772-bd97-4487-bc78-ea1246bc6047">
      <Output>
        <ErrorInfo>
          <Message>System.NotSupportedException : Unsupported expression: x =&gt; x.GetConnectionString("QueryConnection")&#xD;
Extension methods (here: ConfigurationExtensions.GetConnectionString) may not be used in setup / verification expressions.</Message>
          <StackTrace>   at Moq.Guard.IsOverridable(MethodInfo method, Expression expression) in /_/src/Moq/Guard.cs:line 87&#xD;
   at Moq.MethodExpectation..ctor(LambdaExpression expression, MethodInfo method, IReadOnlyList`1 arguments, Boolean exactGenericTypeArguments, Boolean skipMatcherInitialization, Boolean allowNonOverridable) in /_/src/Moq/MethodExpectation.cs:line 87&#xD;
   at Moq.ExpressionExtensions.&lt;Split&gt;g__Split|5_0(Expression e, Expression&amp; r, MethodExpectation&amp; p, Boolean assignment, Boolean allowNonOverridableLastProperty) in /_/src/Moq/ExpressionExtensions.cs:line 235&#xD;
   at Moq.ExpressionExtensions.Split(LambdaExpression expression, Boolean allowNonOverridableLastProperty) in /_/src/Moq/ExpressionExtensions.cs:line 149&#xD;
   at Moq.Mock.SetupRecursive[TSetup](Mock mock, LambdaExpression expression, Func`4 setupLast, Boolean allowNonOverridableLastProperty) in /_/src/Moq/Mock.cs:line 645&#xD;
   at Moq.Mock.Setup(Mock mock, LambdaExpression expression, Condition condition) in /_/src/Moq/Mock.cs:line 500&#xD;
   at Moq.Mock`1.Setup[TResult](Expression`1 expression) in /_/src/Moq/Mock`1.cs:line 452&#xD;
   at BlogApp.UnitTests.Factories.UnitOfWorkFactoryTests.SetupConfigurationForQueryDb() in D:\GitHub\Clean-Architecture\Tests\BlogApp.UnitTests\Factories\UnitOfWorkFactoryTests.cs:line 112&#xD;
   at BlogApp.UnitTests.Factories.UnitOfWorkFactoryTests.CreateQueryUnitOfWork_WithMultipleCalls_ShouldReturnDifferentInstances() in D:\GitHub\Clean-Architecture\Tests\BlogApp.UnitTests\Factories\UnitOfWorkFactoryTests.cs:line 64&#xD;
   at System.RuntimeMethodHandle.InvokeMethod(Object target, Void** arguments, Signature sig, Boolean isConstructor)&#xD;
   at System.Reflection.MethodBaseInvoker.InvokeWithNoArgs(Object obj, BindingFlags invokeAttr)</StackTrace>
        </ErrorInfo>
      </Output>
    </UnitTestResult>
    <UnitTestResult executionId="c6153df4-4308-4d47-8153-3f847904c2b2" testId="77bfb986-3a1e-f3ed-2345-d7595a16dbf9" testName="BlogApp.UnitTests.Handlers.GetBlogPostsQueryHandlerTests.HandleAsync_WithInvalidPageSize_ShouldReturnValidationError" computerName="DESKTOP-QSMFJFT" duration="00:00:00.0007563" startTime="2025-07-16T14:17:46.0959708+06:00" endTime="2025-07-16T14:17:46.0959710+06:00" testType="13cdc9d9-ddb5-4fa4-a97d-d965ccfc6d4b" outcome="Failed" testListId="8c84fa94-04c1-424b-9868-57a2d4851a1d" relativeResultsDirectory="c6153df4-4308-4d47-8153-3f847904c2b2">
      <Output>
        <ErrorInfo>
          <Message>System.NullReferenceException : Object reference not set to an instance of an object.</Message>
          <StackTrace>   at BlogApp.API.Application.Features.Blog.Queries.GetBlogPostsQueryHandler.HandleAsync(GetBlogPostsQuery query, CancellationToken cancellationToken) in D:\GitHub\Clean-Architecture\BlogApp.API\Application\Features\Blog\Queries\GetBlogPostsQuery.cs:line 26&#xD;
   at BlogApp.UnitTests.Handlers.GetBlogPostsQueryHandlerTests.HandleAsync_WithInvalidPageSize_ShouldReturnValidationError() in D:\GitHub\Clean-Architecture\Tests\BlogApp.UnitTests\Handlers\GetBlogPostsQueryHandlerTests.cs:line 153&#xD;
--- End of stack trace from previous location ---</StackTrace>
        </ErrorInfo>
      </Output>
    </UnitTestResult>
    <UnitTestResult executionId="78c0c24b-1566-44f1-9b0b-113eace28dcd" testId="a4b2491e-c54d-7e8b-ec0d-c2987ac04571" testName="BlogApp.UnitTests.Handlers.GetTagsQueryHandlerTests.HandleAsync_WithSingleTag_ShouldReturnSingleItem" computerName="DESKTOP-QSMFJFT" duration="00:00:00.0520462" startTime="2025-07-16T14:17:46.0923713+06:00" endTime="2025-07-16T14:17:46.0923714+06:00" testType="13cdc9d9-ddb5-4fa4-a97d-d965ccfc6d4b" outcome="Passed" testListId="8c84fa94-04c1-424b-9868-57a2d4851a1d" relativeResultsDirectory="78c0c24b-1566-44f1-9b0b-113eace28dcd" />
    <UnitTestResult executionId="df0066ff-780c-4404-9147-af3dda6587e4" testId="4e14efe9-5733-09b7-d56c-cd8b3fd72124" testName="BlogApp.UnitTests.Services.AuthServiceTests.RegisterAsync_WithExistingEmail_ShouldReturnFailureResponse" computerName="DESKTOP-QSMFJFT" duration="00:00:00.0009452" startTime="2025-07-16T14:17:46.1018597+06:00" endTime="2025-07-16T14:17:46.1018599+06:00" testType="13cdc9d9-ddb5-4fa4-a97d-d965ccfc6d4b" outcome="Passed" testListId="8c84fa94-04c1-424b-9868-57a2d4851a1d" relativeResultsDirectory="df0066ff-780c-4404-9147-af3dda6587e4" />
    <UnitTestResult executionId="d736cd1e-2135-49e4-80ad-9888407d97c1" testId="0a4e5a1f-8265-05d4-b2f8-07261c1bfaa0" testName="BlogApp.UnitTests.Validators.SearchPostsQueryValidatorTests.Validate_WithInvalidPageSize_ShouldFail" computerName="DESKTOP-QSMFJFT" duration="00:00:00.0004644" startTime="2025-07-16T14:17:46.0408000+06:00" endTime="2025-07-16T14:17:46.0408000+06:00" testType="13cdc9d9-ddb5-4fa4-a97d-d965ccfc6d4b" outcome="Passed" testListId="8c84fa94-04c1-424b-9868-57a2d4851a1d" relativeResultsDirectory="d736cd1e-2135-49e4-80ad-9888407d97c1" />
    <UnitTestResult executionId="f0339c21-637e-4976-997c-41f20c039c56" testId="20dec73c-2bfd-8a60-28ed-e0db89ebe760" testName="BlogApp.UnitTests.Validators.LoginCommandValidatorTests.Validate_WithShortPassword_ShouldFail" computerName="DESKTOP-QSMFJFT" duration="00:00:00.0008861" startTime="2025-07-16T14:17:46.0399784+06:00" endTime="2025-07-16T14:17:46.0399784+06:00" testType="13cdc9d9-ddb5-4fa4-a97d-d965ccfc6d4b" outcome="Passed" testListId="8c84fa94-04c1-424b-9868-57a2d4851a1d" relativeResultsDirectory="f0339c21-637e-4976-997c-41f20c039c56" />
    <UnitTestResult executionId="389eba13-cc5d-4f4a-92c6-422c25e76024" testId="742a58b4-abc3-04d1-b16e-387162e5d367" testName="BlogApp.UnitTests.Repositories.QueryRepositoryTests.GetAllAsync_WithEntities_ShouldReturnAllEntities" computerName="DESKTOP-QSMFJFT" duration="00:00:00.0523193" startTime="2025-07-16T14:17:46.4353024+06:00" endTime="2025-07-16T14:17:46.4353028+06:00" testType="13cdc9d9-ddb5-4fa4-a97d-d965ccfc6d4b" outcome="Passed" testListId="8c84fa94-04c1-424b-9868-57a2d4851a1d" relativeResultsDirectory="389eba13-cc5d-4f4a-92c6-422c25e76024" />
    <UnitTestResult executionId="016d5a4a-c362-49ac-84cf-f1b180eb0ef3" testId="531110e7-5b29-8c45-efa6-745196a5ab66" testName="BlogApp.UnitTests.Services.BlogServiceTests.GetCategoriesAsync_ShouldReturnSuccessResponse" computerName="DESKTOP-QSMFJFT" duration="00:00:00.0054461" startTime="2025-07-16T14:17:46.0915825+06:00" endTime="2025-07-16T14:17:46.0915828+06:00" testType="13cdc9d9-ddb5-4fa4-a97d-d965ccfc6d4b" outcome="Passed" testListId="8c84fa94-04c1-424b-9868-57a2d4851a1d" relativeResultsDirectory="016d5a4a-c362-49ac-84cf-f1b180eb0ef3" />
    <UnitTestResult executionId="c8e48b5c-c673-4c20-a06b-bf9dc094f033" testId="ec1caabe-791e-119b-c79c-ddf781c57411" testName="BlogApp.UnitTests.Services.BlogServiceTests.GetBlogPostBySlugAsync_WithValidSlug_ShouldReturnSuccessResponse" computerName="DESKTOP-QSMFJFT" duration="00:00:00.0008524" startTime="2025-07-16T14:17:46.0860542+06:00" endTime="2025-07-16T14:17:46.0860545+06:00" testType="13cdc9d9-ddb5-4fa4-a97d-d965ccfc6d4b" outcome="Passed" testListId="8c84fa94-04c1-424b-9868-57a2d4851a1d" relativeResultsDirectory="c8e48b5c-c673-4c20-a06b-bf9dc094f033" />
    <UnitTestResult executionId="528a72b8-c442-453d-84d1-97cf7ffe2937" testId="e051736b-3e86-37ee-81fb-fed44c050a1b" testName="BlogApp.UnitTests.Handlers.LoginCommandHandlerTests.HandleAsync_WithValidCredentials_ShouldReturnSuccessResponse" computerName="DESKTOP-QSMFJFT" duration="00:00:00.0872736" startTime="2025-07-16T14:17:46.0895407+06:00" endTime="2025-07-16T14:17:46.0895407+06:00" testType="13cdc9d9-ddb5-4fa4-a97d-d965ccfc6d4b" outcome="Passed" testListId="8c84fa94-04c1-424b-9868-57a2d4851a1d" relativeResultsDirectory="528a72b8-c442-453d-84d1-97cf7ffe2937" />
    <UnitTestResult executionId="b73ca5d6-b37b-40b0-a906-d9ad03dbaa48" testId="04e9fafd-461d-1c3d-d826-913c82e4beef" testName="BlogApp.UnitTests.Validators.GetBlogPostBySlugQueryValidatorTests.Validate_WithEmptySlug_ShouldFail" computerName="DESKTOP-QSMFJFT" duration="00:00:00.0004633" startTime="2025-07-16T14:17:46.0405132+06:00" endTime="2025-07-16T14:17:46.0405133+06:00" testType="13cdc9d9-ddb5-4fa4-a97d-d965ccfc6d4b" outcome="Passed" testListId="8c84fa94-04c1-424b-9868-57a2d4851a1d" relativeResultsDirectory="b73ca5d6-b37b-40b0-a906-d9ad03dbaa48" />
    <UnitTestResult executionId="d2068236-87dd-4795-90e7-aeb10e848b5b" testId="ef2de221-3e35-09ca-a0d2-8c6c88e83289" testName="BlogApp.UnitTests.Handlers.GetCategoriesQueryHandlerTests.HandleAsync_WithNoCategories_ShouldReturnEmptyList" computerName="DESKTOP-QSMFJFT" duration="00:00:00.0904088" startTime="2025-07-16T14:17:46.0925640+06:00" endTime="2025-07-16T14:17:46.0925641+06:00" testType="13cdc9d9-ddb5-4fa4-a97d-d965ccfc6d4b" outcome="Passed" testListId="8c84fa94-04c1-424b-9868-57a2d4851a1d" relativeResultsDirectory="d2068236-87dd-4795-90e7-aeb10e848b5b" />
    <UnitTestResult executionId="fcaeb665-ccf2-4ab4-8fde-d8688a913f51" testId="3f077a6a-9009-b815-0e57-e7e61780a0be" testName="BlogApp.UnitTests.Factories.UnitOfWorkFactoryTests.CreateCommandUnitOfWork_ShouldCreateValidContext" computerName="DESKTOP-QSMFJFT" duration="00:00:00.0003134" startTime="2025-07-16T14:17:46.0818789+06:00" endTime="2025-07-16T14:17:46.0818789+06:00" testType="13cdc9d9-ddb5-4fa4-a97d-d965ccfc6d4b" outcome="Failed" testListId="8c84fa94-04c1-424b-9868-57a2d4851a1d" relativeResultsDirectory="fcaeb665-ccf2-4ab4-8fde-d8688a913f51">
      <Output>
        <ErrorInfo>
          <Message>System.NotSupportedException : Unsupported expression: x =&gt; x.GetConnectionString("CommandConnection")&#xD;
Extension methods (here: ConfigurationExtensions.GetConnectionString) may not be used in setup / verification expressions.</Message>
          <StackTrace>   at Moq.Guard.IsOverridable(MethodInfo method, Expression expression) in /_/src/Moq/Guard.cs:line 87&#xD;
   at Moq.MethodExpectation..ctor(LambdaExpression expression, MethodInfo method, IReadOnlyList`1 arguments, Boolean exactGenericTypeArguments, Boolean skipMatcherInitialization, Boolean allowNonOverridable) in /_/src/Moq/MethodExpectation.cs:line 87&#xD;
   at Moq.ExpressionExtensions.&lt;Split&gt;g__Split|5_0(Expression e, Expression&amp; r, MethodExpectation&amp; p, Boolean assignment, Boolean allowNonOverridableLastProperty) in /_/src/Moq/ExpressionExtensions.cs:line 235&#xD;
   at Moq.ExpressionExtensions.Split(LambdaExpression expression, Boolean allowNonOverridableLastProperty) in /_/src/Moq/ExpressionExtensions.cs:line 149&#xD;
   at Moq.Mock.SetupRecursive[TSetup](Mock mock, LambdaExpression expression, Func`4 setupLast, Boolean allowNonOverridableLastProperty) in /_/src/Moq/Mock.cs:line 645&#xD;
   at Moq.Mock.Setup(Mock mock, LambdaExpression expression, Condition condition) in /_/src/Moq/Mock.cs:line 500&#xD;
   at Moq.Mock`1.Setup[TResult](Expression`1 expression) in /_/src/Moq/Mock`1.cs:line 452&#xD;
   at BlogApp.UnitTests.Factories.UnitOfWorkFactoryTests.SetupConfigurationForCommandDb() in D:\GitHub\Clean-Architecture\Tests\BlogApp.UnitTests\Factories\UnitOfWorkFactoryTests.cs:line 105&#xD;
   at BlogApp.UnitTests.Factories.UnitOfWorkFactoryTests.CreateCommandUnitOfWork_ShouldCreateValidContext() in D:\GitHub\Clean-Architecture\Tests\BlogApp.UnitTests\Factories\UnitOfWorkFactoryTests.cs:line 78&#xD;
   at System.RuntimeMethodHandle.InvokeMethod(Object target, Void** arguments, Signature sig, Boolean isConstructor)&#xD;
   at System.Reflection.MethodBaseInvoker.InvokeWithNoArgs(Object obj, BindingFlags invokeAttr)</StackTrace>
        </ErrorInfo>
      </Output>
    </UnitTestResult>
    <UnitTestResult executionId="9a85b569-d621-4978-b0e3-b732e290a3ab" testId="f0307449-7fc1-699f-0c15-686f80ed11f9" testName="BlogApp.UnitTests.Handlers.GetCategoriesQueryHandlerTests.HandleAsync_WithSingleCategory_ShouldReturnSingleItem" computerName="DESKTOP-QSMFJFT" duration="00:00:00.0012386" startTime="2025-07-16T14:17:46.0972480+06:00" endTime="2025-07-16T14:17:46.0972481+06:00" testType="13cdc9d9-ddb5-4fa4-a97d-d965ccfc6d4b" outcome="Passed" testListId="8c84fa94-04c1-424b-9868-57a2d4851a1d" relativeResultsDirectory="9a85b569-d621-4978-b0e3-b732e290a3ab" />
    <UnitTestResult executionId="8e3a2001-0ff6-491f-8e12-4c2f7177502d" testId="1bf4df54-d5ad-a2ed-4570-201402aefc76" testName="BlogApp.UnitTests.Validators.GetBlogPostBySlugQueryValidatorTests.Validate_WithValidSlug_ShouldPass" computerName="DESKTOP-QSMFJFT" duration="00:00:00.0001181" startTime="2025-07-16T14:17:46.0408363+06:00" endTime="2025-07-16T14:17:46.0408363+06:00" testType="13cdc9d9-ddb5-4fa4-a97d-d965ccfc6d4b" outcome="Passed" testListId="8c84fa94-04c1-424b-9868-57a2d4851a1d" relativeResultsDirectory="8e3a2001-0ff6-491f-8e12-4c2f7177502d" />
    <UnitTestResult executionId="882a421b-7879-476e-b50a-b59b0e2c518d" testId="0cd46b47-7a73-3a51-9cb1-17d37d15e0bb" testName="BlogApp.UnitTests.Validators.GetCommentsQueryValidatorTests.Validate_WithNegativeBlogPostId_ShouldFail" computerName="DESKTOP-QSMFJFT" duration="00:00:00.0004888" startTime="2025-07-16T14:17:46.0424701+06:00" endTime="2025-07-16T14:17:46.0424701+06:00" testType="13cdc9d9-ddb5-4fa4-a97d-d965ccfc6d4b" outcome="Passed" testListId="8c84fa94-04c1-424b-9868-57a2d4851a1d" relativeResultsDirectory="882a421b-7879-476e-b50a-b59b0e2c518d" />
    <UnitTestResult executionId="d992ef37-b6ca-436c-85b6-43dd7fe6ac9f" testId="d53002b2-73c6-7599-2e14-732579d3fdb4" testName="BlogApp.UnitTests.Services.AuthServiceTests.RegisterAsync_WithValidData_ShouldReturnSuccessResponse" computerName="DESKTOP-QSMFJFT" duration="00:00:00.0020249" startTime="2025-07-16T14:17:46.1114710+06:00" endTime="2025-07-16T14:17:46.1114712+06:00" testType="13cdc9d9-ddb5-4fa4-a97d-d965ccfc6d4b" outcome="Passed" testListId="8c84fa94-04c1-424b-9868-57a2d4851a1d" relativeResultsDirectory="d992ef37-b6ca-436c-85b6-43dd7fe6ac9f" />
    <UnitTestResult executionId="9af942aa-9824-44ff-a318-7288808e2851" testId="27d1a931-a041-0899-cc91-84afa5c52c74" testName="BlogApp.UnitTests.Validators.CreateBlogPostCommandValidatorTests.Validate_WithEmptyTitle_ShouldFail" computerName="DESKTOP-QSMFJFT" duration="00:00:00.0306581" startTime="2025-07-16T14:17:46.0393057+06:00" endTime="2025-07-16T14:17:46.0393058+06:00" testType="13cdc9d9-ddb5-4fa4-a97d-d965ccfc6d4b" outcome="Passed" testListId="8c84fa94-04c1-424b-9868-57a2d4851a1d" relativeResultsDirectory="9af942aa-9824-44ff-a318-7288808e2851" />
    <UnitTestResult executionId="3b1f27f5-f8c7-41c9-ace8-1384188ab360" testId="79e78562-b2a9-b64d-59a0-1b430e58c13e" testName="BlogApp.UnitTests.Handlers.GetBlogPostBySlugQueryHandlerTests.HandleAsync_WithEmptySlug_ShouldReturnValidationError" computerName="DESKTOP-QSMFJFT" duration="00:00:00.0008154" startTime="2025-07-16T14:17:46.0919640+06:00" endTime="2025-07-16T14:17:46.0919641+06:00" testType="13cdc9d9-ddb5-4fa4-a97d-d965ccfc6d4b" outcome="Failed" testListId="8c84fa94-04c1-424b-9868-57a2d4851a1d" relativeResultsDirectory="3b1f27f5-f8c7-41c9-ace8-1384188ab360">
      <Output>
        <ErrorInfo>
          <Message>System.NullReferenceException : Object reference not set to an instance of an object.</Message>
          <StackTrace>   at BlogApp.API.Application.Features.Blog.Queries.GetBlogPostBySlugQueryHandler.HandleAsync(GetBlogPostBySlugQuery query, CancellationToken cancellationToken) in D:\GitHub\Clean-Architecture\BlogApp.API\Application\Features\Blog\Queries\GetBlogPostBySlugQuery.cs:line 19&#xD;
   at BlogApp.UnitTests.Handlers.GetBlogPostBySlugQueryHandlerTests.HandleAsync_WithEmptySlug_ShouldReturnValidationError() in D:\GitHub\Clean-Architecture\Tests\BlogApp.UnitTests\Handlers\GetBlogPostBySlugQueryHandlerTests.cs:line 85&#xD;
--- End of stack trace from previous location ---</StackTrace>
        </ErrorInfo>
      </Output>
    </UnitTestResult>
    <UnitTestResult executionId="95aa4056-96a6-4517-a214-a7800670ac2f" testId="08ea2998-5c3e-9047-9212-b708f2c1187a" testName="BlogApp.UnitTests.Validators.GetBlogPostsQueryValidatorTests.Validate_WithLargePageSize_ShouldFail" computerName="DESKTOP-QSMFJFT" duration="00:00:00.0022546" startTime="2025-07-16T14:17:46.0425233+06:00" endTime="2025-07-16T14:17:46.0425233+06:00" testType="13cdc9d9-ddb5-4fa4-a97d-d965ccfc6d4b" outcome="Passed" testListId="8c84fa94-04c1-424b-9868-57a2d4851a1d" relativeResultsDirectory="95aa4056-96a6-4517-a214-a7800670ac2f" />
    <UnitTestResult executionId="aa030250-803e-4e52-9b5c-f6df9f309692" testId="8e8eaa2a-cf6c-4f51-937c-22fc9f60f0ed" testName="BlogApp.UnitTests.CQRS.MediatorTests.SendAsync_WithNullCommand_ShouldThrowException" computerName="DESKTOP-QSMFJFT" duration="00:00:00.0003260" startTime="2025-07-16T14:17:46.0839739+06:00" endTime="2025-07-16T14:17:46.0839740+06:00" testType="13cdc9d9-ddb5-4fa4-a97d-d965ccfc6d4b" outcome="Failed" testListId="8c84fa94-04c1-424b-9868-57a2d4851a1d" relativeResultsDirectory="aa030250-803e-4e52-9b5c-f6df9f309692">
      <Output>
        <ErrorInfo>
          <Message>Assert.Throws() Failure: Exception type was not an exact match&#xD;
Expected: typeof(System.ArgumentNullException)&#xD;
Actual:   typeof(System.InvalidOperationException)&#xD;
---- System.InvalidOperationException : Request must implement either ICommand&lt;BaseResponse`1&gt; or IQuery&lt;BaseResponse`1&gt;</Message>
          <StackTrace>   at BlogApp.UnitTests.CQRS.MediatorTests.SendAsync_WithNullCommand_ShouldThrowException() in D:\GitHub\Clean-Architecture\Tests\BlogApp.UnitTests\CQRS\MediatorTests.cs:line 102&#xD;
--- End of stack trace from previous location ---&#xD;
----- Inner Stack Trace -----&#xD;
   at BlogApp.API.Application.CQRS.Mediator.SendAsync[TRequest,TResponse](TRequest request, CancellationToken cancellationToken) in D:\GitHub\Clean-Architecture\BlogApp.API\Application\CQRS\Mediator.cs:line 27</StackTrace>
        </ErrorInfo>
      </Output>
    </UnitTestResult>
    <UnitTestResult executionId="1dfb1222-8faf-477d-a3ec-2429454b68e4" testId="e24858c3-b6c6-f0b5-8b1d-e12b277c1bfd" testName="BlogApp.UnitTests.CQRS.MediatorTests.SendAsync_WithCommandHandlerThrowingException_ShouldPropagateException" computerName="DESKTOP-QSMFJFT" duration="00:00:00.0035796" startTime="2025-07-16T14:17:46.0871024+06:00" endTime="2025-07-16T14:17:46.0871027+06:00" testType="13cdc9d9-ddb5-4fa4-a97d-d965ccfc6d4b" outcome="Passed" testListId="8c84fa94-04c1-424b-9868-57a2d4851a1d" relativeResultsDirectory="1dfb1222-8faf-477d-a3ec-2429454b68e4" />
    <UnitTestResult executionId="5d78b391-2df3-460e-98b1-7c0c6c90451e" testId="f9b4ac59-c368-ef20-8f79-4b0fd52edaba" testName="BlogApp.UnitTests.Handlers.LoginCommandHandlerTests.HandleAsync_WithInvalidCredentials_ShouldReturnUnauthorized" computerName="DESKTOP-QSMFJFT" duration="00:00:00.0022250" startTime="2025-07-16T14:17:46.0923452+06:00" endTime="2025-07-16T14:17:46.0923452+06:00" testType="13cdc9d9-ddb5-4fa4-a97d-d965ccfc6d4b" outcome="Passed" testListId="8c84fa94-04c1-424b-9868-57a2d4851a1d" relativeResultsDirectory="5d78b391-2df3-460e-98b1-7c0c6c90451e" />
    <UnitTestResult executionId="64c43585-7b45-4702-ae9a-280099aba51f" testId="f9f9006f-9eeb-1014-4917-3560a5be92dc" testName="BlogApp.UnitTests.Handlers.CreateBlogPostCommandHandlerTests.HandleAsync_WithNonExistentTag_ShouldReturnNotFoundResponse" computerName="DESKTOP-QSMFJFT" duration="00:00:00.0049259" startTime="2025-07-16T14:17:46.1008639+06:00" endTime="2025-07-16T14:17:46.1008642+06:00" testType="13cdc9d9-ddb5-4fa4-a97d-d965ccfc6d4b" outcome="Passed" testListId="8c84fa94-04c1-424b-9868-57a2d4851a1d" relativeResultsDirectory="64c43585-7b45-4702-ae9a-280099aba51f" />
    <UnitTestResult executionId="69d98d05-175d-491c-925f-e23033a68944" testId="16a9e26f-b80b-5709-01a2-2bba51508001" testName="BlogApp.UnitTests.UnitOfWork.CommandUnitOfWorkTests.SaveChangesAsync_WithValidChanges_ShouldReturnPositiveCount" computerName="DESKTOP-QSMFJFT" duration="00:00:00.1021365" startTime="2025-07-16T14:17:46.4271597+06:00" endTime="2025-07-16T14:17:46.4271599+06:00" testType="13cdc9d9-ddb5-4fa4-a97d-d965ccfc6d4b" outcome="Passed" testListId="8c84fa94-04c1-424b-9868-57a2d4851a1d" relativeResultsDirectory="69d98d05-175d-491c-925f-e23033a68944" />
    <UnitTestResult executionId="4d6aece9-4e0b-4db9-8a08-d278180b6c72" testId="a16fe4d1-56ba-d8a0-831b-44dac3cb407f" testName="BlogApp.UnitTests.Repositories.CommandRepositoryTests.DeleteAsync_WithValidEntity_ShouldRemoveFromDatabase" computerName="DESKTOP-QSMFJFT" duration="00:00:00.4729509" startTime="2025-07-16T14:17:46.4752530+06:00" endTime="2025-07-16T14:17:46.4752532+06:00" testType="13cdc9d9-ddb5-4fa4-a97d-d965ccfc6d4b" outcome="Passed" testListId="8c84fa94-04c1-424b-9868-57a2d4851a1d" relativeResultsDirectory="4d6aece9-4e0b-4db9-8a08-d278180b6c72" />
    <UnitTestResult executionId="3ce00bf2-17b7-4bbf-baac-bbe13a82e483" testId="3cf72599-3076-0115-15e8-004e06528d35" testName="BlogApp.UnitTests.Validators.SearchPostsQueryValidatorTests.Validate_WithNullSearchTerm_ShouldFail" computerName="DESKTOP-QSMFJFT" duration="00:00:00.0005322" startTime="2025-07-16T14:17:46.0398883+06:00" endTime="2025-07-16T14:17:46.0398883+06:00" testType="13cdc9d9-ddb5-4fa4-a97d-d965ccfc6d4b" outcome="Passed" testListId="8c84fa94-04c1-424b-9868-57a2d4851a1d" relativeResultsDirectory="3ce00bf2-17b7-4bbf-baac-bbe13a82e483" />
    <UnitTestResult executionId="bace7216-7834-4be8-8add-c62837ea1f33" testId="f0baf9c6-e71e-3554-de1d-7f1735e50d8f" testName="BlogApp.UnitTests.UnitOfWork.QueryUnitOfWorkTests.Repository_WithValidType_ShouldReturnRepository" computerName="DESKTOP-QSMFJFT" duration="00:00:00.0172649" startTime="2025-07-16T14:17:46.3308495+06:00" endTime="2025-07-16T14:17:46.3308498+06:00" testType="13cdc9d9-ddb5-4fa4-a97d-d965ccfc6d4b" outcome="Passed" testListId="8c84fa94-04c1-424b-9868-57a2d4851a1d" relativeResultsDirectory="bace7216-7834-4be8-8add-c62837ea1f33" />
    <UnitTestResult executionId="c162420d-52ab-426d-b7ac-d47e498d41b0" testId="503c1054-6e29-51fb-e460-cfbd96172ae2" testName="BlogApp.UnitTests.Validators.GetBlogPostsQueryValidatorTests.Validate_WithInvalidPageSize_ShouldFail" computerName="DESKTOP-QSMFJFT" duration="00:00:00.0004256" startTime="2025-07-16T14:17:46.0429205+06:00" endTime="2025-07-16T14:17:46.0429206+06:00" testType="13cdc9d9-ddb5-4fa4-a97d-d965ccfc6d4b" outcome="Passed" testListId="8c84fa94-04c1-424b-9868-57a2d4851a1d" relativeResultsDirectory="c162420d-52ab-426d-b7ac-d47e498d41b0" />
    <UnitTestResult executionId="f128b96b-7b93-49c5-a278-2261b7d2f080" testId="691352e4-0276-c14b-2cee-544c56454915" testName="BlogApp.UnitTests.Validators.GetBlogPostsQueryValidatorTests.Validate_WithInvalidPage_ShouldFail" computerName="DESKTOP-QSMFJFT" duration="00:00:00.0005468" startTime="2025-07-16T14:17:46.0429592+06:00" endTime="2025-07-16T14:17:46.0429593+06:00" testType="13cdc9d9-ddb5-4fa4-a97d-d965ccfc6d4b" outcome="Passed" testListId="8c84fa94-04c1-424b-9868-57a2d4851a1d" relativeResultsDirectory="f128b96b-7b93-49c5-a278-2261b7d2f080" />
    <UnitTestResult executionId="6b02f51e-3ef9-4808-bcd0-969ce95a1778" testId="0640c598-86e1-d39b-346c-8fb772055c00" testName="BlogApp.UnitTests.Validators.RegisterCommandValidatorTests.Validate_WithEmptyFirstName_ShouldFail" computerName="DESKTOP-QSMFJFT" duration="00:00:00.0008215" startTime="2025-07-16T14:17:46.0411252+06:00" endTime="2025-07-16T14:17:46.0411252+06:00" testType="13cdc9d9-ddb5-4fa4-a97d-d965ccfc6d4b" outcome="Passed" testListId="8c84fa94-04c1-424b-9868-57a2d4851a1d" relativeResultsDirectory="6b02f51e-3ef9-4808-bcd0-969ce95a1778" />
    <UnitTestResult executionId="2efbe258-6d56-4f8e-8ffc-989fb74611ac" testId="87f5493e-6320-628f-cff6-7aa2d828debf" testName="BlogApp.UnitTests.Handlers.GetBlogPostBySlugQueryHandlerTests.HandleAsync_WithNonExistentSlug_ShouldReturnNotFoundResponse" computerName="DESKTOP-QSMFJFT" duration="00:00:00.0008917" startTime="2025-07-16T14:17:46.0905815+06:00" endTime="2025-07-16T14:17:46.0905816+06:00" testType="13cdc9d9-ddb5-4fa4-a97d-d965ccfc6d4b" outcome="Passed" testListId="8c84fa94-04c1-424b-9868-57a2d4851a1d" relativeResultsDirectory="2efbe258-6d56-4f8e-8ffc-989fb74611ac" />
    <UnitTestResult executionId="852b6a71-6b60-4e9d-aa32-612d3ca68a28" testId="569aeefe-dabe-45cc-bf18-70f221d7f10c" testName="BlogApp.UnitTests.Validators.RegisterCommandValidatorTests.Validate_WithEmptyPassword_ShouldFail" computerName="DESKTOP-QSMFJFT" duration="00:00:00.0007339" startTime="2025-07-16T14:17:46.0406015+06:00" endTime="2025-07-16T14:17:46.0406015+06:00" testType="13cdc9d9-ddb5-4fa4-a97d-d965ccfc6d4b" outcome="Passed" testListId="8c84fa94-04c1-424b-9868-57a2d4851a1d" relativeResultsDirectory="852b6a71-6b60-4e9d-aa32-612d3ca68a28" />
    <UnitTestResult executionId="34cea20a-84b5-486b-97c9-618208ddea43" testId="f8f92c7a-794a-c275-b0ee-0653e5fa63f7" testName="BlogApp.UnitTests.Validators.CreateBlogPostCommandValidatorTests.Validate_WithLongTitle_ShouldFail" computerName="DESKTOP-QSMFJFT" duration="00:00:00.0008490" startTime="2025-07-16T14:17:46.0408947+06:00" endTime="2025-07-16T14:17:46.0408948+06:00" testType="13cdc9d9-ddb5-4fa4-a97d-d965ccfc6d4b" outcome="Passed" testListId="8c84fa94-04c1-424b-9868-57a2d4851a1d" relativeResultsDirectory="34cea20a-84b5-486b-97c9-618208ddea43" />
    <UnitTestResult executionId="411b90b3-fe3c-4182-9151-0e800c0db2b6" testId="34368258-c20a-82b7-6f27-288a7678ecb0" testName="BlogApp.UnitTests.Handlers.SearchPostsQueryHandlerTests.HandleAsync_WithPaging_ShouldReturnPagedResults" computerName="DESKTOP-QSMFJFT" duration="00:00:00.0912196" startTime="2025-07-16T14:17:46.0938902+06:00" endTime="2025-07-16T14:17:46.0938903+06:00" testType="13cdc9d9-ddb5-4fa4-a97d-d965ccfc6d4b" outcome="Failed" testListId="8c84fa94-04c1-424b-9868-57a2d4851a1d" relativeResultsDirectory="411b90b3-fe3c-4182-9151-0e800c0db2b6">
      <Output>
        <ErrorInfo>
          <Message>System.NullReferenceException : Object reference not set to an instance of an object.</Message>
          <StackTrace>   at BlogApp.UnitTests.Handlers.SearchPostsQueryHandlerTests.HandleAsync_WithPaging_ShouldReturnPagedResults() in D:\GitHub\Clean-Architecture\Tests\BlogApp.UnitTests\Handlers\SearchPostsQueryHandlerTests.cs:line 90&#xD;
--- End of stack trace from previous location ---</StackTrace>
        </ErrorInfo>
      </Output>
    </UnitTestResult>
    <UnitTestResult executionId="a2fde032-502c-4411-8983-a6505b91cc04" testId="ff5567ce-980f-90fd-8252-7b1fc7829d00" testName="BlogApp.UnitTests.CQRS.MediatorTests.SendAsync_WithNullQuery_ShouldThrowException" computerName="DESKTOP-QSMFJFT" duration="00:00:00.0159567" startTime="2025-07-16T14:17:46.0317880+06:00" endTime="2025-07-16T14:17:46.0318023+06:00" testType="13cdc9d9-ddb5-4fa4-a97d-d965ccfc6d4b" outcome="Failed" testListId="8c84fa94-04c1-424b-9868-57a2d4851a1d" relativeResultsDirectory="a2fde032-502c-4411-8983-a6505b91cc04">
      <Output>
        <ErrorInfo>
          <Message>Assert.Throws() Failure: Exception type was not an exact match&#xD;
Expected: typeof(System.ArgumentNullException)&#xD;
Actual:   typeof(System.InvalidOperationException)&#xD;
---- System.InvalidOperationException : Request must implement either ICommand&lt;BaseResponse`1&gt; or IQuery&lt;BaseResponse`1&gt;</Message>
          <StackTrace>   at BlogApp.UnitTests.CQRS.MediatorTests.SendAsync_WithNullQuery_ShouldThrowException() in D:\GitHub\Clean-Architecture\Tests\BlogApp.UnitTests\CQRS\MediatorTests.cs:line 112&#xD;
--- End of stack trace from previous location ---&#xD;
----- Inner Stack Trace -----&#xD;
   at BlogApp.API.Application.CQRS.Mediator.SendAsync[TRequest,TResponse](TRequest request, CancellationToken cancellationToken) in D:\GitHub\Clean-Architecture\BlogApp.API\Application\CQRS\Mediator.cs:line 27</StackTrace>
        </ErrorInfo>
      </Output>
    </UnitTestResult>
    <UnitTestResult executionId="d7b10996-1b79-4636-b6cf-238f092a4bc7" testId="be20f3ae-7efd-18ed-81da-6de0865072cb" testName="BlogApp.UnitTests.Validators.LoginCommandValidatorTests.Validate_WithEmptyPassword_ShouldFail" computerName="DESKTOP-QSMFJFT" duration="00:00:00.0282711" startTime="2025-07-16T14:17:46.0389954+06:00" endTime="2025-07-16T14:17:46.0389954+06:00" testType="13cdc9d9-ddb5-4fa4-a97d-d965ccfc6d4b" outcome="Passed" testListId="8c84fa94-04c1-424b-9868-57a2d4851a1d" relativeResultsDirectory="d7b10996-1b79-4636-b6cf-238f092a4bc7" />
    <UnitTestResult executionId="19e931a9-97ab-41cd-8d4f-bfb5a9635c00" testId="d589b7b1-a4b1-13f2-7883-0a8118c5df4e" testName="BlogApp.UnitTests.Handlers.GetBlogPostsQueryHandlerTests.HandleAsync_WithNoBlogPosts_ShouldReturnEmptyList" computerName="DESKTOP-QSMFJFT" duration="00:00:00.0016884" startTime="2025-07-16T14:17:46.0944603+06:00" endTime="2025-07-16T14:17:46.0944605+06:00" testType="13cdc9d9-ddb5-4fa4-a97d-d965ccfc6d4b" outcome="Passed" testListId="8c84fa94-04c1-424b-9868-57a2d4851a1d" relativeResultsDirectory="19e931a9-97ab-41cd-8d4f-bfb5a9635c00" />
    <UnitTestResult executionId="bc8b8606-9a1f-4a2f-afbd-1a62880f66d3" testId="848d7884-979a-627e-fa45-a16820e056c8" testName="BlogApp.UnitTests.Handlers.GetCategoriesQueryHandlerTests.HandleAsync_WithValidQuery_ShouldReturnSuccessResponse" computerName="DESKTOP-QSMFJFT" duration="00:00:00.0026437" startTime="2025-07-16T14:17:46.0952876+06:00" endTime="2025-07-16T14:17:46.0952877+06:00" testType="13cdc9d9-ddb5-4fa4-a97d-d965ccfc6d4b" outcome="Passed" testListId="8c84fa94-04c1-424b-9868-57a2d4851a1d" relativeResultsDirectory="bc8b8606-9a1f-4a2f-afbd-1a62880f66d3" />
    <UnitTestResult executionId="ac8a63db-fc14-41ad-b923-7b197dd62cd5" testId="d3414bb3-e51e-260b-d29b-f0718cfe912a" testName="BlogApp.UnitTests.Validators.LoginCommandValidatorTests.Validate_WithInvalidEmailFormat_ShouldFail" computerName="DESKTOP-QSMFJFT" duration="00:00:00.0004470" startTime="2025-07-16T14:17:46.0408650+06:00" endTime="2025-07-16T14:17:46.0408650+06:00" testType="13cdc9d9-ddb5-4fa4-a97d-d965ccfc6d4b" outcome="Passed" testListId="8c84fa94-04c1-424b-9868-57a2d4851a1d" relativeResultsDirectory="ac8a63db-fc14-41ad-b923-7b197dd62cd5" />
    <UnitTestResult executionId="4b7303f8-f60f-4c27-8e86-c73bda5279e6" testId="42f0b133-d52b-870c-7b77-ff2ee15a9e2b" testName="BlogApp.UnitTests.Validators.RegisterCommandValidatorTests.Validate_WithEmptyUserName_ShouldFail" computerName="DESKTOP-QSMFJFT" duration="00:00:00.0004611" startTime="2025-07-16T14:17:46.0424148+06:00" endTime="2025-07-16T14:17:46.0424148+06:00" testType="13cdc9d9-ddb5-4fa4-a97d-d965ccfc6d4b" outcome="Passed" testListId="8c84fa94-04c1-424b-9868-57a2d4851a1d" relativeResultsDirectory="4b7303f8-f60f-4c27-8e86-c73bda5279e6" />
    <UnitTestResult executionId="b019dd2e-94a2-45c8-9021-4e71896188a6" testId="fca994dc-a22d-0585-a1a8-286bb6371018" testName="BlogApp.UnitTests.Validators.GetBlogPostBySlugQueryValidatorTests.Validate_WithShortSlug_ShouldFail" computerName="DESKTOP-QSMFJFT" duration="00:00:00.0269170" startTime="2025-07-16T14:17:46.0623935+06:00" endTime="2025-07-16T14:17:46.0623937+06:00" testType="13cdc9d9-ddb5-4fa4-a97d-d965ccfc6d4b" outcome="Failed" testListId="8c84fa94-04c1-424b-9868-57a2d4851a1d" relativeResultsDirectory="b019dd2e-94a2-45c8-9021-4e71896188a6">
      <Output>
        <ErrorInfo>
          <Message>Expected result.IsValid to be False, but found True.</Message>
          <StackTrace>   at FluentAssertions.Execution.LateBoundTestFramework.Throw(String message)&#xD;
   at FluentAssertions.Execution.DefaultAssertionStrategy.HandleFailure(String message)&#xD;
   at FluentAssertions.Execution.AssertionScope.AddPreFormattedFailure(String formattedFailureMessage)&#xD;
   at FluentAssertions.Execution.AssertionChain.FailWith(Func`1 getFailureReason)&#xD;
   at FluentAssertions.Execution.AssertionChain.FailWith(Func`1 getFailureReason)&#xD;
   at FluentAssertions.Execution.AssertionChain.FailWith(String message, Object[] args)&#xD;
   at FluentAssertions.Primitives.BooleanAssertions`1.BeFalse(String because, Object[] becauseArgs)&#xD;
   at BlogApp.UnitTests.Validators.GetBlogPostBySlugQueryValidatorTests.Validate_WithShortSlug_ShouldFail() in D:\GitHub\Clean-Architecture\Tests\BlogApp.UnitTests\Validators\GetBlogPostBySlugQueryValidatorTests.cs:line 78&#xD;
   at System.RuntimeMethodHandle.InvokeMethod(Object target, Void** arguments, Signature sig, Boolean isConstructor)&#xD;
   at System.Reflection.MethodBaseInvoker.InvokeWithNoArgs(Object obj, BindingFlags invokeAttr)</StackTrace>
        </ErrorInfo>
      </Output>
    </UnitTestResult>
    <UnitTestResult executionId="3da7f382-9a0e-4041-b913-c473bd69920f" testId="6c385c8f-7567-4a78-bead-e7b91aef176f" testName="BlogApp.UnitTests.Repositories.CommandRepositoryTests.GetByIdAsync_WithExistingId_ShouldReturnEntity" computerName="DESKTOP-QSMFJFT" duration="00:00:00.0022542" startTime="2025-07-16T14:17:46.4807516+06:00" endTime="2025-07-16T14:17:46.4807520+06:00" testType="13cdc9d9-ddb5-4fa4-a97d-d965ccfc6d4b" outcome="Passed" testListId="8c84fa94-04c1-424b-9868-57a2d4851a1d" relativeResultsDirectory="3da7f382-9a0e-4041-b913-c473bd69920f" />
    <UnitTestResult executionId="ce7732a5-55b5-405c-9656-32341971ccc5" testId="442cbb7c-dff6-64dc-3837-94ddf065a120" testName="BlogApp.UnitTests.Handlers.GetBlogPostsQueryHandlerTests.HandleAsync_WithValidQuery_ShouldReturnSuccessResponse" computerName="DESKTOP-QSMFJFT" duration="00:00:00.0869221" startTime="2025-07-16T14:17:46.0890736+06:00" endTime="2025-07-16T14:17:46.0890737+06:00" testType="13cdc9d9-ddb5-4fa4-a97d-d965ccfc6d4b" outcome="Passed" testListId="8c84fa94-04c1-424b-9868-57a2d4851a1d" relativeResultsDirectory="ce7732a5-55b5-405c-9656-32341971ccc5" />
    <UnitTestResult executionId="3bbeec7e-29f4-4691-a076-7619a43c8394" testId="bac9cf5f-b542-4249-e409-f3c47dcd2750" testName="BlogApp.UnitTests.Factories.UnitOfWorkFactoryTests.CreateQueryUnitOfWork_ShouldReturnQueryUnitOfWork" computerName="DESKTOP-QSMFJFT" duration="00:00:00.0001759" startTime="2025-07-16T14:17:46.0821158+06:00" endTime="2025-07-16T14:17:46.0821159+06:00" testType="13cdc9d9-ddb5-4fa4-a97d-d965ccfc6d4b" outcome="Failed" testListId="8c84fa94-04c1-424b-9868-57a2d4851a1d" relativeResultsDirectory="3bbeec7e-29f4-4691-a076-7619a43c8394">
      <Output>
        <ErrorInfo>
          <Message>System.NotSupportedException : Unsupported expression: x =&gt; x.GetConnectionString("QueryConnection")&#xD;
Extension methods (here: ConfigurationExtensions.GetConnectionString) may not be used in setup / verification expressions.</Message>
          <StackTrace>   at Moq.Guard.IsOverridable(MethodInfo method, Expression expression) in /_/src/Moq/Guard.cs:line 87&#xD;
   at Moq.MethodExpectation..ctor(LambdaExpression expression, MethodInfo method, IReadOnlyList`1 arguments, Boolean exactGenericTypeArguments, Boolean skipMatcherInitialization, Boolean allowNonOverridable) in /_/src/Moq/MethodExpectation.cs:line 87&#xD;
   at Moq.ExpressionExtensions.&lt;Split&gt;g__Split|5_0(Expression e, Expression&amp; r, MethodExpectation&amp; p, Boolean assignment, Boolean allowNonOverridableLastProperty) in /_/src/Moq/ExpressionExtensions.cs:line 235&#xD;
   at Moq.ExpressionExtensions.Split(LambdaExpression expression, Boolean allowNonOverridableLastProperty) in /_/src/Moq/ExpressionExtensions.cs:line 149&#xD;
   at Moq.Mock.SetupRecursive[TSetup](Mock mock, LambdaExpression expression, Func`4 setupLast, Boolean allowNonOverridableLastProperty) in /_/src/Moq/Mock.cs:line 645&#xD;
   at Moq.Mock.Setup(Mock mock, LambdaExpression expression, Condition condition) in /_/src/Moq/Mock.cs:line 500&#xD;
   at Moq.Mock`1.Setup[TResult](Expression`1 expression) in /_/src/Moq/Mock`1.cs:line 452&#xD;
   at BlogApp.UnitTests.Factories.UnitOfWorkFactoryTests.SetupConfigurationForQueryDb() in D:\GitHub\Clean-Architecture\Tests\BlogApp.UnitTests\Factories\UnitOfWorkFactoryTests.cs:line 112&#xD;
   at BlogApp.UnitTests.Factories.UnitOfWorkFactoryTests.CreateQueryUnitOfWork_ShouldReturnQueryUnitOfWork() in D:\GitHub\Clean-Architecture\Tests\BlogApp.UnitTests\Factories\UnitOfWorkFactoryTests.cs:line 36&#xD;
   at System.RuntimeMethodHandle.InvokeMethod(Object target, Void** arguments, Signature sig, Boolean isConstructor)&#xD;
   at System.Reflection.MethodBaseInvoker.InvokeWithNoArgs(Object obj, BindingFlags invokeAttr)</StackTrace>
        </ErrorInfo>
      </Output>
    </UnitTestResult>
    <UnitTestResult executionId="2de3aa43-0f00-4a15-a8d4-532a690eece5" testId="d0b8071c-52fd-94fe-b4b5-a7cb029c9853" testName="BlogApp.UnitTests.Services.AuthServiceTests.LoginAsync_WithValidCredentials_ShouldReturnSuccessResponse" computerName="DESKTOP-QSMFJFT" duration="00:00:00.0044243" startTime="2025-07-16T14:17:46.1071465+06:00" endTime="2025-07-16T14:17:46.1071468+06:00" testType="13cdc9d9-ddb5-4fa4-a97d-d965ccfc6d4b" outcome="Failed" testListId="8c84fa94-04c1-424b-9868-57a2d4851a1d" relativeResultsDirectory="2de3aa43-0f00-4a15-a8d4-532a690eece5">
      <Output>
        <ErrorInfo>
          <Message>System.ArgumentNullException : Value cannot be null. (Parameter 's')</Message>
          <StackTrace>   at System.ArgumentNullException.Throw(String paramName)&#xD;
   at System.Text.Encoding.GetBytes(String s)&#xD;
   at BlogApp.API.Infrastructure.Services.AuthService.GenerateJwtTokenAsync(ApplicationUser user) in D:\GitHub\Clean-Architecture\BlogApp.API\Infrastructure\Services\AuthService.cs:line 104&#xD;
   at BlogApp.API.Infrastructure.Services.AuthService.LoginAsync(String email, String password) in D:\GitHub\Clean-Architecture\BlogApp.API\Infrastructure\Services\AuthService.cs:line 31&#xD;
   at BlogApp.UnitTests.Services.AuthServiceTests.LoginAsync_WithValidCredentials_ShouldReturnSuccessResponse() in D:\GitHub\Clean-Architecture\Tests\BlogApp.UnitTests\Services\AuthServiceTests.cs:line 50&#xD;
--- End of stack trace from previous location ---</StackTrace>
        </ErrorInfo>
      </Output>
    </UnitTestResult>
[...]
[xUnit.net 00:00:00.19]       Stack Trace:&#xD;
[xUnit.net 00:00:00.19]         D:\GitHub\Clean-Architecture\BlogApp.API\Application\Features\Blog\Queries\GetBlogPostBySlugQuery.cs(19,0): at BlogApp.API.Application.Features.Blog.Queries.GetBlogPostBySlugQueryHandler.HandleAsync(GetBlogPostBySlugQuery query, CancellationToken cancellationToken)&#xD;
[xUnit.net 00:00:00.19]         D:\GitHub\Clean-Architecture\Tests\BlogApp.UnitTests\Handlers\GetBlogPostBySlugQueryHandlerTests.cs(101,0): at BlogApp.UnitTests.Handlers.GetBlogPostBySlugQueryHandlerTests.HandleAsync_WithNullSlug_ShouldReturnValidationError()&#xD;
[xUnit.net 00:00:00.19]         --- End of stack trace from previous location ---&#xD;
[xUnit.net 00:00:00.19]       System.NullReferenceException : Object reference not set to an instance of an object.&#xD;
[xUnit.net 00:00:00.19]       Stack Trace:&#xD;
[xUnit.net 00:00:00.19]         D:\GitHub\Clean-Architecture\BlogApp.API\Application\Features\Blog\Queries\GetBlogPostBySlugQuery.cs(19,0): at BlogApp.API.Application.Features.Blog.Queries.GetBlogPostBySlugQueryHandler.HandleAsync(GetBlogPostBySlugQuery query, CancellationToken cancellationToken)&#xD;
[xUnit.net 00:00:00.19]         D:\GitHub\Clean-Architecture\Tests\BlogApp.UnitTests\Handlers\GetBlogPostBySlugQueryHandlerTests.cs(85,0): at BlogApp.UnitTests.Handlers.GetBlogPostBySlugQueryHandlerTests.HandleAsync_WithEmptySlug_ShouldReturnValidationError()&#xD;
[xUnit.net 00:00:00.19]         --- End of stack trace from previous location ---&#xD;
[xUnit.net 00:00:00.19]       Expected result.Data!.Count to be 5, but found 15 (difference of 10).&#xD;
[xUnit.net 00:00:00.19]       Stack Trace:&#xD;
[xUnit.net 00:00:00.19]            at FluentAssertions.Execution.LateBoundTestFramework.Throw(String message)&#xD;
[xUnit.net 00:00:00.19]            at FluentAssertions.Execution.DefaultAssertionStrategy.HandleFailure(String message)&#xD;
[xUnit.net 00:00:00.19]            at FluentAssertions.Execution.AssertionScope.AddPreFormattedFailure(String formattedFailureMessage)&#xD;
[xUnit.net 00:00:00.19]            at FluentAssertions.Execution.AssertionChain.FailWith(Func`1 getFailureReason)&#xD;
[xUnit.net 00:00:00.19]            at FluentAssertions.Execution.AssertionChain.FailWith(Func`1 getFailureReason)&#xD;
[xUnit.net 00:00:00.19]            at FluentAssertions.Execution.AssertionChain.FailWith(String message, Object[] args)&#xD;
[xUnit.net 00:00:00.19]            at FluentAssertions.Numeric.NumericAssertionsBase`3.Be(T expected, String because, Object[] becauseArgs)&#xD;
[xUnit.net 00:00:00.19]         D:\GitHub\Clean-Architecture\Tests\BlogApp.UnitTests\Handlers\GetBlogPostsQueryHandlerTests.cs(103,0): at BlogApp.UnitTests.Handlers.GetBlogPostsQueryHandlerTests.HandleAsync_WithPagination_ShouldReturnPaginatedResults()&#xD;
[xUnit.net 00:00:00.19]         --- End of stack trace from previous location ---&#xD;
[xUnit.net 00:00:00.19]       System.NullReferenceException : Object reference not set to an instance of an object.&#xD;
[xUnit.net 00:00:00.19]       Stack Trace:&#xD;
[xUnit.net 00:00:00.19]         D:\GitHub\Clean-Architecture\BlogApp.API\Application\Features\Blog\Queries\GetBlogPostsQuery.cs(26,0): at BlogApp.API.Application.Features.Blog.Queries.GetBlogPostsQueryHandler.HandleAsync(GetBlogPostsQuery query, CancellationToken cancellationToken)&#xD;
[xUnit.net 00:00:00.19]         D:\GitHub\Clean-Architecture\Tests\BlogApp.UnitTests\Handlers\GetBlogPostsQueryHandlerTests.cs(137,0): at BlogApp.UnitTests.Handlers.GetBlogPostsQueryHandlerTests.HandleAsync_WithInvalidPage_ShouldReturnValidationError()&#xD;
[xUnit.net 00:00:00.19]         --- End of stack trace from previous location ---&#xD;
[xUnit.net 00:00:00.19]       System.NullReferenceException : Object reference not set to an instance of an object.&#xD;
[xUnit.net 00:00:00.19]       Stack Trace:&#xD;
[xUnit.net 00:00:00.19]         D:\GitHub\Clean-Architecture\Tests\BlogApp.UnitTests\Handlers\SearchPostsQueryHandlerTests.cs(90,0): at BlogApp.UnitTests.Handlers.SearchPostsQueryHandlerTests.HandleAsync_WithPaging_ShouldReturnPagedResults()&#xD;
[xUnit.net 00:00:00.19]         --- End of stack trace from previous location ---&#xD;
[xUnit.net 00:00:00.20]       System.NullReferenceException : Object reference not set to an instance of an object.&#xD;
[xUnit.net 00:00:00.20]       Stack Trace:&#xD;
[xUnit.net 00:00:00.20]         D:\GitHub\Clean-Architecture\BlogApp.API\Application\Features\Blog\Queries\GetBlogPostsQuery.cs(26,0): at BlogApp.API.Application.Features.Blog.Queries.GetBlogPostsQueryHandler.HandleAsync(GetBlogPostsQuery query, CancellationToken cancellationToken)&#xD;
[xUnit.net 00:00:00.20]         D:\GitHub\Clean-Architecture\Tests\BlogApp.UnitTests\Handlers\GetBlogPostsQueryHandlerTests.cs(153,0): at BlogApp.UnitTests.Handlers.GetBlogPostsQueryHandlerTests.HandleAsync_WithInvalidPageSize_ShouldReturnValidationError()&#xD;
[xUnit.net 00:00:00.20]         --- End of stack trace from previous location ---&#xD;
[xUnit.net 00:00:00.20]       System.NullReferenceException : Object reference not set to an instance of an object.&#xD;
[xUnit.net 00:00:00.20]       Stack Trace:&#xD;
[xUnit.net 00:00:00.20]         D:\GitHub\Clean-Architecture\BlogApp.API\Application\Features\Comment\Queries\GetCommentsQuery.cs(24,0): at BlogApp.API.Application.Features.Comment.Queries.GetCommentsQueryHandler.HandleAsync(GetCommentsQuery query, CancellationToken cancellationToken)&#xD;
[xUnit.net 00:00:00.20]         D:\GitHub\Clean-Architecture\Tests\BlogApp.UnitTests\Handlers\GetCommentsQueryHandlerTests.cs(94,0): at BlogApp.UnitTests.Handlers.GetCommentsQueryHandlerTests.HandleAsync_WithNoComments_ShouldReturnEmptyList()&#xD;
[xUnit.net 00:00:00.20]         --- End of stack trace from previous location ---&#xD;
[xUnit.net 00:00:00.20]       Expected result.Data!.Count to be 1, but found 2.&#xD;
[xUnit.net 00:00:00.20]       Stack Trace:&#xD;
[xUnit.net 00:00:00.20]            at FluentAssertions.Execution.LateBoundTestFramework.Throw(String message)&#xD;
[xUnit.net 00:00:00.20]            at FluentAssertions.Execution.DefaultAssertionStrategy.HandleFailure(String message)&#xD;
[xUnit.net 00:00:00.20]            at FluentAssertions.Execution.AssertionScope.AddPreFormattedFailure(String formattedFailureMessage)&#xD;
[xUnit.net 00:00:00.20]            at FluentAssertions.Execution.AssertionChain.FailWith(Func`1 getFailureReason)&#xD;
[xUnit.net 00:00:00.20]            at FluentAssertions.Execution.AssertionChain.FailWith(Func`1 getFailureReason)&#xD;
[xUnit.net 00:00:00.20]            at FluentAssertions.Execution.AssertionChain.FailWith(String message, Object[] args)&#xD;
[xUnit.net 00:00:00.20]            at FluentAssertions.Numeric.NumericAssertionsBase`3.Be(T expected, String because, Object[] becauseArgs)&#xD;
[xUnit.net 00:00:00.20]         D:\GitHub\Clean-Architecture\Tests\BlogApp.UnitTests\Handlers\SearchPostsQueryHandlerTests.cs(40,0): at BlogApp.UnitTests.Handlers.SearchPostsQueryHandlerTests.HandleAsync_WithMatchingPosts_ShouldReturnFilteredResults()&#xD;
[xUnit.net 00:00:00.20]         --- End of stack trace from previous location ---&#xD;
[xUnit.net 00:00:00.20]       System.NullReferenceException : Object reference not set to an instance of an object.&#xD;
[xUnit.net 00:00:00.20]       Stack Trace:&#xD;
[xUnit.net 00:00:00.20]         D:\GitHub\Clean-Architecture\BlogApp.API\Application\Features\Comment\Queries\GetCommentsQuery.cs(24,0): at BlogApp.API.Application.Features.Comment.Queries.GetCommentsQueryHandler.HandleAsync(GetCommentsQuery query, CancellationToken cancellationToken)&#xD;
[xUnit.net 00:00:00.20]         D:\GitHub\Clean-Architecture\Tests\BlogApp.UnitTests\Handlers\GetCommentsQueryHandlerTests.cs(61,0): at BlogApp.UnitTests.Handlers.GetCommentsQueryHandlerTests.HandleAsync_WithValidBlogPostId_ShouldReturnSuccessResponse()&#xD;
[xUnit.net 00:00:00.20]         --- End of stack trace from previous location ---&#xD;
[xUnit.net 00:00:00.21]       System.ArgumentNullException : Value cannot be null. (Parameter 's')&#xD;
[xUnit.net 00:00:00.21]       Stack Trace:&#xD;
[xUnit.net 00:00:00.21]            at System.ArgumentNullException.Throw(String paramName)&#xD;
[xUnit.net 00:00:00.21]            at System.Text.Encoding.GetBytes(String s)&#xD;
[xUnit.net 00:00:00.21]         D:\GitHub\Clean-Architecture\BlogApp.API\Infrastructure\Services\AuthService.cs(104,0): at BlogApp.API.Infrastructure.Services.AuthService.GenerateJwtTokenAsync(ApplicationUser user)&#xD;
[xUnit.net 00:00:00.21]         D:\GitHub\Clean-Architecture\BlogApp.API\Infrastructure\Services\AuthService.cs(31,0): at BlogApp.API.Infrastructure.Services.AuthService.LoginAsync(String email, String password)&#xD;
[xUnit.net 00:00:00.21]         D:\GitHub\Clean-Architecture\Tests\BlogApp.UnitTests\Services\AuthServiceTests.cs(50,0): at BlogApp.UnitTests.Services.AuthServiceTests.LoginAsync_WithValidCredentials_ShouldReturnSuccessResponse()&#xD;
[xUnit.net 00:00:00.21]         --- End of stack trace from previous location ---&#xD;
[xUnit.net 00:00:00.41]       System.ObjectDisposedException : Cannot access a disposed context instance. A common cause of this error is disposing a context instance that was resolved from dependency injection and then later trying to use the same context instance elsewhere in your application. This may occur if you are calling 'Dispose' on the context instance, or wrapping it in a using statement. If you are using dependency injection, you should let the dependency injection container take care of disposing context instances.&#xD;
[xUnit.net 00:00:00.41]       Object name: 'QueryDbContext'.&#xD;
[xUnit.net 00:00:00.41]       Stack Trace:&#xD;
[xUnit.net 00:00:00.41]            at Microsoft.EntityFrameworkCore.DbContext.CheckDisposed()&#xD;
[xUnit.net 00:00:00.41]            at Microsoft.EntityFrameworkCore.DbContext.get_Database()&#xD;
[xUnit.net 00:00:00.41]         D:\GitHub\Clean-Architecture\Tests\BlogApp.UnitTests\UnitOfWork\QueryUnitOfWorkTests.cs(112,0): at BlogApp.UnitTests.UnitOfWork.QueryUnitOfWorkTests.Dispose_ShouldDisposeContext()&#xD;
[xUnit.net 00:00:00.41]            at System.RuntimeMethodHandle.InvokeMethod(Object target, Void** arguments, Signature sig, Boolean isConstructor)&#xD;
[xUnit.net 00:00:00.41]            at System.Reflection.MethodBaseInvoker.InvokeWithNoArgs(Object obj, BindingFlags invokeAttr)&#xD;
[xUnit.net 00:00:00.43]       System.InvalidOperationException : Repository for type BlogPost is not registered in the DI container.&#xD;
[xUnit.net 00:00:00.43]       Stack Trace:&#xD;
[xUnit.net 00:00:00.43]         D:\GitHub\Clean-Architecture\BlogApp.API\Infrastructure\Persistence\UnitOfWork\Implementations\QueryUnitOfWork.cs(28,0): at BlogApp.API.Infrastructure.Persistence.UnitOfWork.Implementations.QueryUnitOfWork.Repository[T]()&#xD;
[xUnit.net 00:00:00.43]         D:\GitHub\Clean-Architecture\Tests\BlogApp.UnitTests\UnitOfWork\QueryUnitOfWorkTests.cs(121,0): at BlogApp.UnitTests.UnitOfWork.QueryUnitOfWorkTests.Repository_WithComplexQuery_ShouldWorkCorrectly()&#xD;
[xUnit.net 00:00:00.43]         --- End of stack trace from previous location ---&#xD;
[xUnit.net 00:00:00.58]       System.ObjectDisposedException : Cannot access a disposed context instance. A common cause of this error is disposing a context instance that was resolved from dependency injection and then later trying to use the same context instance elsewhere in your application. This may occur if you are calling 'Dispose' on the context instance, or wrapping it in a using statement. If you are using dependency injection, you should let the dependency injection container take care of disposing context instances.&#xD;
[xUnit.net 00:00:00.58]       Object name: 'CommandDbContext'.&#xD;
[xUnit.net 00:00:00.58]       Stack Trace:&#xD;
[xUnit.net 00:00:00.58]            at Microsoft.EntityFrameworkCore.DbContext.CheckDisposed()&#xD;
[xUnit.net 00:00:00.58]            at Microsoft.EntityFrameworkCore.DbContext.get_Database()&#xD;
[xUnit.net 00:00:00.58]         D:\GitHub\Clean-Architecture\Tests\BlogApp.UnitTests\UnitOfWork\CommandUnitOfWorkTests.cs(153,0): at BlogApp.UnitTests.UnitOfWork.CommandUnitOfWorkTests.Dispose_ShouldDisposeContext()&#xD;
[xUnit.net 00:00:00.58]            at System.RuntimeMethodHandle.InvokeMethod(Object target, Void** arguments, Signature sig, Boolean isConstructor)&#xD;
[xUnit.net 00:00:00.58]            at System.Reflection.MethodBaseInvoker.InvokeWithNoArgs(Object obj, BindingFlags invokeAttr)&#xD;
[xUnit.net 00:00:00.60]   Finished:    BlogApp.UnitTests&#xD;
</StdOut>
    </Output>
    <RunInfos>
      <RunInfo computerName="DESKTOP-QSMFJFT" outcome="Error" timestamp="2025-07-16T14:17:46.0302671+06:00">
        <Text>[xUnit.net 00:00:00.13]     BlogApp.UnitTests.CQRS.MediatorTests.SendAsync_WithNullQuery_ShouldThrowException [FAIL]</Text>
      </RunInfo>
      <RunInfo computerName="DESKTOP-QSMFJFT" outcome="Error" timestamp="2025-07-16T14:17:46.0623378+06:00">
        <Text>[xUnit.net 00:00:00.16]     BlogApp.UnitTests.Validators.GetBlogPostBySlugQueryValidatorTests.Validate_WithShortSlug_ShouldFail [FAIL]</Text>
      </RunInfo>
      <RunInfo computerName="DESKTOP-QSMFJFT" outcome="Error" timestamp="2025-07-16T14:17:46.0633647+06:00">
        <Text>[xUnit.net 00:00:00.16]     BlogApp.UnitTests.Validators.GetBlogPostBySlugQueryValidatorTests.Validate_WithLongSlug_ShouldFail [FAIL]</Text>
      </RunInfo>
      <RunInfo computerName="DESKTOP-QSMFJFT" outcome="Error" timestamp="2025-07-16T14:17:46.0805291+06:00">
        <Text>[xUnit.net 00:00:00.18]     BlogApp.UnitTests.Factories.UnitOfWorkFactoryTests.CreateCommandUnitOfWork_ShouldReturnCommandUnitOfWork [FAIL]</Text>
      </RunInfo>
      <RunInfo computerName="DESKTOP-QSMFJFT" outcome="Error" timestamp="2025-07-16T14:17:46.0814009+06:00">
        <Text>[xUnit.net 00:00:00.18]     BlogApp.UnitTests.Factories.UnitOfWorkFactoryTests.CreateQueryUnitOfWork_ShouldCreateValidContext [FAIL]</Text>
      </RunInfo>
      <RunInfo computerName="DESKTOP-QSMFJFT" outcome="Error" timestamp="2025-07-16T14:17:46.0855294+06:00">
        <Text>[xUnit.net 00:00:00.18]     BlogApp.UnitTests.Factories.UnitOfWorkFactoryTests.CreateCommandUnitOfWork_ShouldCreateValidContext [FAIL]</Text>
      </RunInfo>
      <RunInfo computerName="DESKTOP-QSMFJFT" outcome="Error" timestamp="2025-07-16T14:17:46.0860426+06:00">
        <Text>[xUnit.net 00:00:00.18]     BlogApp.UnitTests.Factories.UnitOfWorkFactoryTests.CreateQueryUnitOfWork_ShouldReturnQueryUnitOfWork [FAIL]</Text>
      </RunInfo>
      <RunInfo computerName="DESKTOP-QSMFJFT" outcome="Error" timestamp="2025-07-16T14:17:46.0865303+06:00">
        <Text>[xUnit.net 00:00:00.18]     BlogApp.UnitTests.Factories.UnitOfWorkFactoryTests.CreateCommandUnitOfWork_WithMultipleCalls_ShouldReturnDifferentInstances [FAIL]</Text>
      </RunInfo>
      <RunInfo computerName="DESKTOP-QSMFJFT" outcome="Error" timestamp="2025-07-16T14:17:46.0870307+06:00">
        <Text>[xUnit.net 00:00:00.18]     BlogApp.UnitTests.Factories.UnitOfWorkFactoryTests.CreateQueryUnitOfWork_WithMultipleCalls_ShouldReturnDifferentInstances [FAIL]</Text>
      </RunInfo>
      <RunInfo computerName="DESKTOP-QSMFJFT" outcome="Error" timestamp="2025-07-16T14:17:46.0875060+06:00">
        <Text>[xUnit.net 00:00:00.18]     BlogApp.UnitTests.Services.BlogServiceTests.GetBlogPostBySlugAsync_WithNonExistentSlug_ShouldReturnNotFoundResponse [FAIL]</Text>
      </RunInfo>
      <RunInfo computerName="DESKTOP-QSMFJFT" outcome="Error" timestamp="2025-07-16T14:17:46.0882314+06:00">
        <Text>[xUnit.net 00:00:00.18]     BlogApp.UnitTests.CQRS.MediatorTests.SendAsync_WithNullCommand_ShouldThrowException [FAIL]</Text>
      </RunInfo>
      <RunInfo computerName="DESKTOP-QSMFJFT" outcome="Error" timestamp="2025-07-16T14:17:46.0946686+06:00">
        <Text>[xUnit.net 00:00:00.19]     BlogApp.UnitTests.Handlers.GetCommentsQueryHandlerTests.HandleAsync_WithInvalidBlogPostId_ShouldReturnValidationError [FAIL]</Text>
      </RunInfo>
      <RunInfo computerName="DESKTOP-QSMFJFT" outcome="Error" timestamp="2025-07-16T14:17:46.0960597+06:00">
        <Text>[xUnit.net 00:00:00.19]     BlogApp.UnitTests.Handlers.GetBlogPostBySlugQueryHandlerTests.HandleAsync_WithNullSlug_ShouldReturnValidationError [FAIL]</Text>
      </RunInfo>
      <RunInfo computerName="DESKTOP-QSMFJFT" outcome="Error" timestamp="2025-07-16T14:17:46.0971700+06:00">
        <Text>[xUnit.net 00:00:00.19]     BlogApp.UnitTests.Handlers.GetBlogPostBySlugQueryHandlerTests.HandleAsync_WithEmptySlug_ShouldReturnValidationError [FAIL]</Text>
      </RunInfo>
      <RunInfo computerName="DESKTOP-QSMFJFT" outcome="Error" timestamp="2025-07-16T14:17:46.0974695+06:00">
        <Text>[xUnit.net 00:00:00.19]     BlogApp.UnitTests.Handlers.GetBlogPostsQueryHandlerTests.HandleAsync_WithPagination_ShouldReturnPaginatedResults [FAIL]</Text>
      </RunInfo>
      <RunInfo computerName="DESKTOP-QSMFJFT" outcome="Error" timestamp="2025-07-16T14:17:46.0992469+06:00">
        <Text>[xUnit.net 00:00:00.19]     BlogApp.UnitTests.Handlers.GetBlogPostsQueryHandlerTests.HandleAsync_WithInvalidPage_ShouldReturnValidationError [FAIL]</Text>
      </RunInfo>
      <RunInfo computerName="DESKTOP-QSMFJFT" outcome="Error" timestamp="2025-07-16T14:17:46.0995014+06:00">
        <Text>[xUnit.net 00:00:00.19]     BlogApp.UnitTests.Handlers.SearchPostsQueryHandlerTests.HandleAsync_WithPaging_ShouldReturnPagedResults [FAIL]</Text>
      </RunInfo>
      <RunInfo computerName="DESKTOP-QSMFJFT" outcome="Error" timestamp="2025-07-16T14:17:46.1009423+06:00">
        <Text>[xUnit.net 00:00:00.20]     BlogApp.UnitTests.Handlers.GetBlogPostsQueryHandlerTests.HandleAsync_WithInvalidPageSize_ShouldReturnValidationError [FAIL]</Text>
      </RunInfo>
      <RunInfo computerName="DESKTOP-QSMFJFT" outcome="Error" timestamp="2025-07-16T14:17:46.1012012+06:00">
        <Text>[xUnit.net 00:00:00.20]     BlogApp.UnitTests.Handlers.GetCommentsQueryHandlerTests.HandleAsync_WithNoComments_ShouldReturnEmptyList [FAIL]</Text>
      </RunInfo>
      <RunInfo computerName="DESKTOP-QSMFJFT" outcome="Error" timestamp="2025-07-16T14:17:46.1030933+06:00">
        <Text>[xUnit.net 00:00:00.20]     BlogApp.UnitTests.Handlers.SearchPostsQueryHandlerTests.HandleAsync_WithMatchingPosts_ShouldReturnFilteredResults [FAIL]</Text>
      </RunInfo>
      <RunInfo computerName="DESKTOP-QSMFJFT" outcome="Error" timestamp="2025-07-16T14:17:46.1034290+06:00">
        <Text>[xUnit.net 00:00:00.20]     BlogApp.UnitTests.Handlers.GetCommentsQueryHandlerTests.HandleAsync_WithValidBlogPostId_ShouldReturnSuccessResponse [FAIL]</Text>
      </RunInfo>
      <RunInfo computerName="DESKTOP-QSMFJFT" outcome="Error" timestamp="2025-07-16T14:17:46.1069771+06:00">
        <Text>[xUnit.net 00:00:00.21]     BlogApp.UnitTests.Services.AuthServiceTests.LoginAsync_WithValidCredentials_ShouldReturnSuccessResponse [FAIL]</Text>
      </RunInfo>
      <RunInfo computerName="DESKTOP-QSMFJFT" outcome="Error" timestamp="2025-07-16T14:17:46.3138510+06:00">
        <Text>[xUnit.net 00:00:00.41]     BlogApp.UnitTests.UnitOfWork.QueryUnitOfWorkTests.Dispose_ShouldDisposeContext [FAIL]</Text>
      </RunInfo>
      <RunInfo computerName="DESKTOP-QSMFJFT" outcome="Error" timestamp="2025-07-16T14:17:46.3318958+06:00">
        <Text>[xUnit.net 00:00:00.43]     BlogApp.UnitTests.UnitOfWork.QueryUnitOfWorkTests.Repository_WithComplexQuery_ShouldWorkCorrectly [FAIL]</Text>
      </RunInfo>
      <RunInfo computerName="DESKTOP-QSMFJFT" outcome="Error" timestamp="2025-07-16T14:17:46.4783263+06:00">
        <Text>[xUnit.net 00:00:00.58]     BlogApp.UnitTests.UnitOfWork.CommandUnitOfWorkTests.Dispose_ShouldDisposeContext [FAIL]</Text>
      </RunInfo>
    </RunInfos>
  </ResultSummary>
</TestRun>